Base path: D:/Unity/Editor/Data
Pipe name: \\.\pipe\UnityShaderCompiler-64bit-2-39624
Cmd: getPlatforms
Cmd: compileSnippet
  api=4 type=0 insize=7139 outsize=3191 kw=DIRECTIONAL SHADOWS_OFF LIGHTMAP_OFF DIRLIGHTMAP_COMBINED DYNAMICLIGHTMAP_ON FOG_EXP VERTEXLIGHT_ON pd= ok=1
Cmd: compileSnippet
  api=1 type=0 insize=7139 outsize=691 kw=DIRECTIONAL SHADOWS_SCREEN LIGHTMAP_OFF DIRLIGHTMAP_COMBINED DYNAMICLIGHTMAP_ON FOG_EXP VERTEXLIGHT_ON pd= ok=1
Cmd: compileSnippet
  api=8 type=0 insize=7139 outsize=6630 kw=DIRECTIONAL SHADOWS_SCREEN SHADOWS_NATIVE LIGHTMAP_OFF DIRLIGHTMAP_OFF DYNAMICLIGHTMAP_OFF FOG_EXP pd=UNITY_NO_SCREENSPACE_SHADOWS UNITY_NO_LINEAR_COLORSPACE ok=1
Cmd: compileSnippet
  api=4 type=1 insize=7139 outsize=2598 kw=DIRECTIONAL SHADOWS_OFF LIGHTMAP_OFF DIRLIGHTMAP_OFF DYNAMICLIGHTMAP_OFF FOG_EXP pd= ok=1
Cmd: compileSnippet
  api=4 type=1 insize=7139 outsize=3541 kw=DIRECTIONAL SHADOWS_OFF LIGHTMAP_OFF DIRLIGHTMAP_COMBINED DYNAMICLIGHTMAP_ON FOG_EXP pd= ok=1
Cmd: compileSnippet
  api=1 type=1 insize=7139 outsize=1152 kw=DIRECTIONAL SHADOWS_SCREEN LIGHTMAP_OFF DIRLIGHTMAP_COMBINED DYNAMICLIGHTMAP_ON FOG_EXP pd= ok=1
Cmd: compileSnippet
  api=4 type=0 insize=3868 outsize=3013 kw=POINT FOG_EXP pd= ok=1
Cmd: compileSnippet
  api=1 type=0 insize=3868 outsize=393 kw=SPOT FOG_EXP pd= ok=1
Cmd: compileSnippet
  api=1 type=0 insize=3868 outsize=393 kw=POINT_COOKIE FOG_EXP pd= ok=1
Cmd: compileSnippet
  api=8 type=0 insize=3868 outsize=4233 kw=POINT_COOKIE FOG_EXP pd=UNITY_NO_SCREENSPACE_SHADOWS UNITY_NO_LINEAR_COLORSPACE ok=1
Cmd: compileSnippet
  api=8 type=1 insize=3868 outsize=4453 kw=POINT FOG_EXP pd=UNITY_NO_SCREENSPACE_SHADOWS UNITY_NO_LINEAR_COLORSPACE ok=1
Cmd: compileSnippet
  api=4 type=1 insize=3868 outsize=3557 kw=SPOT FOG_EXP pd= ok=1
Cmd: compileSnippet
  api=4 type=1 insize=3868 outsize=3216 kw=POINT_COOKIE FOG_EXP pd= ok=1
Cmd: compileSnippet
  api=1 type=1 insize=3868 outsize=673 kw=DIRECTIONAL_COOKIE FOG_EXP pd= ok=1
Cmd: compileSnippet
  api=8 type=1 insize=3868 outsize=4128 kw=DIRECTIONAL_COOKIE FOG_EXP pd=UNITY_NO_SCREENSPACE_SHADOWS UNITY_NO_LINEAR_COLORSPACE ok=1
Cmd: compileSnippet
  api=4 type=0 insize=6052 outsize=4296 kw=LIGHTMAP_OFF DIRLIGHTMAP_OFF DYNAMICLIGHTMAP_OFF FOG_EXP HDR_LIGHT_PREPASS_OFF pd= ok=1
Cmd: compileSnippet
  api=4 type=0 insize=6052 outsize=4394 kw=LIGHTMAP_OFF DIRLIGHTMAP_COMBINED DYNAMICLIGHTMAP_ON FOG_EXP HDR_LIGHT_PREPASS_OFF pd= ok=1
Cmd: compileSnippet
  api=1 type=0 insize=6052 outsize=896 kw=LIGHTMAP_OFF DIRLIGHTMAP_COMBINED DYNAMICLIGHTMAP_ON FOG_EXP UNITY_HDR_ON pd= ok=1
Cmd: compileSnippet
  api=1 type=1 insize=6052 outsize=419 kw=LIGHTMAP_OFF DIRLIGHTMAP_OFF DYNAMICLIGHTMAP_OFF FOG_EXP HDR_LIGHT_PREPASS_OFF pd= ok=1
Cmd: compileSnippet
  api=8 type=1 insize=6052 outsize=2633 kw=LIGHTMAP_OFF DIRLIGHTMAP_OFF DYNAMICLIGHTMAP_OFF FOG_EXP UNITY_HDR_ON pd=UNITY_NO_SCREENSPACE_SHADOWS UNITY_NO_LINEAR_COLORSPACE ok=1
Cmd: compileSnippet
  api=1 type=0 insize=982 outsize=1025 kw=DIRECTIONAL SHADOWS_SCREEN LIGHTMAP_OFF DIRLIGHTMAP_OFF DYNAMICLIGHTMAP_OFF FOG_EXP pd= ok=1
Cmd: compileSnippet
  api=1 type=0 insize=982 outsize=1385 kw=DIRECTIONAL SHADOWS_OFF LIGHTMAP_OFF DIRLIGHTMAP_OFF DYNAMICLIGHTMAP_OFF FOG_EXP VERTEXLIGHT_ON pd= ok=1
Cmd: compileSnippet
  api=4 type=0 insize=982 outsize=4573 kw=DIRECTIONAL SHADOWS_OFF LIGHTMAP_OFF DIRLIGHTMAP_COMBINED DYNAMICLIGHTMAP_ON FOG_EXP VERTEXLIGHT_ON pd= ok=1
Cmd: compileSnippet
  api=1 type=0 insize=982 outsize=1129 kw=DIRECTIONAL SHADOWS_SCREEN LIGHTMAP_OFF DIRLIGHTMAP_COMBINED DYNAMICLIGHTMAP_ON FOG_EXP VERTEXLIGHT_ON pd= ok=1
Cmd: compileSnippet
  api=1 type=1 insize=982 outsize=4169 kw=DIRECTIONAL SHADOWS_OFF LIGHTMAP_OFF DIRLIGHTMAP_COMBINED DYNAMICLIGHTMAP_ON FOG_EXP pd= ok=1
Cmd: compileSnippet
  api=1 type=0 insize=938 outsize=972 kw=POINT SHADOWS_OFF FOG_EXP pd= ok=1
Cmd: compileSnippet
  api=1 type=0 insize=938 outsize=986 kw=SPOT SHADOWS_OFF FOG_EXP pd= ok=1
Cmd: compileSnippet
  api=1 type=0 insize=938 outsize=953 kw=DIRECTIONAL_COOKIE SHADOWS_OFF FOG_EXP pd= ok=1
Cmd: compileSnippet
  api=4 type=0 insize=938 outsize=5361 kw=SPOT SHADOWS_DEPTH SHADOWS_NATIVE FOG_EXP pd= ok=1
Cmd: compileSnippet
  api=1 type=0 insize=938 outsize=1107 kw=DIRECTIONAL_COOKIE SHADOWS_SCREEN FOG_EXP pd= ok=1
Cmd: compileSnippet
  api=4 type=0 insize=938 outsize=5093 kw=POINT SHADOWS_CUBE FOG_EXP pd= ok=1
Cmd: compileSnippet
  api=1 type=0 insize=938 outsize=1076 kw=SPOT SHADOWS_DEPTH SHADOWS_SOFT SHADOWS_NATIVE FOG_EXP pd= ok=1
Cmd: compileSnippet
  api=1 type=0 insize=938 outsize=1014 kw=POINT_COOKIE SHADOWS_CUBE SHADOWS_SOFT FOG_EXP pd= ok=1
Cmd: compileSnippet
  api=1 type=1 insize=938 outsize=2226 kw=POINT SHADOWS_OFF FOG_EXP pd= ok=1
Cmd: compileSnippet
  api=1 type=1 insize=938 outsize=2276 kw=POINT_COOKIE SHADOWS_OFF FOG_EXP pd= ok=1
Cmd: compileSnippet
  api=4 type=1 insize=938 outsize=6100 kw=DIRECTIONAL_COOKIE SHADOWS_OFF FOG_EXP pd= ok=1
Cmd: compileSnippet
  api=4 type=1 insize=938 outsize=7384 kw=SPOT SHADOWS_DEPTH SHADOWS_NATIVE FOG_EXP pd= ok=1
Cmd: compileSnippet
  api=1 type=1 insize=938 outsize=2292 kw=DIRECTIONAL_COOKIE SHADOWS_SCREEN FOG_EXP pd= ok=1
Cmd: compileSnippet
  api=1 type=1 insize=938 outsize=2501 kw=POINT_COOKIE SHADOWS_CUBE FOG_EXP pd= ok=1
Cmd: compileSnippet
  api=1 type=1 insize=938 outsize=2716 kw=POINT SHADOWS_CUBE SHADOWS_SOFT FOG_EXP pd= ok=1
Cmd: compileSnippet
  api=4 type=1 insize=938 outsize=8009 kw=POINT_COOKIE SHADOWS_CUBE SHADOWS_SOFT FOG_EXP pd= ok=1
Cmd: compileSnippet
  api=4 type=0 insize=886 outsize=4573 kw=DIRECTIONAL SHADOWS_OFF LIGHTMAP_OFF DIRLIGHTMAP_OFF DYNAMICLIGHTMAP_OFF FOG_EXP pd= ok=1
Cmd: compileSnippet
  api=4 type=0 insize=886 outsize=4889 kw=DIRECTIONAL SHADOWS_SCREEN LIGHTMAP_OFF DIRLIGHTMAP_OFF DYNAMICLIGHTMAP_OFF FOG_EXP pd= ok=1
Cmd: compileSnippet
  api=8 type=0 insize=886 outsize=8994 kw=DIRECTIONAL SHADOWS_OFF LIGHTMAP_OFF DIRLIGHTMAP_OFF DYNAMICLIGHTMAP_OFF FOG_EXP VERTEXLIGHT_ON pd=UNITY_NO_SCREENSPACE_SHADOWS UNITY_NO_LINEAR_COLORSPACE ok=1
Cmd: compileSnippet
  api=8 type=0 insize=886 outsize=10051 kw=DIRECTIONAL SHADOWS_SCREEN SHADOWS_NATIVE LIGHTMAP_OFF DIRLIGHTMAP_OFF DYNAMICLIGHTMAP_OFF FOG_EXP VERTEXLIGHT_ON pd=UNITY_NO_SCREENSPACE_SHADOWS UNITY_NO_LINEAR_COLORSPACE ok=1
Cmd: compileSnippet
  api=4 type=1 insize=886 outsize=4321 kw=DIRECTIONAL SHADOWS_OFF LIGHTMAP_OFF DIRLIGHTMAP_OFF DYNAMICLIGHTMAP_OFF FOG_EXP pd= ok=1
Cmd: compileSnippet
  api=4 type=1 insize=886 outsize=4638 kw=DIRECTIONAL SHADOWS_SCREEN LIGHTMAP_OFF DIRLIGHTMAP_OFF DYNAMICLIGHTMAP_OFF FOG_EXP pd= ok=1
Cmd: compileSnippet
  api=8 type=0 insize=816 outsize=7751 kw=POINT SHADOWS_OFF FOG_EXP pd=UNITY_NO_SCREENSPACE_SHADOWS UNITY_NO_LINEAR_COLORSPACE ok=1
Cmd: compileSnippet
  api=1 type=0 insize=816 outsize=966 kw=SPOT SHADOWS_OFF FOG_EXP pd= ok=1
Cmd: compileSnippet
  api=1 type=0 insize=816 outsize=947 kw=POINT_COOKIE SHADOWS_OFF FOG_EXP pd= ok=1
Cmd: compileSnippet
  api=4 type=0 insize=816 outsize=5361 kw=POINT_COOKIE SHADOWS_OFF FOG_EXP pd= ok=1
Cmd: compileSnippet
  api=1 type=0 insize=816 outsize=913 kw=DIRECTIONAL_COOKIE SHADOWS_OFF FOG_EXP pd= ok=1
Cmd: compileSnippet
  api=4 type=0 insize=816 outsize=5775 kw=SPOT SHADOWS_DEPTH SHADOWS_NATIVE FOG_EXP pd= ok=1
Cmd: compileSnippet
  api=4 type=0 insize=816 outsize=4833 kw=DIRECTIONAL SHADOWS_SCREEN FOG_EXP pd= ok=1
Cmd: compileSnippet
  api=1 type=0 insize=816 outsize=969 kw=POINT SHADOWS_CUBE FOG_EXP pd= ok=1
Cmd: compileSnippet
  api=4 type=0 insize=816 outsize=5507 kw=POINT_COOKIE SHADOWS_CUBE FOG_EXP pd= ok=1
Cmd: compileSnippet
  api=8 type=0 insize=816 outsize=7605 kw=DIRECTIONAL SHADOWS_SCREEN SHADOWS_NATIVE FOG_EXP pd=UNITY_NO_SCREENSPACE_SHADOWS UNITY_NO_LINEAR_COLORSPACE ok=1
Cmd: compileSnippet
  api=8 type=1 insize=816 outsize=4591 kw=POINT SHADOWS_OFF FOG_EXP pd=UNITY_NO_SCREENSPACE_SHADOWS UNITY_NO_LINEAR_COLORSPACE ok=1
Cmd: compileSnippet
  api=1 type=1 insize=816 outsize=993 kw=SPOT SHADOWS_OFF FOG_EXP pd= ok=1
Cmd: compileSnippet
  api=8 type=1 insize=816 outsize=5314 kw=SPOT SHADOWS_OFF FOG_EXP pd=UNITY_NO_SCREENSPACE_SHADOWS UNITY_NO_LINEAR_COLORSPACE ok=1
Cmd: compileSnippet
  api=8 type=1 insize=816 outsize=4875 kw=POINT_COOKIE SHADOWS_OFF FOG_EXP pd=UNITY_NO_SCREENSPACE_SHADOWS UNITY_NO_LINEAR_COLORSPACE ok=1
Cmd: compileSnippet
  api=4 type=1 insize=816 outsize=4085 kw=SPOT SHADOWS_DEPTH SHADOWS_NATIVE FOG_EXP pd= ok=1
Cmd: compileSnippet
  api=1 type=1 insize=816 outsize=836 kw=DIRECTIONAL SHADOWS_SCREEN FOG_EXP pd= ok=1
Cmd: compileSnippet
  api=1 type=1 insize=816 outsize=897 kw=DIRECTIONAL_COOKIE SHADOWS_SCREEN FOG_EXP pd= ok=1
Cmd: compileSnippet
  api=4 type=1 insize=816 outsize=3752 kw=POINT SHADOWS_CUBE FOG_EXP pd= ok=1
Cmd: compileSnippet
  api=8 type=1 insize=816 outsize=5948 kw=POINT_COOKIE SHADOWS_CUBE FOG_EXP pd=UNITY_NO_SCREENSPACE_SHADOWS UNITY_NO_LINEAR_COLORSPACE ok=1
Cmd: compileSnippet
  api=1 type=0 insize=7058 outsize=659 kw=DIRECTIONAL SHADOWS_OFF LIGHTMAP_OFF DIRLIGHTMAP_OFF DYNAMICLIGHTMAP_OFF FOG_EXP pd= ok=1
Cmd: compileSnippet
  api=1 type=0 insize=7058 outsize=594 kw=DIRECTIONAL SHADOWS_OFF LIGHTMAP_OFF DIRLIGHTMAP_COMBINED DYNAMICLIGHTMAP_ON FOG_EXP pd= ok=1
Cmd: compileSnippet
  api=1 type=0 insize=7058 outsize=772 kw=DIRECTIONAL SHADOWS_SCREEN LIGHTMAP_OFF DIRLIGHTMAP_OFF DYNAMICLIGHTMAP_OFF FOG_EXP pd= ok=1
Cmd: compileSnippet
  api=4 type=0 insize=7058 outsize=3744 kw=DIRECTIONAL SHADOWS_SCREEN LIGHTMAP_OFF DIRLIGHTMAP_COMBINED DYNAMICLIGHTMAP_ON FOG_EXP pd= ok=1
Cmd: compileSnippet
  api=8 type=0 insize=7058 outsize=8141 kw=DIRECTIONAL SHADOWS_OFF LIGHTMAP_OFF DIRLIGHTMAP_OFF DYNAMICLIGHTMAP_OFF FOG_EXP VERTEXLIGHT_ON pd=UNITY_NO_SCREENSPACE_SHADOWS UNITY_NO_LINEAR_COLORSPACE ok=1
Cmd: compileSnippet
  api=4 type=0 insize=7058 outsize=3744 kw=DIRECTIONAL SHADOWS_SCREEN LIGHTMAP_OFF DIRLIGHTMAP_COMBINED DYNAMICLIGHTMAP_ON FOG_EXP VERTEXLIGHT_ON pd= ok=1
Cmd: compileSnippet
  api=1 type=1 insize=7058 outsize=330 kw=DIRECTIONAL SHADOWS_OFF LIGHTMAP_OFF DIRLIGHTMAP_OFF DYNAMICLIGHTMAP_OFF FOG_EXP pd= ok=1
Cmd: compileSnippet
  api=1 type=1 insize=7058 outsize=792 kw=DIRECTIONAL SHADOWS_OFF LIGHTMAP_OFF DIRLIGHTMAP_COMBINED DYNAMICLIGHTMAP_ON FOG_EXP pd= ok=1
Cmd: compileSnippet
  api=1 type=1 insize=7058 outsize=395 kw=DIRECTIONAL SHADOWS_SCREEN LIGHTMAP_OFF DIRLIGHTMAP_OFF DYNAMICLIGHTMAP_OFF FOG_EXP pd= ok=1
Cmd: compileSnippet
  api=1 type=1 insize=7058 outsize=864 kw=DIRECTIONAL SHADOWS_SCREEN LIGHTMAP_OFF DIRLIGHTMAP_COMBINED DYNAMICLIGHTMAP_ON FOG_EXP pd= ok=1
Cmd: compileSnippet
  api=4 type=0 insize=3804 outsize=3159 kw=POINT FOG_EXP pd= ok=1
Cmd: compileSnippet
  api=1 type=0 insize=3804 outsize=418 kw=SPOT FOG_EXP pd= ok=1
Cmd: compileSnippet
  api=1 type=0 insize=3804 outsize=418 kw=POINT_COOKIE FOG_EXP pd= ok=1
Cmd: compileSnippet
  api=8 type=0 insize=3804 outsize=4428 kw=POINT_COOKIE FOG_EXP pd=UNITY_NO_SCREENSPACE_SHADOWS UNITY_NO_LINEAR_COLORSPACE ok=1
Cmd: compileSnippet
  api=1 type=1 insize=3804 outsize=491 kw=POINT FOG_EXP pd= ok=1
Cmd: compileSnippet
  api=1 type=1 insize=3804 outsize=642 kw=SPOT FOG_EXP pd= ok=1
Cmd: compileSnippet
  api=1 type=1 insize=3804 outsize=541 kw=POINT_COOKIE FOG_EXP pd= ok=1
Cmd: compileSnippet
  api=4 type=1 insize=3804 outsize=2379 kw=POINT_COOKIE FOG_EXP pd= ok=1
Cmd: compileSnippet
  api=1 type=1 insize=3804 outsize=418 kw=DIRECTIONAL_COOKIE FOG_EXP pd= ok=1
Cmd: compileSnippet
  api=4 type=1 insize=3804 outsize=1916 kw=DIRECTIONAL_COOKIE FOG_EXP pd= ok=1
Cmd: compileSnippet
  api=4 type=0 insize=6071 outsize=4443 kw=LIGHTMAP_OFF DIRLIGHTMAP_OFF DYNAMICLIGHTMAP_OFF FOG_EXP HDR_LIGHT_PREPASS_OFF pd= ok=1
Cmd: compileSnippet
  api=4 type=0 insize=6071 outsize=4443 kw=LIGHTMAP_OFF DIRLIGHTMAP_OFF DYNAMICLIGHTMAP_OFF FOG_EXP UNITY_HDR_ON pd= ok=1
Cmd: compileSnippet
  api=4 type=1 insize=6071 outsize=1664 kw=LIGHTMAP_OFF DIRLIGHTMAP_OFF DYNAMICLIGHTMAP_OFF FOG_EXP HDR_LIGHT_PREPASS_OFF pd= ok=1
Cmd: compileSnippet
  api=4 type=1 insize=6071 outsize=2306 kw=LIGHTMAP_OFF DIRLIGHTMAP_COMBINED DYNAMICLIGHTMAP_ON FOG_EXP HDR_LIGHT_PREPASS_OFF pd= ok=1
Cmd: compileSnippet
  api=1 type=1 insize=6071 outsize=595 kw=LIGHTMAP_OFF DIRLIGHTMAP_COMBINED DYNAMICLIGHTMAP_ON FOG_EXP UNITY_HDR_ON pd= ok=1
Cmd: compileSnippet
  api=8 type=0 insize=4027 outsize=4867 kw=FOG_EXP pd=UNITY_NO_SCREENSPACE_SHADOWS UNITY_NO_LINEAR_COLORSPACE ok=1
Cmd: compileSnippet
  api=4 type=0 insize=4027 outsize=4451 kw=SPOT FOG_EXP pd= ok=1
Cmd: compileSnippet
  api=8 type=0 insize=4027 outsize=6711 kw=SPOT FOG_EXP pd=UNITY_NO_SCREENSPACE_SHADOWS UNITY_NO_LINEAR_COLORSPACE ok=1
Cmd: compileSnippet
  api=1 type=1 insize=4027 outsize=217 kw=FOG_EXP pd= ok=1
Cmd: compileSnippet
  api=1 type=1 insize=4027 outsize=217 kw=POINT FOG_EXP pd= ok=1
Cmd: compileSnippet
  api=1 type=1 insize=4027 outsize=217 kw=SPOT FOG_EXP pd= ok=1
Cmd: compileSnippet
  api=8 type=0 insize=1798 outsize=3258 kw=FOG_EXP pd=UNITY_NO_SCREENSPACE_SHADOWS UNITY_NO_LINEAR_COLORSPACE ok=1
Cmd: compileSnippet
  api=4 type=1 insize=1798 outsize=1404 kw=FOG_EXP pd= ok=1
Cmd: compileSnippet
  api=1 type=0 insize=7271 outsize=1862 kw=DIRECTIONAL SHADOWS_OFF LIGHTMAP_OFF DIRLIGHTMAP_OFF DYNAMICLIGHTMAP_OFF FOG_EXP pd= ok=1
Cmd: compileSnippet
  api=4 type=0 insize=7271 outsize=5653 kw=DIRECTIONAL SHADOWS_OFF LIGHTMAP_OFF DIRLIGHTMAP_COMBINED DYNAMICLIGHTMAP_ON FOG_EXP pd= ok=1
Cmd: compileSnippet
  api=1 type=0 insize=7271 outsize=1853 kw=DIRECTIONAL SHADOWS_SCREEN LIGHTMAP_OFF DIRLIGHTMAP_COMBINED DYNAMICLIGHTMAP_ON FOG_EXP pd= ok=1
Cmd: compileSnippet
  api=1 type=0 insize=7271 outsize=2317 kw=DIRECTIONAL SHADOWS_OFF LIGHTMAP_OFF DIRLIGHTMAP_OFF DYNAMICLIGHTMAP_OFF FOG_EXP VERTEXLIGHT_ON pd= ok=1
Cmd: compileSnippet
  api=1 type=0 insize=7271 outsize=1751 kw=DIRECTIONAL SHADOWS_OFF LIGHTMAP_OFF DIRLIGHTMAP_COMBINED DYNAMICLIGHTMAP_ON FOG_EXP VERTEXLIGHT_ON pd= ok=1
Cmd: compileSnippet
  api=1 type=0 insize=7271 outsize=2407 kw=DIRECTIONAL SHADOWS_SCREEN LIGHTMAP_OFF DIRLIGHTMAP_OFF DYNAMICLIGHTMAP_OFF FOG_EXP VERTEXLIGHT_ON pd= ok=1
Cmd: compileSnippet
  api=1 type=0 insize=7271 outsize=1853 kw=DIRECTIONAL SHADOWS_SCREEN LIGHTMAP_OFF DIRLIGHTMAP_COMBINED DYNAMICLIGHTMAP_ON FOG_EXP VERTEXLIGHT_ON pd= ok=1
Cmd: compileSnippet
  api=8 type=0 insize=7271 outsize=10660 kw=DIRECTIONAL SHADOWS_SCREEN SHADOWS_NATIVE LIGHTMAP_OFF DIRLIGHTMAP_OFF DYNAMICLIGHTMAP_OFF FOG_EXP pd=UNITY_NO_SCREENSPACE_SHADOWS UNITY_NO_LINEAR_COLORSPACE ok=1
Cmd: compileSnippet
  api=8 type=1 insize=7271 outsize=2665 kw=DIRECTIONAL SHADOWS_OFF LIGHTMAP_OFF DIRLIGHTMAP_OFF DYNAMICLIGHTMAP_OFF FOG_EXP pd=UNITY_NO_SCREENSPACE_SHADOWS UNITY_NO_LINEAR_COLORSPACE ok=1
Cmd: compileSnippet
  api=1 type=1 insize=7271 outsize=431 kw=DIRECTIONAL SHADOWS_SCREEN LIGHTMAP_OFF DIRLIGHTMAP_OFF DYNAMICLIGHTMAP_OFF FOG_EXP pd= ok=1
Cmd: compileSnippet
  api=4 type=1 insize=7271 outsize=3118 kw=DIRECTIONAL SHADOWS_SCREEN LIGHTMAP_OFF DIRLIGHTMAP_COMBINED DYNAMICLIGHTMAP_ON FOG_EXP pd= ok=1
Cmd: compileSnippet
  api=8 type=0 insize=4017 outsize=8336 kw=POINT FOG_EXP pd=UNITY_NO_SCREENSPACE_SHADOWS UNITY_NO_LINEAR_COLORSPACE ok=1
Cmd: compileSnippet
  api=1 type=0 insize=4017 outsize=1636 kw=SPOT FOG_EXP pd= ok=1
Cmd: compileSnippet
  api=8 type=0 insize=4017 outsize=8336 kw=SPOT FOG_EXP pd=UNITY_NO_SCREENSPACE_SHADOWS UNITY_NO_LINEAR_COLORSPACE ok=1
Cmd: compileSnippet
  api=1 type=0 insize=4017 outsize=1636 kw=DIRECTIONAL_COOKIE FOG_EXP pd= ok=1
Cmd: compileSnippet
  api=8 type=0 insize=4017 outsize=8336 kw=DIRECTIONAL_COOKIE FOG_EXP pd=UNITY_NO_SCREENSPACE_SHADOWS UNITY_NO_LINEAR_COLORSPACE ok=1
Cmd: compileSnippet
  api=8 type=1 insize=4017 outsize=3453 kw=POINT FOG_EXP pd=UNITY_NO_SCREENSPACE_SHADOWS UNITY_NO_LINEAR_COLORSPACE ok=1
Cmd: compileSnippet
  api=1 type=1 insize=4017 outsize=678 kw=SPOT FOG_EXP pd= ok=1
Cmd: compileSnippet
  api=1 type=1 insize=4017 outsize=577 kw=POINT_COOKIE FOG_EXP pd= ok=1
Cmd: compileSnippet
  api=8 type=1 insize=4017 outsize=3762 kw=POINT_COOKIE FOG_EXP pd=UNITY_NO_SCREENSPACE_SHADOWS UNITY_NO_LINEAR_COLORSPACE ok=1
Cmd: compileSnippet
  api=8 type=1 insize=4017 outsize=3088 kw=DIRECTIONAL_COOKIE FOG_EXP pd=UNITY_NO_SCREENSPACE_SHADOWS UNITY_NO_LINEAR_COLORSPACE ok=1
Cmd: compileSnippet
  api=1 type=0 insize=6285 outsize=1937 kw=LIGHTMAP_OFF DIRLIGHTMAP_OFF DYNAMICLIGHTMAP_OFF FOG_EXP HDR_LIGHT_PREPASS_OFF pd= ok=1
Cmd: compileSnippet
  api=1 type=0 insize=6285 outsize=2058 kw=LIGHTMAP_OFF DIRLIGHTMAP_COMBINED DYNAMICLIGHTMAP_ON FOG_EXP HDR_LIGHT_PREPASS_OFF pd= ok=1
Cmd: compileSnippet
  api=1 type=0 insize=6285 outsize=1937 kw=LIGHTMAP_OFF DIRLIGHTMAP_OFF DYNAMICLIGHTMAP_OFF FOG_EXP UNITY_HDR_ON pd= ok=1
Cmd: compileSnippet
  api=8 type=0 insize=6285 outsize=10213 kw=LIGHTMAP_OFF DIRLIGHTMAP_OFF DYNAMICLIGHTMAP_OFF FOG_EXP UNITY_HDR_ON pd=UNITY_NO_SCREENSPACE_SHADOWS UNITY_NO_LINEAR_COLORSPACE ok=1
Cmd: compileSnippet
  api=4 type=1 insize=6285 outsize=1867 kw=LIGHTMAP_OFF DIRLIGHTMAP_OFF DYNAMICLIGHTMAP_OFF FOG_EXP HDR_LIGHT_PREPASS_OFF pd= ok=1
Cmd: compileSnippet
  api=4 type=1 insize=6285 outsize=1818 kw=LIGHTMAP_OFF DIRLIGHTMAP_OFF DYNAMICLIGHTMAP_OFF FOG_EXP UNITY_HDR_ON pd= ok=1
Cmd: compileSnippet
  api=4 type=1 insize=6285 outsize=2428 kw=LIGHTMAP_OFF DIRLIGHTMAP_COMBINED DYNAMICLIGHTMAP_ON FOG_EXP UNITY_HDR_ON pd= ok=1
Cmd: compileSnippet
  api=8 type=0 insize=4069 outsize=4867 kw=FOG_EXP pd=UNITY_NO_SCREENSPACE_SHADOWS UNITY_NO_LINEAR_COLORSPACE ok=1
Cmd: compileSnippet
  api=4 type=0 insize=4069 outsize=4451 kw=SPOT FOG_EXP pd= ok=1
Cmd: compileSnippet
  api=8 type=0 insize=4069 outsize=6711 kw=SPOT FOG_EXP pd=UNITY_NO_SCREENSPACE_SHADOWS UNITY_NO_LINEAR_COLORSPACE ok=1
Cmd: compileSnippet
  api=4 type=1 insize=4069 outsize=1233 kw=FOG_EXP pd= ok=1
Cmd: compileSnippet
  api=4 type=1 insize=4069 outsize=1233 kw=POINT FOG_EXP pd= ok=1
Cmd: compileSnippet
  api=4 type=1 insize=4069 outsize=1233 kw=SPOT FOG_EXP pd= ok=1
Cmd: compileSnippet
  api=4 type=0 insize=1836 outsize=2151 kw=FOG_EXP pd= ok=1
Cmd: compileSnippet
  api=8 type=1 insize=1836 outsize=2267 kw=FOG_EXP pd=UNITY_NO_SCREENSPACE_SHADOWS UNITY_NO_LINEAR_COLORSPACE ok=1
Cmd: compileSnippet
  api=8 type=0 insize=7662 outsize=10164 kw=DIRECTIONAL SHADOWS_OFF LIGHTMAP_OFF DIRLIGHTMAP_OFF DYNAMICLIGHTMAP_OFF FOG_EXP pd=UNITY_NO_SCREENSPACE_SHADOWS UNITY_NO_LINEAR_COLORSPACE ok=1
Cmd: compileSnippet
  api=4 type=0 insize=7662 outsize=7108 kw=DIRECTIONAL SHADOWS_SCREEN LIGHTMAP_OFF DIRLIGHTMAP_OFF DYNAMICLIGHTMAP_OFF FOG_EXP pd= ok=1
Cmd: compileSnippet
  api=4 type=0 insize=7662 outsize=8213 kw=DIRECTIONAL SHADOWS_OFF LIGHTMAP_OFF DIRLIGHTMAP_OFF DYNAMICLIGHTMAP_OFF FOG_EXP VERTEXLIGHT_ON pd= ok=1
Cmd: compileSnippet
  api=4 type=0 insize=7662 outsize=6027 kw=DIRECTIONAL SHADOWS_OFF LIGHTMAP_OFF DIRLIGHTMAP_COMBINED DYNAMICLIGHTMAP_ON FOG_EXP VERTEXLIGHT_ON pd= ok=1
Cmd: compileSnippet
  api=4 type=0 insize=7662 outsize=8562 kw=DIRECTIONAL SHADOWS_SCREEN LIGHTMAP_OFF DIRLIGHTMAP_OFF DYNAMICLIGHTMAP_OFF FOG_EXP VERTEXLIGHT_ON pd= ok=1
Cmd: compileSnippet
  api=1 type=1 insize=7662 outsize=366 kw=DIRECTIONAL SHADOWS_OFF LIGHTMAP_OFF DIRLIGHTMAP_OFF DYNAMICLIGHTMAP_OFF FOG_EXP pd= ok=1
Cmd: compileSnippet
  api=1 type=1 insize=7662 outsize=828 kw=DIRECTIONAL SHADOWS_OFF LIGHTMAP_OFF DIRLIGHTMAP_COMBINED DYNAMICLIGHTMAP_ON FOG_EXP pd= ok=1
Cmd: compileSnippet
  api=4 type=1 insize=7662 outsize=2176 kw=DIRECTIONAL SHADOWS_SCREEN LIGHTMAP_OFF DIRLIGHTMAP_OFF DYNAMICLIGHTMAP_OFF FOG_EXP pd= ok=1
Cmd: compileSnippet
  api=4 type=0 insize=4408 outsize=5848 kw=POINT FOG_EXP pd= ok=1
Cmd: compileSnippet
  api=4 type=0 insize=4408 outsize=5848 kw=DIRECTIONAL FOG_EXP pd= ok=1
Cmd: compileSnippet
  api=4 type=0 insize=4408 outsize=5848 kw=SPOT FOG_EXP pd= ok=1
Cmd: compileSnippet
  api=4 type=0 insize=4408 outsize=5848 kw=POINT_COOKIE FOG_EXP pd= ok=1
Cmd: compileSnippet
  api=1 type=0 insize=4408 outsize=1782 kw=DIRECTIONAL_COOKIE FOG_EXP pd= ok=1
Cmd: compileSnippet
  api=8 type=0 insize=4408 outsize=8897 kw=DIRECTIONAL_COOKIE FOG_EXP pd=UNITY_NO_SCREENSPACE_SHADOWS UNITY_NO_LINEAR_COLORSPACE ok=1
Cmd: compileSnippet
  api=4 type=1 insize=4408 outsize=2363 kw=POINT FOG_EXP pd= ok=1
Cmd: compileSnippet
  api=4 type=1 insize=4408 outsize=1583 kw=DIRECTIONAL FOG_EXP pd= ok=1
Cmd: compileSnippet
  api=8 type=1 insize=4408 outsize=2291 kw=DIRECTIONAL FOG_EXP pd=UNITY_NO_SCREENSPACE_SHADOWS UNITY_NO_LINEAR_COLORSPACE ok=1
Cmd: compileSnippet
  api=8 type=1 insize=4408 outsize=4152 kw=SPOT FOG_EXP pd=UNITY_NO_SCREENSPACE_SHADOWS UNITY_NO_LINEAR_COLORSPACE ok=1
Cmd: compileSnippet
  api=8 type=1 insize=4408 outsize=3088 kw=DIRECTIONAL_COOKIE FOG_EXP pd=UNITY_NO_SCREENSPACE_SHADOWS UNITY_NO_LINEAR_COLORSPACE ok=1
Cmd: compileSnippet
  api=4 type=0 insize=6676 outsize=7132 kw=LIGHTMAP_OFF DIRLIGHTMAP_OFF DYNAMICLIGHTMAP_OFF FOG_EXP HDR_LIGHT_PREPASS_OFF pd= ok=1
Cmd: compileSnippet
  api=4 type=0 insize=6676 outsize=7173 kw=LIGHTMAP_OFF DIRLIGHTMAP_COMBINED DYNAMICLIGHTMAP_ON FOG_EXP HDR_LIGHT_PREPASS_OFF pd= ok=1
Cmd: compileSnippet
  api=8 type=0 insize=6676 outsize=10717 kw=LIGHTMAP_OFF DIRLIGHTMAP_OFF DYNAMICLIGHTMAP_OFF FOG_EXP UNITY_HDR_ON pd=UNITY_NO_SCREENSPACE_SHADOWS UNITY_NO_LINEAR_COLORSPACE ok=1
Cmd: compileSnippet
  api=1 type=1 insize=6676 outsize=372 kw=LIGHTMAP_OFF DIRLIGHTMAP_OFF DYNAMICLIGHTMAP_OFF FOG_EXP HDR_LIGHT_PREPASS_OFF pd= ok=1
Cmd: compileSnippet
  api=1 type=1 insize=6676 outsize=686 kw=LIGHTMAP_OFF DIRLIGHTMAP_COMBINED DYNAMICLIGHTMAP_ON FOG_EXP HDR_LIGHT_PREPASS_OFF pd= ok=1
Cmd: compileSnippet
  api=4 type=1 insize=6676 outsize=1818 kw=LIGHTMAP_OFF DIRLIGHTMAP_OFF DYNAMICLIGHTMAP_OFF FOG_EXP UNITY_HDR_ON pd= ok=1
Cmd: compileSnippet
  api=4 type=1 insize=6676 outsize=2428 kw=LIGHTMAP_OFF DIRLIGHTMAP_COMBINED DYNAMICLIGHTMAP_ON FOG_EXP UNITY_HDR_ON pd= ok=1
Cmd: compileSnippet
  api=4 type=0 insize=65047 outsize=4321 kw=DIRECTIONAL SHADOWS_OFF LIGHTMAP_OFF DIRLIGHTMAP_OFF DYNAMICLIGHTMAP_OFF FOG_EXP pd= ok=1
Cmd: compileSnippet
  api=4 type=0 insize=65047 outsize=4711 kw=DIRECTIONAL SHADOWS_SCREEN LIGHTMAP_OFF DIRLIGHTMAP_OFF DYNAMICLIGHTMAP_OFF FOG_EXP pd= ok=1
Cmd: compileSnippet
  api=4 type=0 insize=65047 outsize=5775 kw=DIRECTIONAL SHADOWS_OFF LIGHTMAP_OFF DIRLIGHTMAP_OFF DYNAMICLIGHTMAP_OFF FOG_EXP VERTEXLIGHT_ON pd= ok=1
Cmd: compileSnippet
  api=1 type=0 insize=65047 outsize=833 kw=DIRECTIONAL SHADOWS_SCREEN LIGHTMAP_OFF DIRLIGHTMAP_COMBINED DYNAMICLIGHTMAP_ON FOG_EXP VERTEXLIGHT_ON pd= ok=1
Cmd: compileSnippet
  api=4 type=0 insize=65047 outsize=4239 kw=DIRECTIONAL SHADOWS_SCREEN LIGHTMAP_OFF DIRLIGHTMAP_COMBINED DYNAMICLIGHTMAP_ON FOG_EXP VERTEXLIGHT_ON pd= ok=1
Cmd: compileSnippet
  api=1 type=0 insize=65047 outsize=1218 kw=DIRECTIONAL SHADOWS_OFF LIGHTMAP_OFF DIRLIGHTMAP_OFF DYNAMICLIGHTMAP_OFF FOG_EXP _TERRAIN_NORMAL_MAP pd= ok=1
Cmd: compileSnippet
  api=1 type=0 insize=65047 outsize=1352 kw=DIRECTIONAL SHADOWS_SCREEN LIGHTMAP_OFF DIRLIGHTMAP_OFF DYNAMICLIGHTMAP_OFF FOG_EXP _TERRAIN_NORMAL_MAP pd= ok=1
Cmd: compileSnippet
  api=1 type=0 insize=65047 outsize=1237 kw=DIRECTIONAL SHADOWS_SCREEN LIGHTMAP_OFF DIRLIGHTMAP_COMBINED DYNAMICLIGHTMAP_ON FOG_EXP _TERRAIN_NORMAL_MAP pd= ok=1
Cmd: compileSnippet
  api=4 type=0 insize=65047 outsize=6953 kw=DIRECTIONAL SHADOWS_OFF LIGHTMAP_OFF DIRLIGHTMAP_OFF DYNAMICLIGHTMAP_OFF FOG_EXP VERTEXLIGHT_ON _TERRAIN_NORMAL_MAP pd= ok=1
Cmd: compileSnippet
  api=4 type=0 insize=65047 outsize=7343 kw=DIRECTIONAL SHADOWS_SCREEN LIGHTMAP_OFF DIRLIGHTMAP_OFF DYNAMICLIGHTMAP_OFF FOG_EXP VERTEXLIGHT_ON _TERRAIN_NORMAL_MAP pd= ok=1
Cmd: compileSnippet
  api=1 type=1 insize=65047 outsize=885 kw=DIRECTIONAL SHADOWS_OFF LIGHTMAP_OFF DIRLIGHTMAP_OFF DYNAMICLIGHTMAP_OFF FOG_EXP pd= ok=1
Cmd: compileSnippet
  api=4 type=1 insize=65047 outsize=3939 kw=DIRECTIONAL SHADOWS_SCREEN LIGHTMAP_OFF DIRLIGHTMAP_COMBINED DYNAMICLIGHTMAP_ON FOG_EXP pd= ok=1
Cmd: compileSnippet
  api=1 type=1 insize=65047 outsize=1413 kw=DIRECTIONAL SHADOWS_SCREEN LIGHTMAP_OFF DIRLIGHTMAP_OFF DYNAMICLIGHTMAP_OFF FOG_EXP _TERRAIN_NORMAL_MAP pd= ok=1
Cmd: compileSnippet
  api=4 type=1 insize=65047 outsize=5344 kw=DIRECTIONAL SHADOWS_SCREEN LIGHTMAP_OFF DIRLIGHTMAP_COMBINED DYNAMICLIGHTMAP_ON FOG_EXP _TERRAIN_NORMAL_MAP pd= ok=1
Cmd: compileSnippet
  api=4 type=0 insize=41221 outsize=3565 kw=POINT FOG_EXP pd= ok=1
Cmd: compileSnippet
  api=1 type=0 insize=41221 outsize=594 kw=SPOT FOG_EXP pd= ok=1
Cmd: compileSnippet
  api=4 type=0 insize=41221 outsize=3565 kw=POINT_COOKIE FOG_EXP pd= ok=1
Cmd: compileSnippet
  api=4 type=0 insize=41221 outsize=3565 kw=DIRECTIONAL_COOKIE FOG_EXP pd= ok=1
Cmd: compileSnippet
  api=1 type=0 insize=41221 outsize=1051 kw=DIRECTIONAL FOG_EXP _TERRAIN_NORMAL_MAP pd= ok=1
Cmd: compileSnippet
  api=4 type=0 insize=41221 outsize=4776 kw=SPOT FOG_EXP _TERRAIN_NORMAL_MAP pd= ok=1
Cmd: compileSnippet
  api=1 type=0 insize=41221 outsize=1051 kw=DIRECTIONAL_COOKIE FOG_EXP _TERRAIN_NORMAL_MAP pd= ok=1
Cmd: compileSnippet
  api=4 type=1 insize=41221 outsize=3443 kw=POINT FOG_EXP pd= ok=1
Cmd: compileSnippet
  api=4 type=1 insize=41221 outsize=3939 kw=SPOT FOG_EXP pd= ok=1
Cmd: compileSnippet
  api=4 type=1 insize=41221 outsize=3630 kw=POINT_COOKIE FOG_EXP pd= ok=1
Cmd: compileSnippet
  api=4 type=1 insize=41221 outsize=3167 kw=DIRECTIONAL_COOKIE FOG_EXP pd= ok=1
Cmd: compileSnippet
  api=1 type=1 insize=41221 outsize=1440 kw=POINT FOG_EXP _TERRAIN_NORMAL_MAP pd= ok=1
Cmd: compileSnippet
  api=1 type=1 insize=41221 outsize=1569 kw=SPOT FOG_EXP _TERRAIN_NORMAL_MAP pd= ok=1
Cmd: compileSnippet
  api=4 type=1 insize=41221 outsize=4621 kw=DIRECTIONAL_COOKIE FOG_EXP _TERRAIN_NORMAL_MAP pd= ok=1
Cmd: compileSnippet
  api=1 type=0 insize=57091 outsize=1038 kw=LIGHTMAP_OFF DIRLIGHTMAP_COMBINED DYNAMICLIGHTMAP_ON FOG_EXP HDR_LIGHT_PREPASS_OFF pd= ok=1
Cmd: compileSnippet
  api=1 type=0 insize=57091 outsize=984 kw=LIGHTMAP_OFF DIRLIGHTMAP_OFF DYNAMICLIGHTMAP_OFF FOG_EXP UNITY_HDR_ON pd= ok=1
Cmd: compileSnippet
  api=1 type=0 insize=57091 outsize=1038 kw=LIGHTMAP_OFF DIRLIGHTMAP_COMBINED DYNAMICLIGHTMAP_ON FOG_EXP UNITY_HDR_ON pd= ok=1
Cmd: compileSnippet
  api=1 type=0 insize=57091 outsize=984 kw=LIGHTMAP_OFF DIRLIGHTMAP_OFF DYNAMICLIGHTMAP_OFF FOG_EXP _TERRAIN_NORMAL_MAP HDR_LIGHT_PREPASS_OFF pd= ok=1
Cmd: compileSnippet
  api=4 type=0 insize=57091 outsize=5036 kw=LIGHTMAP_OFF DIRLIGHTMAP_COMBINED DYNAMICLIGHTMAP_ON FOG_EXP _TERRAIN_NORMAL_MAP HDR_LIGHT_PREPASS_OFF pd= ok=1
Cmd: compileSnippet
  api=4 type=0 insize=57091 outsize=5036 kw=LIGHTMAP_OFF DIRLIGHTMAP_COMBINED DYNAMICLIGHTMAP_ON FOG_EXP UNITY_HDR_ON _TERRAIN_NORMAL_MAP pd= ok=1
Cmd: compileSnippet
  api=1 type=1 insize=57091 outsize=770 kw=LIGHTMAP_OFF DIRLIGHTMAP_OFF DYNAMICLIGHTMAP_OFF FOG_EXP HDR_LIGHT_PREPASS_OFF pd= ok=1
Cmd: compileSnippet
  api=4 type=1 insize=57091 outsize=3338 kw=LIGHTMAP_OFF DIRLIGHTMAP_COMBINED DYNAMICLIGHTMAP_ON FOG_EXP HDR_LIGHT_PREPASS_OFF pd= ok=1
Cmd: compileSnippet
  api=1 type=1 insize=57091 outsize=770 kw=LIGHTMAP_OFF DIRLIGHTMAP_OFF DYNAMICLIGHTMAP_OFF FOG_EXP _TERRAIN_NORMAL_MAP HDR_LIGHT_PREPASS_OFF pd= ok=1
Cmd: compileSnippet
  api=4 type=1 insize=57091 outsize=3338 kw=LIGHTMAP_OFF DIRLIGHTMAP_COMBINED DYNAMICLIGHTMAP_ON FOG_EXP _TERRAIN_NORMAL_MAP HDR_LIGHT_PREPASS_OFF pd= ok=1
Cmd: compileSnippet
  api=1 type=1 insize=57091 outsize=977 kw=LIGHTMAP_OFF DIRLIGHTMAP_COMBINED DYNAMICLIGHTMAP_ON FOG_EXP UNITY_HDR_ON _TERRAIN_NORMAL_MAP pd= ok=1
Cmd: compileSnippet
  api=8 type=0 insize=31775 outsize=6589 kw=DIRECTIONAL SHADOWS_OFF LIGHTMAP_OFF DIRLIGHTMAP_OFF DYNAMICLIGHTMAP_OFF FOG_EXP pd=UNITY_NO_SCREENSPACE_SHADOWS UNITY_NO_LINEAR_COLORSPACE ok=1
Cmd: compileSnippet
  api=1 type=0 insize=31775 outsize=877 kw=DIRECTIONAL SHADOWS_SCREEN LIGHTMAP_OFF DIRLIGHTMAP_OFF DYNAMICLIGHTMAP_OFF FOG_EXP pd= ok=1
Cmd: compileSnippet
  api=4 type=0 insize=31775 outsize=4239 kw=DIRECTIONAL SHADOWS_SCREEN LIGHTMAP_OFF DIRLIGHTMAP_COMBINED DYNAMICLIGHTMAP_ON FOG_EXP pd= ok=1
Cmd: compileSnippet
  api=8 type=0 insize=31775 outsize=8962 kw=DIRECTIONAL SHADOWS_OFF LIGHTMAP_OFF DIRLIGHTMAP_OFF DYNAMICLIGHTMAP_OFF FOG_EXP VERTEXLIGHT_ON pd=UNITY_NO_SCREENSPACE_SHADOWS UNITY_NO_LINEAR_COLORSPACE ok=1
Cmd: compileSnippet
  api=1 type=0 insize=31775 outsize=833 kw=DIRECTIONAL SHADOWS_SCREEN LIGHTMAP_OFF DIRLIGHTMAP_COMBINED DYNAMICLIGHTMAP_ON FOG_EXP VERTEXLIGHT_ON pd= ok=1
Cmd: compileSnippet
  api=8 type=0 insize=31775 outsize=7646 kw=DIRECTIONAL SHADOWS_SCREEN SHADOWS_NATIVE LIGHTMAP_OFF DIRLIGHTMAP_OFF DYNAMICLIGHTMAP_OFF FOG_EXP pd=UNITY_NO_SCREENSPACE_SHADOWS UNITY_NO_LINEAR_COLORSPACE ok=1
Cmd: compileSnippet
  api=4 type=1 insize=31775 outsize=2647 kw=DIRECTIONAL SHADOWS_OFF LIGHTMAP_OFF DIRLIGHTMAP_OFF DYNAMICLIGHTMAP_OFF FOG_EXP pd= ok=1
Cmd: compileSnippet
  api=4 type=1 insize=31775 outsize=3622 kw=DIRECTIONAL SHADOWS_OFF LIGHTMAP_OFF DIRLIGHTMAP_COMBINED DYNAMICLIGHTMAP_ON FOG_EXP pd= ok=1
Cmd: compileSnippet
  api=4 type=1 insize=31775 outsize=2964 kw=DIRECTIONAL SHADOWS_SCREEN LIGHTMAP_OFF DIRLIGHTMAP_OFF DYNAMICLIGHTMAP_OFF FOG_EXP pd= ok=1
Cmd: compileSnippet
  api=8 type=1 insize=31775 outsize=4761 kw=DIRECTIONAL SHADOWS_SCREEN SHADOWS_NATIVE LIGHTMAP_OFF DIRLIGHTMAP_OFF DYNAMICLIGHTMAP_OFF FOG_EXP pd=UNITY_NO_SCREENSPACE_SHADOWS UNITY_NO_LINEAR_COLORSPACE ok=1
Cmd: compileSnippet
  api=4 type=0 insize=18512 outsize=3711 kw=POINT FOG_EXP pd= ok=1
Cmd: compileSnippet
  api=8 type=0 insize=18512 outsize=5249 kw=DIRECTIONAL FOG_EXP pd=UNITY_NO_SCREENSPACE_SHADOWS UNITY_NO_LINEAR_COLORSPACE ok=1
Cmd: compileSnippet
  api=4 type=0 insize=18512 outsize=3711 kw=POINT_COOKIE FOG_EXP pd= ok=1
Cmd: compileSnippet
  api=4 type=0 insize=18512 outsize=3711 kw=DIRECTIONAL_COOKIE FOG_EXP pd= ok=1
Cmd: compileSnippet
  api=8 type=1 insize=18512 outsize=4997 kw=POINT FOG_EXP pd=UNITY_NO_SCREENSPACE_SHADOWS UNITY_NO_LINEAR_COLORSPACE ok=1
Cmd: compileSnippet
  api=1 type=1 insize=18512 outsize=1070 kw=SPOT FOG_EXP pd= ok=1
Cmd: compileSnippet
  api=1 type=1 insize=18512 outsize=950 kw=POINT_COOKIE FOG_EXP pd= ok=1
Cmd: compileSnippet
  api=8 type=1 insize=18512 outsize=5306 kw=POINT_COOKIE FOG_EXP pd=UNITY_NO_SCREENSPACE_SHADOWS UNITY_NO_LINEAR_COLORSPACE ok=1
Cmd: compileSnippet
  api=4 type=0 insize=27566 outsize=5036 kw=LIGHTMAP_OFF DIRLIGHTMAP_OFF DYNAMICLIGHTMAP_OFF FOG_EXP HDR_LIGHT_PREPASS_OFF pd= ok=1
Cmd: compileSnippet
  api=4 type=0 insize=27566 outsize=5036 kw=LIGHTMAP_OFF DIRLIGHTMAP_COMBINED DYNAMICLIGHTMAP_ON FOG_EXP HDR_LIGHT_PREPASS_OFF pd= ok=1
Cmd: compileSnippet
  api=1 type=0 insize=27566 outsize=1038 kw=LIGHTMAP_OFF DIRLIGHTMAP_COMBINED DYNAMICLIGHTMAP_ON FOG_EXP UNITY_HDR_ON pd= ok=1
Cmd: compileSnippet
  api=4 type=0 insize=27566 outsize=5036 kw=LIGHTMAP_OFF DIRLIGHTMAP_COMBINED DYNAMICLIGHTMAP_ON FOG_EXP UNITY_HDR_ON pd= ok=1
Cmd: compileSnippet
  api=1 type=1 insize=27566 outsize=739 kw=LIGHTMAP_OFF DIRLIGHTMAP_OFF DYNAMICLIGHTMAP_OFF FOG_EXP HDR_LIGHT_PREPASS_OFF pd= ok=1
Cmd: compileSnippet
  api=1 type=1 insize=27566 outsize=1032 kw=LIGHTMAP_OFF DIRLIGHTMAP_COMBINED DYNAMICLIGHTMAP_ON FOG_EXP HDR_LIGHT_PREPASS_OFF pd= ok=1
Cmd: compileSnippet
  api=8 type=1 insize=27566 outsize=3981 kw=LIGHTMAP_OFF DIRLIGHTMAP_OFF DYNAMICLIGHTMAP_OFF FOG_EXP UNITY_HDR_ON pd=UNITY_NO_SCREENSPACE_SHADOWS UNITY_NO_LINEAR_COLORSPACE ok=1
Cmd: compileSnippet
  api=4 type=0 insize=64711 outsize=4321 kw=DIRECTIONAL SHADOWS_OFF LIGHTMAP_OFF DIRLIGHTMAP_OFF DYNAMICLIGHTMAP_OFF FOG_EXP pd= ok=1
Cmd: compileSnippet
  api=4 type=0 insize=64711 outsize=4711 kw=DIRECTIONAL SHADOWS_SCREEN LIGHTMAP_OFF DIRLIGHTMAP_OFF DYNAMICLIGHTMAP_OFF FOG_EXP pd= ok=1
Cmd: compileSnippet
  api=1 type=0 insize=64711 outsize=1306 kw=DIRECTIONAL SHADOWS_OFF LIGHTMAP_OFF DIRLIGHTMAP_OFF DYNAMICLIGHTMAP_OFF FOG_EXP VERTEXLIGHT_ON pd= ok=1
Cmd: compileSnippet
  api=4 type=0 insize=64711 outsize=3849 kw=DIRECTIONAL SHADOWS_OFF LIGHTMAP_OFF DIRLIGHTMAP_COMBINED DYNAMICLIGHTMAP_ON FOG_EXP VERTEXLIGHT_ON pd= ok=1
Cmd: compileSnippet
  api=1 type=0 insize=64711 outsize=833 kw=DIRECTIONAL SHADOWS_SCREEN LIGHTMAP_OFF DIRLIGHTMAP_COMBINED DYNAMICLIGHTMAP_ON FOG_EXP VERTEXLIGHT_ON pd= ok=1
Cmd: compileSnippet
  api=4 type=0 insize=64711 outsize=5539 kw=DIRECTIONAL SHADOWS_OFF LIGHTMAP_OFF DIRLIGHTMAP_OFF DYNAMICLIGHTMAP_OFF FOG_EXP _TERRAIN_NORMAL_MAP pd= ok=1
Cmd: compileSnippet
  api=4 type=0 insize=64711 outsize=5929 kw=DIRECTIONAL SHADOWS_SCREEN LIGHTMAP_OFF DIRLIGHTMAP_OFF DYNAMICLIGHTMAP_OFF FOG_EXP _TERRAIN_NORMAL_MAP pd= ok=1
Cmd: compileSnippet
  api=1 type=0 insize=64711 outsize=1758 kw=DIRECTIONAL SHADOWS_OFF LIGHTMAP_OFF DIRLIGHTMAP_OFF DYNAMICLIGHTMAP_OFF FOG_EXP VERTEXLIGHT_ON _TERRAIN_NORMAL_MAP pd= ok=1
Cmd: compileSnippet
  api=4 type=0 insize=64711 outsize=5109 kw=DIRECTIONAL SHADOWS_OFF LIGHTMAP_OFF DIRLIGHTMAP_COMBINED DYNAMICLIGHTMAP_ON FOG_EXP VERTEXLIGHT_ON _TERRAIN_NORMAL_MAP pd= ok=1
Cmd: compileSnippet
  api=1 type=0 insize=64711 outsize=1237 kw=DIRECTIONAL SHADOWS_SCREEN LIGHTMAP_OFF DIRLIGHTMAP_COMBINED DYNAMICLIGHTMAP_ON FOG_EXP VERTEXLIGHT_ON _TERRAIN_NORMAL_MAP pd= ok=1
Cmd: compileSnippet
  api=1 type=1 insize=64711 outsize=822 kw=DIRECTIONAL SHADOWS_OFF LIGHTMAP_OFF DIRLIGHTMAP_OFF DYNAMICLIGHTMAP_OFF FOG_EXP pd= ok=1
Cmd: compileSnippet
  api=1 type=1 insize=64711 outsize=894 kw=DIRECTIONAL SHADOWS_SCREEN LIGHTMAP_OFF DIRLIGHTMAP_OFF DYNAMICLIGHTMAP_OFF FOG_EXP pd= ok=1
Cmd: compileSnippet
  api=1 type=1 insize=64711 outsize=1179 kw=DIRECTIONAL SHADOWS_SCREEN LIGHTMAP_OFF DIRLIGHTMAP_COMBINED DYNAMICLIGHTMAP_ON FOG_EXP pd= ok=1
Cmd: compileSnippet
  api=4 type=1 insize=64711 outsize=4508 kw=DIRECTIONAL SHADOWS_OFF LIGHTMAP_OFF DIRLIGHTMAP_OFF DYNAMICLIGHTMAP_OFF FOG_EXP _TERRAIN_NORMAL_MAP pd= ok=1
Cmd: compileSnippet
  api=1 type=1 insize=64711 outsize=1396 kw=DIRECTIONAL SHADOWS_SCREEN LIGHTMAP_OFF DIRLIGHTMAP_OFF DYNAMICLIGHTMAP_OFF FOG_EXP _TERRAIN_NORMAL_MAP pd= ok=1
Cmd: compileSnippet
  api=4 type=1 insize=64711 outsize=5296 kw=DIRECTIONAL SHADOWS_SCREEN LIGHTMAP_OFF DIRLIGHTMAP_COMBINED DYNAMICLIGHTMAP_ON FOG_EXP _TERRAIN_NORMAL_MAP pd= ok=1
Cmd: compileSnippet
  api=4 type=0 insize=40885 outsize=3565 kw=POINT FOG_EXP pd= ok=1
Cmd: compileSnippet
  api=4 type=0 insize=40885 outsize=3565 kw=SPOT FOG_EXP pd= ok=1
Cmd: compileSnippet
  api=1 type=0 insize=40885 outsize=594 kw=DIRECTIONAL_COOKIE FOG_EXP pd= ok=1
Cmd: compileSnippet
  api=4 type=0 insize=40885 outsize=4776 kw=POINT FOG_EXP _TERRAIN_NORMAL_MAP pd= ok=1
Cmd: compileSnippet
  api=4 type=0 insize=40885 outsize=4776 kw=SPOT FOG_EXP _TERRAIN_NORMAL_MAP pd= ok=1
Cmd: compileSnippet
  api=4 type=0 insize=40885 outsize=4776 kw=DIRECTIONAL_COOKIE FOG_EXP _TERRAIN_NORMAL_MAP pd= ok=1
Cmd: compileSnippet
  api=1 type=1 insize=40885 outsize=864 kw=POINT FOG_EXP pd= ok=1
Cmd: compileSnippet
  api=4 type=1 insize=40885 outsize=3833 kw=SPOT FOG_EXP pd= ok=1
Cmd: compileSnippet
  api=1 type=1 insize=40885 outsize=790 kw=DIRECTIONAL_COOKIE FOG_EXP pd= ok=1
Cmd: compileSnippet
  api=1 type=1 insize=40885 outsize=1182 kw=DIRECTIONAL FOG_EXP _TERRAIN_NORMAL_MAP pd= ok=1
Cmd: compileSnippet
  api=4 type=1 insize=40885 outsize=4012 kw=DIRECTIONAL FOG_EXP _TERRAIN_NORMAL_MAP pd= ok=1
Cmd: compileSnippet
  api=1 type=1 insize=40885 outsize=1451 kw=POINT_COOKIE FOG_EXP _TERRAIN_NORMAL_MAP pd= ok=1
Cmd: compileSnippet
  api=4 type=1 insize=40885 outsize=4516 kw=DIRECTIONAL_COOKIE FOG_EXP _TERRAIN_NORMAL_MAP pd= ok=1
Cmd: compileSnippet
  api=1 type=0 insize=56755 outsize=1038 kw=LIGHTMAP_OFF DIRLIGHTMAP_COMBINED DYNAMICLIGHTMAP_ON FOG_EXP HDR_LIGHT_PREPASS_OFF pd= ok=1
Cmd: compileSnippet
  api=4 type=0 insize=56755 outsize=5036 kw=LIGHTMAP_OFF DIRLIGHTMAP_COMBINED DYNAMICLIGHTMAP_ON FOG_EXP HDR_LIGHT_PREPASS_OFF pd= ok=1
Cmd: compileSnippet
  api=4 type=0 insize=56755 outsize=5036 kw=LIGHTMAP_OFF DIRLIGHTMAP_COMBINED DYNAMICLIGHTMAP_ON FOG_EXP UNITY_HDR_ON pd= ok=1
Cmd: compileSnippet
  api=4 type=0 insize=56755 outsize=5036 kw=LIGHTMAP_OFF DIRLIGHTMAP_COMBINED DYNAMICLIGHTMAP_ON FOG_EXP _TERRAIN_NORMAL_MAP HDR_LIGHT_PREPASS_OFF pd= ok=1
Cmd: compileSnippet
  api=4 type=0 insize=56755 outsize=4889 kw=LIGHTMAP_OFF DIRLIGHTMAP_OFF DYNAMICLIGHTMAP_OFF FOG_EXP UNITY_HDR_ON _TERRAIN_NORMAL_MAP pd= ok=1
Cmd: compileSnippet
  api=1 type=1 insize=56755 outsize=707 kw=LIGHTMAP_OFF DIRLIGHTMAP_OFF DYNAMICLIGHTMAP_OFF FOG_EXP HDR_LIGHT_PREPASS_OFF pd= ok=1
Cmd: compileSnippet
  api=4 type=1 insize=56755 outsize=3289 kw=LIGHTMAP_OFF DIRLIGHTMAP_COMBINED DYNAMICLIGHTMAP_ON FOG_EXP HDR_LIGHT_PREPASS_OFF pd= ok=1
Cmd: compileSnippet
  api=1 type=1 insize=56755 outsize=707 kw=LIGHTMAP_OFF DIRLIGHTMAP_OFF DYNAMICLIGHTMAP_OFF FOG_EXP _TERRAIN_NORMAL_MAP HDR_LIGHT_PREPASS_OFF pd= ok=1
Cmd: compileSnippet
  api=4 type=1 insize=56755 outsize=3289 kw=LIGHTMAP_OFF DIRLIGHTMAP_COMBINED DYNAMICLIGHTMAP_ON FOG_EXP _TERRAIN_NORMAL_MAP HDR_LIGHT_PREPASS_OFF pd= ok=1
Cmd: compileSnippet
  api=4 type=1 insize=56755 outsize=3240 kw=LIGHTMAP_OFF DIRLIGHTMAP_COMBINED DYNAMICLIGHTMAP_ON FOG_EXP UNITY_HDR_ON _TERRAIN_NORMAL_MAP pd= ok=1
Cmd: compileSnippet
  api=1 type=0 insize=31607 outsize=764 kw=DIRECTIONAL SHADOWS_OFF LIGHTMAP_OFF DIRLIGHTMAP_OFF DYNAMICLIGHTMAP_OFF FOG_EXP pd= ok=1
Cmd: compileSnippet
  api=1 type=0 insize=31607 outsize=699 kw=DIRECTIONAL SHADOWS_OFF LIGHTMAP_OFF DIRLIGHTMAP_COMBINED DYNAMICLIGHTMAP_ON FOG_EXP pd= ok=1
Cmd: compileSnippet
  api=1 type=0 insize=31607 outsize=877 kw=DIRECTIONAL SHADOWS_SCREEN LIGHTMAP_OFF DIRLIGHTMAP_OFF DYNAMICLIGHTMAP_OFF FOG_EXP pd= ok=1
Cmd: compileSnippet
  api=1 type=0 insize=31607 outsize=833 kw=DIRECTIONAL SHADOWS_SCREEN LIGHTMAP_OFF DIRLIGHTMAP_COMBINED DYNAMICLIGHTMAP_ON FOG_EXP pd= ok=1
Cmd: compileSnippet
  api=4 type=0 insize=31607 outsize=6076 kw=DIRECTIONAL SHADOWS_OFF LIGHTMAP_OFF DIRLIGHTMAP_OFF DYNAMICLIGHTMAP_OFF FOG_EXP VERTEXLIGHT_ON pd= ok=1
Cmd: compileSnippet
  api=4 type=0 insize=31607 outsize=3849 kw=DIRECTIONAL SHADOWS_OFF LIGHTMAP_OFF DIRLIGHTMAP_COMBINED DYNAMICLIGHTMAP_ON FOG_EXP VERTEXLIGHT_ON pd= ok=1
Cmd: compileSnippet
  api=4 type=0 insize=31607 outsize=6466 kw=DIRECTIONAL SHADOWS_SCREEN LIGHTMAP_OFF DIRLIGHTMAP_OFF DYNAMICLIGHTMAP_OFF FOG_EXP VERTEXLIGHT_ON pd= ok=1
Cmd: compileSnippet
  api=8 type=0 insize=31607 outsize=10018 kw=DIRECTIONAL SHADOWS_SCREEN SHADOWS_NATIVE LIGHTMAP_OFF DIRLIGHTMAP_OFF DYNAMICLIGHTMAP_OFF FOG_EXP VERTEXLIGHT_ON pd=UNITY_NO_SCREENSPACE_SHADOWS UNITY_NO_LINEAR_COLORSPACE ok=1
Cmd: compileSnippet
  api=4 type=1 insize=31607 outsize=2631 kw=DIRECTIONAL SHADOWS_OFF LIGHTMAP_OFF DIRLIGHTMAP_OFF DYNAMICLIGHTMAP_OFF FOG_EXP pd= ok=1
Cmd: compileSnippet
  api=1 type=1 insize=31607 outsize=1107 kw=DIRECTIONAL SHADOWS_OFF LIGHTMAP_OFF DIRLIGHTMAP_COMBINED DYNAMICLIGHTMAP_ON FOG_EXP pd= ok=1
Cmd: compileSnippet
  api=4 type=1 insize=31607 outsize=2948 kw=DIRECTIONAL SHADOWS_SCREEN LIGHTMAP_OFF DIRLIGHTMAP_OFF DYNAMICLIGHTMAP_OFF FOG_EXP pd= ok=1
Cmd: compileSnippet
  api=8 type=1 insize=31607 outsize=4737 kw=DIRECTIONAL SHADOWS_SCREEN SHADOWS_NATIVE LIGHTMAP_OFF DIRLIGHTMAP_OFF DYNAMICLIGHTMAP_OFF FOG_EXP pd=UNITY_NO_SCREENSPACE_SHADOWS UNITY_NO_LINEAR_COLORSPACE ok=1
Cmd: compileSnippet
  api=8 type=0 insize=18344 outsize=5249 kw=POINT FOG_EXP pd=UNITY_NO_SCREENSPACE_SHADOWS UNITY_NO_LINEAR_COLORSPACE ok=1
Cmd: compileSnippet
  api=8 type=0 insize=18344 outsize=5249 kw=DIRECTIONAL FOG_EXP pd=UNITY_NO_SCREENSPACE_SHADOWS UNITY_NO_LINEAR_COLORSPACE ok=1
Cmd: compileSnippet
  api=1 type=0 insize=18344 outsize=523 kw=POINT_COOKIE FOG_EXP pd= ok=1
Cmd: compileSnippet
  api=8 type=0 insize=18344 outsize=5249 kw=POINT_COOKIE FOG_EXP pd=UNITY_NO_SCREENSPACE_SHADOWS UNITY_NO_LINEAR_COLORSPACE ok=1
Cmd: compileSnippet
  api=8 type=1 insize=18344 outsize=4843 kw=POINT FOG_EXP pd=UNITY_NO_SCREENSPACE_SHADOWS UNITY_NO_LINEAR_COLORSPACE ok=1
Cmd: compileSnippet
  api=8 type=1 insize=18344 outsize=3681 kw=DIRECTIONAL FOG_EXP pd=UNITY_NO_SCREENSPACE_SHADOWS UNITY_NO_LINEAR_COLORSPACE ok=1
Cmd: compileSnippet
  api=4 type=1 insize=18344 outsize=3362 kw=POINT_COOKIE FOG_EXP pd= ok=1
Cmd: compileSnippet
  api=1 type=1 insize=18344 outsize=781 kw=DIRECTIONAL_COOKIE FOG_EXP pd= ok=1
Cmd: compileSnippet
  api=8 type=1 insize=18344 outsize=4477 kw=DIRECTIONAL_COOKIE FOG_EXP pd=UNITY_NO_SCREENSPACE_SHADOWS UNITY_NO_LINEAR_COLORSPACE ok=1
Cmd: compileSnippet
  api=8 type=0 insize=27398 outsize=7183 kw=LIGHTMAP_OFF DIRLIGHTMAP_OFF DYNAMICLIGHTMAP_OFF FOG_EXP HDR_LIGHT_PREPASS_OFF pd=UNITY_NO_SCREENSPACE_SHADOWS UNITY_NO_LINEAR_COLORSPACE ok=1
Cmd: compileSnippet
  api=4 type=0 insize=27398 outsize=5036 kw=LIGHTMAP_OFF DIRLIGHTMAP_OFF DYNAMICLIGHTMAP_OFF FOG_EXP UNITY_HDR_ON pd= ok=1
Cmd: compileSnippet
  api=4 type=0 insize=27398 outsize=5036 kw=LIGHTMAP_OFF DIRLIGHTMAP_COMBINED DYNAMICLIGHTMAP_ON FOG_EXP UNITY_HDR_ON pd= ok=1
Cmd: compileSnippet
  api=4 type=1 insize=27398 outsize=2647 kw=LIGHTMAP_OFF DIRLIGHTMAP_OFF DYNAMICLIGHTMAP_OFF FOG_EXP HDR_LIGHT_PREPASS_OFF pd= ok=1
Cmd: compileSnippet
  api=4 type=1 insize=27398 outsize=3289 kw=LIGHTMAP_OFF DIRLIGHTMAP_COMBINED DYNAMICLIGHTMAP_ON FOG_EXP HDR_LIGHT_PREPASS_OFF pd= ok=1
Cmd: compileSnippet
  api=8 type=1 insize=27398 outsize=3957 kw=LIGHTMAP_OFF DIRLIGHTMAP_OFF DYNAMICLIGHTMAP_OFF FOG_EXP UNITY_HDR_ON pd=UNITY_NO_SCREENSPACE_SHADOWS UNITY_NO_LINEAR_COLORSPACE ok=1
Cmd: compileSnippet
  api=8 type=0 insize=1041 outsize=3640 kw=FOG_EXP pd=UNITY_NO_SCREENSPACE_SHADOWS UNITY_NO_LINEAR_COLORSPACE ok=1
Cmd: compileSnippet
  api=8 type=1 insize=1041 outsize=1584 kw=FOG_EXP pd=UNITY_NO_SCREENSPACE_SHADOWS UNITY_NO_LINEAR_COLORSPACE ok=1
Cmd: compileSnippet
  api=4 type=0 insize=66838 outsize=4321 kw=DIRECTIONAL SHADOWS_OFF LIGHTMAP_OFF DIRLIGHTMAP_OFF DYNAMICLIGHTMAP_OFF FOG_EXP pd= ok=1
Cmd: compileSnippet
  api=1 type=0 insize=66838 outsize=931 kw=DIRECTIONAL SHADOWS_SCREEN LIGHTMAP_OFF DIRLIGHTMAP_OFF DYNAMICLIGHTMAP_OFF FOG_EXP pd= ok=1
Cmd: compileSnippet
  api=4 type=0 insize=66838 outsize=4239 kw=DIRECTIONAL SHADOWS_SCREEN LIGHTMAP_OFF DIRLIGHTMAP_COMBINED DYNAMICLIGHTMAP_ON FOG_EXP pd= ok=1
Cmd: compileSnippet
  api=1 type=0 insize=66838 outsize=699 kw=DIRECTIONAL SHADOWS_OFF LIGHTMAP_OFF DIRLIGHTMAP_COMBINED DYNAMICLIGHTMAP_ON FOG_EXP VERTEXLIGHT_ON pd= ok=1
Cmd: compileSnippet
  api=1 type=0 insize=66838 outsize=1440 kw=DIRECTIONAL SHADOWS_SCREEN LIGHTMAP_OFF DIRLIGHTMAP_OFF DYNAMICLIGHTMAP_OFF FOG_EXP VERTEXLIGHT_ON pd= ok=1
Cmd: compileSnippet
  api=4 type=0 insize=66838 outsize=4239 kw=DIRECTIONAL SHADOWS_SCREEN LIGHTMAP_OFF DIRLIGHTMAP_COMBINED DYNAMICLIGHTMAP_ON FOG_EXP VERTEXLIGHT_ON pd= ok=1
Cmd: compileSnippet
  api=1 type=0 insize=66838 outsize=1103 kw=DIRECTIONAL SHADOWS_OFF LIGHTMAP_OFF DIRLIGHTMAP_COMBINED DYNAMICLIGHTMAP_ON FOG_EXP _TERRAIN_NORMAL_MAP pd= ok=1
Cmd: compileSnippet
  api=4 type=0 insize=66838 outsize=5929 kw=DIRECTIONAL SHADOWS_SCREEN LIGHTMAP_OFF DIRLIGHTMAP_OFF DYNAMICLIGHTMAP_OFF FOG_EXP _TERRAIN_NORMAL_MAP pd= ok=1
Cmd: compileSnippet
  api=4 type=0 insize=66838 outsize=6953 kw=DIRECTIONAL SHADOWS_OFF LIGHTMAP_OFF DIRLIGHTMAP_OFF DYNAMICLIGHTMAP_OFF FOG_EXP VERTEXLIGHT_ON _TERRAIN_NORMAL_MAP pd= ok=1
Cmd: compileSnippet
  api=4 type=0 insize=66838 outsize=7343 kw=DIRECTIONAL SHADOWS_SCREEN LIGHTMAP_OFF DIRLIGHTMAP_OFF DYNAMICLIGHTMAP_OFF FOG_EXP VERTEXLIGHT_ON _TERRAIN_NORMAL_MAP pd= ok=1
Cmd: compileSnippet
  api=1 type=1 insize=66838 outsize=1144 kw=DIRECTIONAL SHADOWS_OFF LIGHTMAP_OFF DIRLIGHTMAP_OFF DYNAMICLIGHTMAP_OFF FOG_EXP pd= ok=1
Cmd: compileSnippet
  api=4 type=1 insize=66838 outsize=4434 kw=DIRECTIONAL SHADOWS_SCREEN LIGHTMAP_OFF DIRLIGHTMAP_OFF DYNAMICLIGHTMAP_OFF FOG_EXP pd= ok=1
Cmd: compileSnippet
  api=1 type=1 insize=66838 outsize=1652 kw=DIRECTIONAL SHADOWS_OFF LIGHTMAP_OFF DIRLIGHTMAP_OFF DYNAMICLIGHTMAP_OFF FOG_EXP _TERRAIN_NORMAL_MAP pd= ok=1
Cmd: compileSnippet
  api=4 type=1 insize=66838 outsize=6059 kw=DIRECTIONAL SHADOWS_OFF LIGHTMAP_OFF DIRLIGHTMAP_COMBINED DYNAMICLIGHTMAP_ON FOG_EXP _TERRAIN_NORMAL_MAP pd= ok=1
Cmd: compileSnippet
  api=1 type=1 insize=66838 outsize=1975 kw=DIRECTIONAL SHADOWS_SCREEN LIGHTMAP_OFF DIRLIGHTMAP_COMBINED DYNAMICLIGHTMAP_ON FOG_EXP _TERRAIN_NORMAL_MAP pd= ok=1
Cmd: compileSnippet
  api=1 type=0 insize=42676 outsize=594 kw=POINT FOG_EXP pd= ok=1
Cmd: compileSnippet
  api=4 type=0 insize=42676 outsize=3565 kw=DIRECTIONAL FOG_EXP pd= ok=1
Cmd: compileSnippet
  api=4 type=0 insize=42676 outsize=3565 kw=POINT_COOKIE FOG_EXP pd= ok=1
Cmd: compileSnippet
  api=1 type=0 insize=42676 outsize=1051 kw=POINT FOG_EXP _TERRAIN_NORMAL_MAP pd= ok=1
Cmd: compileSnippet
  api=4 type=0 insize=42676 outsize=4776 kw=DIRECTIONAL FOG_EXP _TERRAIN_NORMAL_MAP pd= ok=1
Cmd: compileSnippet
  api=1 type=0 insize=42676 outsize=1051 kw=POINT_COOKIE FOG_EXP _TERRAIN_NORMAL_MAP pd= ok=1
Cmd: compileSnippet
  api=4 type=0 insize=42676 outsize=4776 kw=DIRECTIONAL_COOKIE FOG_EXP _TERRAIN_NORMAL_MAP pd= ok=1
Cmd: compileSnippet
  api=1 type=1 insize=42676 outsize=1111 kw=POINT FOG_EXP pd= ok=1
Cmd: compileSnippet
  api=4 type=1 insize=42676 outsize=3541 kw=DIRECTIONAL FOG_EXP pd= ok=1
Cmd: compileSnippet
  api=1 type=1 insize=42676 outsize=1161 kw=POINT_COOKIE FOG_EXP pd= ok=1
Cmd: compileSnippet
  api=4 type=1 insize=42676 outsize=4012 kw=DIRECTIONAL_COOKIE FOG_EXP pd= ok=1
Cmd: compileSnippet
  api=1 type=1 insize=42676 outsize=1455 kw=DIRECTIONAL FOG_EXP _TERRAIN_NORMAL_MAP pd= ok=1
Cmd: compileSnippet
  api=4 type=1 insize=42676 outsize=6230 kw=SPOT FOG_EXP _TERRAIN_NORMAL_MAP pd= ok=1
Cmd: compileSnippet
  api=1 type=1 insize=42676 outsize=1567 kw=DIRECTIONAL_COOKIE FOG_EXP _TERRAIN_NORMAL_MAP pd= ok=1
Cmd: compileSnippet
  api=4 type=0 insize=57882 outsize=4889 kw=LIGHTMAP_OFF DIRLIGHTMAP_OFF DYNAMICLIGHTMAP_OFF FOG_EXP HDR_LIGHT_PREPASS_OFF pd= ok=1
Cmd: compileSnippet
  api=1 type=0 insize=57882 outsize=984 kw=LIGHTMAP_OFF DIRLIGHTMAP_OFF DYNAMICLIGHTMAP_OFF FOG_EXP UNITY_HDR_ON pd= ok=1
Cmd: compileSnippet
  api=1 type=0 insize=57882 outsize=1038 kw=LIGHTMAP_OFF DIRLIGHTMAP_COMBINED DYNAMICLIGHTMAP_ON FOG_EXP UNITY_HDR_ON pd= ok=1
Cmd: compileSnippet
  api=4 type=0 insize=57882 outsize=4889 kw=LIGHTMAP_OFF DIRLIGHTMAP_OFF DYNAMICLIGHTMAP_OFF FOG_EXP _TERRAIN_NORMAL_MAP HDR_LIGHT_PREPASS_OFF pd= ok=1
Cmd: compileSnippet
  api=4 type=0 insize=57882 outsize=4889 kw=LIGHTMAP_OFF DIRLIGHTMAP_OFF DYNAMICLIGHTMAP_OFF FOG_EXP UNITY_HDR_ON _TERRAIN_NORMAL_MAP pd= ok=1
Cmd: compileSnippet
  api=1 type=1 insize=57882 outsize=784 kw=LIGHTMAP_OFF DIRLIGHTMAP_OFF DYNAMICLIGHTMAP_OFF FOG_EXP HDR_LIGHT_PREPASS_OFF pd= ok=1
Cmd: compileSnippet
  api=4 type=1 insize=57882 outsize=3492 kw=LIGHTMAP_OFF DIRLIGHTMAP_COMBINED DYNAMICLIGHTMAP_ON FOG_EXP HDR_LIGHT_PREPASS_OFF pd= ok=1
Cmd: compileSnippet
  api=1 type=1 insize=57882 outsize=967 kw=LIGHTMAP_OFF DIRLIGHTMAP_COMBINED DYNAMICLIGHTMAP_ON FOG_EXP UNITY_HDR_ON pd= ok=1
Cmd: compileSnippet
  api=4 type=1 insize=57882 outsize=3013 kw=LIGHTMAP_OFF DIRLIGHTMAP_OFF DYNAMICLIGHTMAP_OFF FOG_EXP _TERRAIN_NORMAL_MAP HDR_LIGHT_PREPASS_OFF pd= ok=1
Cmd: compileSnippet
  api=1 type=1 insize=57882 outsize=710 kw=LIGHTMAP_OFF DIRLIGHTMAP_OFF DYNAMICLIGHTMAP_OFF FOG_EXP UNITY_HDR_ON _TERRAIN_NORMAL_MAP pd= ok=1
Cmd: compileSnippet
  api=4 type=1 insize=57882 outsize=3435 kw=LIGHTMAP_OFF DIRLIGHTMAP_COMBINED DYNAMICLIGHTMAP_ON FOG_EXP UNITY_HDR_ON _TERRAIN_NORMAL_MAP pd= ok=1
Cmd: compileSnippet
  api=4 type=0 insize=67174 outsize=4321 kw=DIRECTIONAL SHADOWS_OFF LIGHTMAP_OFF DIRLIGHTMAP_OFF DYNAMICLIGHTMAP_OFF FOG_EXP pd= ok=1
Cmd: compileSnippet
  api=4 type=0 insize=67174 outsize=4711 kw=DIRECTIONAL SHADOWS_SCREEN LIGHTMAP_OFF DIRLIGHTMAP_OFF DYNAMICLIGHTMAP_OFF FOG_EXP pd= ok=1
Cmd: compileSnippet
  api=4 type=0 insize=67174 outsize=5775 kw=DIRECTIONAL SHADOWS_OFF LIGHTMAP_OFF DIRLIGHTMAP_OFF DYNAMICLIGHTMAP_OFF FOG_EXP VERTEXLIGHT_ON pd= ok=1
Cmd: compileSnippet
  api=4 type=0 insize=67174 outsize=6165 kw=DIRECTIONAL SHADOWS_SCREEN LIGHTMAP_OFF DIRLIGHTMAP_OFF DYNAMICLIGHTMAP_OFF FOG_EXP VERTEXLIGHT_ON pd= ok=1
Cmd: compileSnippet
  api=4 type=0 insize=67174 outsize=5539 kw=DIRECTIONAL SHADOWS_OFF LIGHTMAP_OFF DIRLIGHTMAP_OFF DYNAMICLIGHTMAP_OFF FOG_EXP _TERRAIN_NORMAL_MAP pd= ok=1
Cmd: compileSnippet
  api=4 type=0 insize=67174 outsize=5929 kw=DIRECTIONAL SHADOWS_SCREEN LIGHTMAP_OFF DIRLIGHTMAP_OFF DYNAMICLIGHTMAP_OFF FOG_EXP _TERRAIN_NORMAL_MAP pd= ok=1
Cmd: compileSnippet
  api=1 type=0 insize=67174 outsize=1103 kw=DIRECTIONAL SHADOWS_OFF LIGHTMAP_OFF DIRLIGHTMAP_COMBINED DYNAMICLIGHTMAP_ON FOG_EXP VERTEXLIGHT_ON _TERRAIN_NORMAL_MAP pd= ok=1
Cmd: compileSnippet
  api=1 type=0 insize=67174 outsize=1892 kw=DIRECTIONAL SHADOWS_SCREEN LIGHTMAP_OFF DIRLIGHTMAP_OFF DYNAMICLIGHTMAP_OFF FOG_EXP VERTEXLIGHT_ON _TERRAIN_NORMAL_MAP pd= ok=1
Cmd: compileSnippet
  api=4 type=0 insize=67174 outsize=5499 kw=DIRECTIONAL SHADOWS_SCREEN LIGHTMAP_OFF DIRLIGHTMAP_COMBINED DYNAMICLIGHTMAP_ON FOG_EXP VERTEXLIGHT_ON _TERRAIN_NORMAL_MAP pd= ok=1
Cmd: compileSnippet
  api=1 type=1 insize=67174 outsize=1442 kw=DIRECTIONAL SHADOWS_OFF LIGHTMAP_OFF DIRLIGHTMAP_COMBINED DYNAMICLIGHTMAP_ON FOG_EXP pd= ok=1
Cmd: compileSnippet
  api=4 type=1 insize=67174 outsize=4605 kw=DIRECTIONAL SHADOWS_OFF LIGHTMAP_OFF DIRLIGHTMAP_COMBINED DYNAMICLIGHTMAP_ON FOG_EXP pd= ok=1
Cmd: compileSnippet
  api=4 type=1 insize=67174 outsize=4914 kw=DIRECTIONAL SHADOWS_SCREEN LIGHTMAP_OFF DIRLIGHTMAP_COMBINED DYNAMICLIGHTMAP_ON FOG_EXP pd= ok=1
Cmd: compileSnippet
  api=1 type=1 insize=67174 outsize=1966 kw=DIRECTIONAL SHADOWS_OFF LIGHTMAP_OFF DIRLIGHTMAP_COMBINED DYNAMICLIGHTMAP_ON FOG_EXP _TERRAIN_NORMAL_MAP pd= ok=1
Cmd: compileSnippet
  api=4 type=1 insize=67174 outsize=5946 kw=DIRECTIONAL SHADOWS_SCREEN LIGHTMAP_OFF DIRLIGHTMAP_OFF DYNAMICLIGHTMAP_OFF FOG_EXP _TERRAIN_NORMAL_MAP pd= ok=1
Cmd: compileSnippet
  api=4 type=0 insize=43012 outsize=3565 kw=POINT FOG_EXP pd= ok=1
Cmd: compileSnippet
  api=4 type=0 insize=43012 outsize=3565 kw=SPOT FOG_EXP pd= ok=1
Cmd: compileSnippet
  api=4 type=0 insize=43012 outsize=3565 kw=DIRECTIONAL_COOKIE FOG_EXP pd= ok=1
Cmd: compileSnippet
  api=4 type=0 insize=43012 outsize=4776 kw=POINT FOG_EXP _TERRAIN_NORMAL_MAP pd= ok=1
Cmd: compileSnippet
  api=4 type=0 insize=43012 outsize=4776 kw=SPOT FOG_EXP _TERRAIN_NORMAL_MAP pd= ok=1
Cmd: compileSnippet
  api=4 type=0 insize=43012 outsize=4776 kw=DIRECTIONAL_COOKIE FOG_EXP _TERRAIN_NORMAL_MAP pd= ok=1
Cmd: compileSnippet
  api=1 type=1 insize=43012 outsize=1191 kw=POINT FOG_EXP pd= ok=1
Cmd: compileSnippet
  api=1 type=1 insize=43012 outsize=1353 kw=SPOT FOG_EXP pd= ok=1
Cmd: compileSnippet
  api=4 type=1 insize=43012 outsize=4540 kw=POINT_COOKIE FOG_EXP pd= ok=1
Cmd: compileSnippet
  api=1 type=1 insize=43012 outsize=1719 kw=POINT FOG_EXP _TERRAIN_NORMAL_MAP pd= ok=1
Cmd: compileSnippet
  api=4 type=1 insize=43012 outsize=5068 kw=DIRECTIONAL FOG_EXP _TERRAIN_NORMAL_MAP pd= ok=1
Cmd: compileSnippet
  api=1 type=1 insize=43012 outsize=1771 kw=POINT_COOKIE FOG_EXP _TERRAIN_NORMAL_MAP pd= ok=1
Cmd: compileSnippet
  api=1 type=1 insize=43012 outsize=1623 kw=DIRECTIONAL_COOKIE FOG_EXP _TERRAIN_NORMAL_MAP pd= ok=1
Cmd: compileSnippet
  api=1 type=0 insize=58218 outsize=1038 kw=LIGHTMAP_OFF DIRLIGHTMAP_COMBINED DYNAMICLIGHTMAP_ON FOG_EXP HDR_LIGHT_PREPASS_OFF pd= ok=1
Cmd: compileSnippet
  api=1 type=0 insize=58218 outsize=984 kw=LIGHTMAP_OFF DIRLIGHTMAP_OFF DYNAMICLIGHTMAP_OFF FOG_EXP UNITY_HDR_ON pd= ok=1
Cmd: compileSnippet
  api=4 type=0 insize=58218 outsize=5036 kw=LIGHTMAP_OFF DIRLIGHTMAP_COMBINED DYNAMICLIGHTMAP_ON FOG_EXP UNITY_HDR_ON pd= ok=1
Cmd: compileSnippet
  api=1 type=0 insize=58218 outsize=1038 kw=LIGHTMAP_OFF DIRLIGHTMAP_COMBINED DYNAMICLIGHTMAP_ON FOG_EXP _TERRAIN_NORMAL_MAP HDR_LIGHT_PREPASS_OFF pd= ok=1
Cmd: compileSnippet
  api=1 type=0 insize=58218 outsize=984 kw=LIGHTMAP_OFF DIRLIGHTMAP_OFF DYNAMICLIGHTMAP_OFF FOG_EXP UNITY_HDR_ON _TERRAIN_NORMAL_MAP pd= ok=1
Cmd: compileSnippet
  api=4 type=0 insize=58218 outsize=5036 kw=LIGHTMAP_OFF DIRLIGHTMAP_COMBINED DYNAMICLIGHTMAP_ON FOG_EXP UNITY_HDR_ON _TERRAIN_NORMAL_MAP pd= ok=1
Cmd: compileSnippet
  api=4 type=1 insize=58218 outsize=3061 kw=LIGHTMAP_OFF DIRLIGHTMAP_OFF DYNAMICLIGHTMAP_OFF FOG_EXP HDR_LIGHT_PREPASS_OFF pd= ok=1
Cmd: compileSnippet
  api=4 type=1 insize=58218 outsize=3541 kw=LIGHTMAP_OFF DIRLIGHTMAP_COMBINED DYNAMICLIGHTMAP_ON FOG_EXP HDR_LIGHT_PREPASS_OFF pd= ok=1
Cmd: compileSnippet
  api=4 type=1 insize=58218 outsize=3484 kw=LIGHTMAP_OFF DIRLIGHTMAP_COMBINED DYNAMICLIGHTMAP_ON FOG_EXP UNITY_HDR_ON pd= ok=1
Cmd: compileSnippet
  api=1 type=1 insize=58218 outsize=1099 kw=LIGHTMAP_OFF DIRLIGHTMAP_COMBINED DYNAMICLIGHTMAP_ON FOG_EXP _TERRAIN_NORMAL_MAP HDR_LIGHT_PREPASS_OFF pd= ok=1
Cmd: compileSnippet
  api=1 type=1 insize=58218 outsize=763 kw=LIGHTMAP_OFF DIRLIGHTMAP_OFF DYNAMICLIGHTMAP_OFF FOG_EXP UNITY_HDR_ON _TERRAIN_NORMAL_MAP pd= ok=1
Cmd: compileSnippet
  api=4 type=1 insize=58218 outsize=3484 kw=LIGHTMAP_OFF DIRLIGHTMAP_COMBINED DYNAMICLIGHTMAP_ON FOG_EXP UNITY_HDR_ON _TERRAIN_NORMAL_MAP pd= ok=1
Cmd: compileSnippet
  api=1 type=0 insize=7129 outsize=634 kw=DIRECTIONAL SHADOWS_OFF LIGHTMAP_OFF DIRLIGHTMAP_OFF DYNAMICLIGHTMAP_OFF FOG_EXP pd= ok=1
Cmd: compileSnippet
  api=1 type=0 insize=7129 outsize=557 kw=DIRECTIONAL SHADOWS_OFF LIGHTMAP_OFF DIRLIGHTMAP_COMBINED DYNAMICLIGHTMAP_ON FOG_EXP pd= ok=1
Cmd: compileSnippet
  api=1 type=0 insize=7129 outsize=747 kw=DIRECTIONAL SHADOWS_SCREEN LIGHTMAP_OFF DIRLIGHTMAP_OFF DYNAMICLIGHTMAP_OFF FOG_EXP pd= ok=1
Cmd: compileSnippet
  api=1 type=0 insize=7129 outsize=691 kw=DIRECTIONAL SHADOWS_SCREEN LIGHTMAP_OFF DIRLIGHTMAP_COMBINED DYNAMICLIGHTMAP_ON FOG_EXP pd= ok=1
Cmd: compileSnippet
  api=4 type=0 insize=7129 outsize=5377 kw=DIRECTIONAL SHADOWS_OFF LIGHTMAP_OFF DIRLIGHTMAP_OFF DYNAMICLIGHTMAP_OFF FOG_EXP VERTEXLIGHT_ON pd= ok=1
Cmd: compileSnippet
  api=4 type=0 insize=7129 outsize=3191 kw=DIRECTIONAL SHADOWS_OFF LIGHTMAP_OFF DIRLIGHTMAP_COMBINED DYNAMICLIGHTMAP_ON FOG_EXP VERTEXLIGHT_ON pd= ok=1
Cmd: compileSnippet
  api=1 type=0 insize=7129 outsize=1254 kw=DIRECTIONAL SHADOWS_SCREEN LIGHTMAP_OFF DIRLIGHTMAP_OFF DYNAMICLIGHTMAP_OFF FOG_EXP VERTEXLIGHT_ON pd= ok=1
Cmd: compileSnippet
  api=8 type=0 insize=7129 outsize=9003 kw=DIRECTIONAL SHADOWS_SCREEN SHADOWS_NATIVE LIGHTMAP_OFF DIRLIGHTMAP_OFF DYNAMICLIGHTMAP_OFF FOG_EXP VERTEXLIGHT_ON pd=UNITY_NO_SCREENSPACE_SHADOWS UNITY_NO_LINEAR_COLORSPACE ok=1
Cmd: compileSnippet
  api=4 type=1 insize=7129 outsize=2533 kw=DIRECTIONAL SHADOWS_OFF LIGHTMAP_OFF DIRLIGHTMAP_OFF DYNAMICLIGHTMAP_OFF FOG_EXP pd= ok=1
Cmd: compileSnippet
  api=4 type=1 insize=7129 outsize=3476 kw=DIRECTIONAL SHADOWS_OFF LIGHTMAP_OFF DIRLIGHTMAP_COMBINED DYNAMICLIGHTMAP_ON FOG_EXP pd= ok=1
Cmd: compileSnippet
  api=4 type=1 insize=7129 outsize=3784 kw=DIRECTIONAL SHADOWS_SCREEN LIGHTMAP_OFF DIRLIGHTMAP_COMBINED DYNAMICLIGHTMAP_ON FOG_EXP pd= ok=1
Cmd: compileSnippet
  api=4 type=0 insize=3858 outsize=3013 kw=POINT FOG_EXP pd= ok=1
Cmd: compileSnippet
  api=4 type=0 insize=3858 outsize=3013 kw=DIRECTIONAL FOG_EXP pd= ok=1
Cmd: compileSnippet
  api=4 type=0 insize=3858 outsize=3013 kw=SPOT FOG_EXP pd= ok=1
Cmd: compileSnippet
  api=4 type=0 insize=3858 outsize=3013 kw=POINT_COOKIE FOG_EXP pd= ok=1
Cmd: compileSnippet
  api=4 type=0 insize=3858 outsize=3013 kw=DIRECTIONAL_COOKIE FOG_EXP pd= ok=1
Cmd: compileSnippet
  api=4 type=1 insize=3858 outsize=2964 kw=POINT FOG_EXP pd= ok=1
Cmd: compileSnippet
  api=4 type=1 insize=3858 outsize=2257 kw=DIRECTIONAL FOG_EXP pd= ok=1
Cmd: compileSnippet
  api=4 type=1 insize=3858 outsize=3492 kw=SPOT FOG_EXP pd= ok=1
Cmd: compileSnippet
  api=4 type=1 insize=3858 outsize=3151 kw=POINT_COOKIE FOG_EXP pd= ok=1
Cmd: compileSnippet
  api=1 type=1 insize=3858 outsize=651 kw=DIRECTIONAL_COOKIE FOG_EXP pd= ok=1
Cmd: compileSnippet
  api=4 type=1 insize=3858 outsize=2728 kw=DIRECTIONAL_COOKIE FOG_EXP pd= ok=1
Cmd: compileSnippet
  api=8 type=0 insize=6043 outsize=6126 kw=LIGHTMAP_OFF DIRLIGHTMAP_OFF DYNAMICLIGHTMAP_OFF FOG_EXP HDR_LIGHT_PREPASS_OFF pd=UNITY_NO_SCREENSPACE_SHADOWS UNITY_NO_LINEAR_COLORSPACE ok=1
Cmd: compileSnippet
  api=4 type=0 insize=6043 outsize=4296 kw=LIGHTMAP_OFF DIRLIGHTMAP_OFF DYNAMICLIGHTMAP_OFF FOG_EXP UNITY_HDR_ON pd= ok=1
Cmd: compileSnippet
  api=4 type=1 insize=6043 outsize=1802 kw=LIGHTMAP_OFF DIRLIGHTMAP_OFF DYNAMICLIGHTMAP_OFF FOG_EXP HDR_LIGHT_PREPASS_OFF pd= ok=1
Cmd: compileSnippet
  api=1 type=1 insize=6043 outsize=747 kw=LIGHTMAP_OFF DIRLIGHTMAP_COMBINED DYNAMICLIGHTMAP_ON FOG_EXP HDR_LIGHT_PREPASS_OFF pd= ok=1
Cmd: compileSnippet
  api=1 type=1 insize=6043 outsize=323 kw=LIGHTMAP_OFF DIRLIGHTMAP_OFF DYNAMICLIGHTMAP_OFF FOG_EXP UNITY_HDR_ON pd= ok=1
Cmd: compileSnippet
  api=4 type=1 insize=6043 outsize=2354 kw=LIGHTMAP_OFF DIRLIGHTMAP_COMBINED DYNAMICLIGHTMAP_ON FOG_EXP UNITY_HDR_ON pd= ok=1
Cmd: compileSnippet
  api=1 type=0 insize=70382 outsize=931 kw=DIRECTIONAL SHADOWS_SCREEN LIGHTMAP_OFF DIRLIGHTMAP_OFF DYNAMICLIGHTMAP_OFF FOG_EXP pd= ok=1
Cmd: compileSnippet
  api=1 type=0 insize=70382 outsize=833 kw=DIRECTIONAL SHADOWS_SCREEN LIGHTMAP_OFF DIRLIGHTMAP_COMBINED DYNAMICLIGHTMAP_ON FOG_EXP pd= ok=1
Cmd: compileSnippet
  api=4 type=0 insize=70382 outsize=6165 kw=DIRECTIONAL SHADOWS_SCREEN LIGHTMAP_OFF DIRLIGHTMAP_OFF DYNAMICLIGHTMAP_OFF FOG_EXP VERTEXLIGHT_ON pd= ok=1
Cmd: compileSnippet
  api=4 type=0 insize=70382 outsize=5109 kw=DIRECTIONAL SHADOWS_OFF LIGHTMAP_OFF DIRLIGHTMAP_COMBINED DYNAMICLIGHTMAP_ON FOG_EXP _TERRAIN_NORMAL_MAP pd= ok=1
Cmd: compileSnippet
  api=1 type=0 insize=70382 outsize=1237 kw=DIRECTIONAL SHADOWS_SCREEN LIGHTMAP_OFF DIRLIGHTMAP_COMBINED DYNAMICLIGHTMAP_ON FOG_EXP _TERRAIN_NORMAL_MAP pd= ok=1
Cmd: compileSnippet
  api=4 type=0 insize=70382 outsize=6953 kw=DIRECTIONAL SHADOWS_OFF LIGHTMAP_OFF DIRLIGHTMAP_OFF DYNAMICLIGHTMAP_OFF FOG_EXP VERTEXLIGHT_ON _TERRAIN_NORMAL_MAP pd= ok=1
Cmd: compileSnippet
  api=4 type=0 insize=70382 outsize=7343 kw=DIRECTIONAL SHADOWS_SCREEN LIGHTMAP_OFF DIRLIGHTMAP_OFF DYNAMICLIGHTMAP_OFF FOG_EXP VERTEXLIGHT_ON _TERRAIN_NORMAL_MAP pd= ok=1
Cmd: compileSnippet
  api=1 type=1 insize=70382 outsize=4150 kw=DIRECTIONAL SHADOWS_OFF LIGHTMAP_OFF DIRLIGHTMAP_OFF DYNAMICLIGHTMAP_OFF FOG_EXP pd= ok=1
Cmd: compileSnippet
  api=4 type=1 insize=70382 outsize=12332 kw=DIRECTIONAL SHADOWS_SCREEN LIGHTMAP_OFF DIRLIGHTMAP_OFF DYNAMICLIGHTMAP_OFF FOG_EXP pd= ok=1
Cmd: compileSnippet
  api=4 type=1 insize=70382 outsize=13486 kw=DIRECTIONAL SHADOWS_OFF LIGHTMAP_OFF DIRLIGHTMAP_OFF DYNAMICLIGHTMAP_OFF FOG_EXP _TERRAIN_NORMAL_MAP pd= ok=1
Cmd: compileSnippet
  api=1 type=1 insize=70382 outsize=4771 kw=DIRECTIONAL SHADOWS_SCREEN LIGHTMAP_OFF DIRLIGHTMAP_OFF DYNAMICLIGHTMAP_OFF FOG_EXP _TERRAIN_NORMAL_MAP pd= ok=1
Cmd: compileSnippet
  api=4 type=1 insize=70382 outsize=14266 kw=DIRECTIONAL SHADOWS_SCREEN LIGHTMAP_OFF DIRLIGHTMAP_COMBINED DYNAMICLIGHTMAP_ON FOG_EXP _TERRAIN_NORMAL_MAP pd= ok=1
Cmd: compileSnippet
  api=4 type=0 insize=46248 outsize=3565 kw=DIRECTIONAL SHADOWS_OFF FOG_EXP pd= ok=1
Cmd: compileSnippet
  api=1 type=0 insize=46248 outsize=594 kw=POINT_COOKIE SHADOWS_OFF FOG_EXP pd= ok=1
Cmd: compileSnippet
  api=1 type=0 insize=46248 outsize=594 kw=DIRECTIONAL_COOKIE SHADOWS_OFF FOG_EXP pd= ok=1
Cmd: compileSnippet
  api=4 type=0 insize=46248 outsize=4288 kw=SPOT SHADOWS_DEPTH SHADOWS_NATIVE FOG_EXP pd= ok=1
Cmd: compileSnippet
  api=4 type=0 insize=46248 outsize=3955 kw=DIRECTIONAL_COOKIE SHADOWS_SCREEN FOG_EXP pd= ok=1
Cmd: compileSnippet
  api=4 type=0 insize=46248 outsize=3784 kw=POINT_COOKIE SHADOWS_CUBE FOG_EXP pd= ok=1
Cmd: compileSnippet
  api=1 type=0 insize=46248 outsize=651 kw=POINT_COOKIE SHADOWS_CUBE SHADOWS_SOFT FOG_EXP pd= ok=1
Cmd: compileSnippet
  api=4 type=0 insize=46248 outsize=4776 kw=POINT SHADOWS_OFF FOG_EXP _TERRAIN_NORMAL_MAP pd= ok=1
Cmd: compileSnippet
  api=1 type=0 insize=46248 outsize=1051 kw=SPOT SHADOWS_OFF FOG_EXP _TERRAIN_NORMAL_MAP pd= ok=1
Cmd: compileSnippet
  api=4 type=0 insize=46248 outsize=4776 kw=POINT_COOKIE SHADOWS_OFF FOG_EXP _TERRAIN_NORMAL_MAP pd= ok=1
Cmd: compileSnippet
  api=4 type=0 insize=46248 outsize=5499 kw=SPOT SHADOWS_DEPTH SHADOWS_NATIVE FOG_EXP _TERRAIN_NORMAL_MAP pd= ok=1
Cmd: compileSnippet
  api=1 type=0 insize=46248 outsize=1185 kw=DIRECTIONAL_COOKIE SHADOWS_SCREEN FOG_EXP _TERRAIN_NORMAL_MAP pd= ok=1
Cmd: compileSnippet
  api=1 type=0 insize=46248 outsize=1108 kw=POINT_COOKIE SHADOWS_CUBE FOG_EXP _TERRAIN_NORMAL_MAP pd= ok=1
Cmd: compileSnippet
  api=1 type=0 insize=46248 outsize=1174 kw=SPOT SHADOWS_DEPTH SHADOWS_SOFT SHADOWS_NATIVE FOG_EXP _TERRAIN_NORMAL_MAP pd= ok=1
Cmd: compileSnippet
  api=4 type=0 insize=46248 outsize=4995 kw=POINT SHADOWS_CUBE SHADOWS_SOFT FOG_EXP _TERRAIN_NORMAL_MAP pd= ok=1
Cmd: compileSnippet
  api=1 type=1 insize=46248 outsize=2572 kw=DIRECTIONAL SHADOWS_OFF FOG_EXP pd= ok=1
Cmd: compileSnippet
  api=4 type=1 insize=46248 outsize=8424 kw=SPOT SHADOWS_OFF FOG_EXP pd= ok=1
Cmd: compileSnippet
  api=1 type=1 insize=46248 outsize=2988 kw=SPOT SHADOWS_DEPTH SHADOWS_NATIVE FOG_EXP pd= ok=1
Cmd: compileSnippet
  api=4 type=1 insize=46248 outsize=7579 kw=DIRECTIONAL SHADOWS_SCREEN FOG_EXP pd= ok=1
Cmd: compileSnippet
  api=1 type=1 insize=46248 outsize=2970 kw=POINT SHADOWS_CUBE FOG_EXP pd= ok=1
Cmd: compileSnippet
  api=4 type=1 insize=46248 outsize=8765 kw=POINT_COOKIE SHADOWS_CUBE FOG_EXP pd= ok=1
Cmd: compileSnippet
  api=4 type=1 insize=46248 outsize=9350 kw=POINT SHADOWS_CUBE SHADOWS_SOFT FOG_EXP pd= ok=1
Cmd: compileSnippet
  api=1 type=1 insize=46248 outsize=3227 kw=POINT SHADOWS_OFF FOG_EXP _TERRAIN_NORMAL_MAP pd= ok=1
Cmd: compileSnippet
  api=4 type=1 insize=46248 outsize=8659 kw=DIRECTIONAL SHADOWS_OFF FOG_EXP _TERRAIN_NORMAL_MAP pd= ok=1
Cmd: compileSnippet
  api=1 type=1 insize=46248 outsize=3279 kw=POINT_COOKIE SHADOWS_OFF FOG_EXP _TERRAIN_NORMAL_MAP pd= ok=1
Cmd: compileSnippet
  api=1 type=1 insize=46248 outsize=3472 kw=SPOT SHADOWS_DEPTH SHADOWS_NATIVE FOG_EXP _TERRAIN_NORMAL_MAP pd= ok=1
Cmd: compileSnippet
  api=4 type=1 insize=46248 outsize=8968 kw=DIRECTIONAL SHADOWS_SCREEN FOG_EXP _TERRAIN_NORMAL_MAP pd= ok=1
Cmd: compileSnippet
  api=1 type=1 insize=46248 outsize=3472 kw=POINT SHADOWS_CUBE FOG_EXP _TERRAIN_NORMAL_MAP pd= ok=1
Cmd: compileSnippet
  api=4 type=1 insize=46248 outsize=10187 kw=POINT_COOKIE SHADOWS_CUBE FOG_EXP _TERRAIN_NORMAL_MAP pd= ok=1
Cmd: compileSnippet
  api=1 type=1 insize=46248 outsize=3740 kw=POINT SHADOWS_CUBE SHADOWS_SOFT FOG_EXP _TERRAIN_NORMAL_MAP pd= ok=1
Cmd: compileSnippet
  api=4 type=1 insize=46248 outsize=10959 kw=POINT_COOKIE SHADOWS_CUBE SHADOWS_SOFT FOG_EXP _TERRAIN_NORMAL_MAP pd= ok=1
Cmd: compileSnippet
  api=4 type=0 insize=70718 outsize=4321 kw=DIRECTIONAL SHADOWS_OFF LIGHTMAP_OFF DIRLIGHTMAP_OFF DYNAMICLIGHTMAP_OFF FOG_EXP pd= ok=1
Cmd: compileSnippet
  api=4 type=0 insize=70718 outsize=4711 kw=DIRECTIONAL SHADOWS_SCREEN LIGHTMAP_OFF DIRLIGHTMAP_OFF DYNAMICLIGHTMAP_OFF FOG_EXP pd= ok=1
Cmd: compileSnippet
  api=1 type=0 insize=70718 outsize=1306 kw=DIRECTIONAL SHADOWS_OFF LIGHTMAP_OFF DIRLIGHTMAP_OFF DYNAMICLIGHTMAP_OFF FOG_EXP VERTEXLIGHT_ON pd= ok=1
Cmd: compileSnippet
  api=4 type=0 insize=70718 outsize=3849 kw=DIRECTIONAL SHADOWS_OFF LIGHTMAP_OFF DIRLIGHTMAP_COMBINED DYNAMICLIGHTMAP_ON FOG_EXP VERTEXLIGHT_ON pd= ok=1
Cmd: compileSnippet
  api=4 type=0 insize=70718 outsize=4239 kw=DIRECTIONAL SHADOWS_SCREEN LIGHTMAP_OFF DIRLIGHTMAP_COMBINED DYNAMICLIGHTMAP_ON FOG_EXP VERTEXLIGHT_ON pd= ok=1
Cmd: compileSnippet
  api=4 type=0 insize=70718 outsize=5539 kw=DIRECTIONAL SHADOWS_OFF LIGHTMAP_OFF DIRLIGHTMAP_OFF DYNAMICLIGHTMAP_OFF FOG_EXP _TERRAIN_NORMAL_MAP pd= ok=1
Cmd: compileSnippet
  api=4 type=0 insize=70718 outsize=5929 kw=DIRECTIONAL SHADOWS_SCREEN LIGHTMAP_OFF DIRLIGHTMAP_OFF DYNAMICLIGHTMAP_OFF FOG_EXP _TERRAIN_NORMAL_MAP pd= ok=1
Cmd: compileSnippet
  api=4 type=0 insize=70718 outsize=6953 kw=DIRECTIONAL SHADOWS_OFF LIGHTMAP_OFF DIRLIGHTMAP_OFF DYNAMICLIGHTMAP_OFF FOG_EXP VERTEXLIGHT_ON _TERRAIN_NORMAL_MAP pd= ok=1
Cmd: compileSnippet
  api=4 type=0 insize=70718 outsize=7343 kw=DIRECTIONAL SHADOWS_SCREEN LIGHTMAP_OFF DIRLIGHTMAP_OFF DYNAMICLIGHTMAP_OFF FOG_EXP VERTEXLIGHT_ON _TERRAIN_NORMAL_MAP pd= ok=1
Cmd: compileSnippet
  api=1 type=1 insize=70718 outsize=4523 kw=DIRECTIONAL SHADOWS_OFF LIGHTMAP_OFF DIRLIGHTMAP_COMBINED DYNAMICLIGHTMAP_ON FOG_EXP pd= ok=1
Cmd: compileSnippet
  api=1 type=1 insize=70718 outsize=4329 kw=DIRECTIONAL SHADOWS_SCREEN LIGHTMAP_OFF DIRLIGHTMAP_OFF DYNAMICLIGHTMAP_OFF FOG_EXP pd= ok=1
Cmd: compileSnippet
  api=1 type=1 insize=70718 outsize=4707 kw=DIRECTIONAL SHADOWS_OFF LIGHTMAP_OFF DIRLIGHTMAP_OFF DYNAMICLIGHTMAP_OFF FOG_EXP _TERRAIN_NORMAL_MAP pd= ok=1
Cmd: compileSnippet
  api=4 type=1 insize=70718 outsize=14006 kw=DIRECTIONAL SHADOWS_OFF LIGHTMAP_OFF DIRLIGHTMAP_COMBINED DYNAMICLIGHTMAP_ON FOG_EXP _TERRAIN_NORMAL_MAP pd= ok=1
Cmd: compileSnippet
  api=1 type=1 insize=70718 outsize=5097 kw=DIRECTIONAL SHADOWS_SCREEN LIGHTMAP_OFF DIRLIGHTMAP_COMBINED DYNAMICLIGHTMAP_ON FOG_EXP _TERRAIN_NORMAL_MAP pd= ok=1
Cmd: compileSnippet
  api=4 type=0 insize=46584 outsize=3565 kw=POINT SHADOWS_OFF FOG_EXP pd= ok=1
Cmd: compileSnippet
  api=4 type=0 insize=46584 outsize=3565 kw=SPOT SHADOWS_OFF FOG_EXP pd= ok=1
Cmd: compileSnippet
  api=1 type=0 insize=46584 outsize=594 kw=DIRECTIONAL_COOKIE SHADOWS_OFF FOG_EXP pd= ok=1
Cmd: compileSnippet
  api=4 type=0 insize=46584 outsize=4288 kw=SPOT SHADOWS_DEPTH SHADOWS_NATIVE FOG_EXP pd= ok=1
Cmd: compileSnippet
  api=4 type=0 insize=46584 outsize=3955 kw=DIRECTIONAL_COOKIE SHADOWS_SCREEN FOG_EXP pd= ok=1
Cmd: compileSnippet
  api=4 type=0 insize=46584 outsize=3784 kw=POINT_COOKIE SHADOWS_CUBE FOG_EXP pd= ok=1
Cmd: compileSnippet
  api=1 type=0 insize=46584 outsize=651 kw=POINT SHADOWS_CUBE SHADOWS_SOFT FOG_EXP pd= ok=1
Cmd: compileSnippet
  api=1 type=0 insize=46584 outsize=651 kw=POINT_COOKIE SHADOWS_CUBE SHADOWS_SOFT FOG_EXP pd= ok=1
Cmd: compileSnippet
  api=1 type=0 insize=46584 outsize=1051 kw=DIRECTIONAL SHADOWS_OFF FOG_EXP _TERRAIN_NORMAL_MAP pd= ok=1
Cmd: compileSnippet
  api=1 type=0 insize=46584 outsize=1051 kw=SPOT SHADOWS_OFF FOG_EXP _TERRAIN_NORMAL_MAP pd= ok=1
Cmd: compileSnippet
  api=1 type=0 insize=46584 outsize=1051 kw=POINT_COOKIE SHADOWS_OFF FOG_EXP _TERRAIN_NORMAL_MAP pd= ok=1
Cmd: compileSnippet
  api=1 type=0 insize=46584 outsize=1051 kw=DIRECTIONAL_COOKIE SHADOWS_OFF FOG_EXP _TERRAIN_NORMAL_MAP pd= ok=1
Cmd: compileSnippet
  api=4 type=0 insize=46584 outsize=5499 kw=SPOT SHADOWS_DEPTH SHADOWS_NATIVE FOG_EXP _TERRAIN_NORMAL_MAP pd= ok=1
Cmd: compileSnippet
  api=4 type=0 insize=46584 outsize=5166 kw=DIRECTIONAL_COOKIE SHADOWS_SCREEN FOG_EXP _TERRAIN_NORMAL_MAP pd= ok=1
Cmd: compileSnippet
  api=4 type=0 insize=46584 outsize=5499 kw=SPOT SHADOWS_DEPTH SHADOWS_SOFT SHADOWS_NATIVE FOG_EXP _TERRAIN_NORMAL_MAP pd= ok=1
Cmd: compileSnippet
  api=4 type=0 insize=46584 outsize=4995 kw=POINT_COOKIE SHADOWS_CUBE SHADOWS_SOFT FOG_EXP _TERRAIN_NORMAL_MAP pd= ok=1
Cmd: compileSnippet
  api=1 type=1 insize=46584 outsize=2801 kw=POINT SHADOWS_OFF FOG_EXP pd= ok=1
Cmd: compileSnippet
  api=4 type=1 insize=46584 outsize=8513 kw=SPOT SHADOWS_OFF FOG_EXP pd= ok=1
Cmd: compileSnippet
  api=1 type=1 insize=46584 outsize=2711 kw=DIRECTIONAL_COOKIE SHADOWS_OFF FOG_EXP pd= ok=1
Cmd: compileSnippet
  api=4 type=1 insize=46584 outsize=9123 kw=SPOT SHADOWS_DEPTH SHADOWS_NATIVE FOG_EXP pd= ok=1
Cmd: compileSnippet
  api=1 type=1 insize=46584 outsize=2780 kw=DIRECTIONAL_COOKIE SHADOWS_SCREEN FOG_EXP pd= ok=1
Cmd: compileSnippet
  api=4 type=1 insize=46584 outsize=8668 kw=POINT SHADOWS_CUBE FOG_EXP pd= ok=1
Cmd: compileSnippet
  api=1 type=1 insize=46584 outsize=3311 kw=SPOT SHADOWS_DEPTH SHADOWS_SOFT SHADOWS_NATIVE FOG_EXP pd= ok=1
Cmd: compileSnippet
  api=1 type=1 insize=46584 outsize=3347 kw=POINT_COOKIE SHADOWS_CUBE SHADOWS_SOFT FOG_EXP pd= ok=1
Cmd: compileSnippet
  api=1 type=1 insize=46584 outsize=3283 kw=POINT SHADOWS_OFF FOG_EXP _TERRAIN_NORMAL_MAP pd= ok=1
Cmd: compileSnippet
  api=4 type=1 insize=46584 outsize=9968 kw=SPOT SHADOWS_OFF FOG_EXP _TERRAIN_NORMAL_MAP pd= ok=1
Cmd: compileSnippet
  api=4 type=1 insize=46584 outsize=9659 kw=POINT_COOKIE SHADOWS_OFF FOG_EXP _TERRAIN_NORMAL_MAP pd= ok=1
Cmd: compileSnippet
  api=1 type=1 insize=46584 outsize=3543 kw=SPOT SHADOWS_DEPTH SHADOWS_NATIVE FOG_EXP _TERRAIN_NORMAL_MAP pd= ok=1
Cmd: compileSnippet
  api=1 type=1 insize=46584 outsize=3279 kw=DIRECTIONAL_COOKIE SHADOWS_SCREEN FOG_EXP _TERRAIN_NORMAL_MAP pd= ok=1
Cmd: compileSnippet
  api=4 type=1 insize=46584 outsize=10122 kw=POINT SHADOWS_CUBE FOG_EXP _TERRAIN_NORMAL_MAP pd= ok=1
Cmd: compileSnippet
  api=1 type=1 insize=46584 outsize=3797 kw=SPOT SHADOWS_DEPTH SHADOWS_SOFT SHADOWS_NATIVE FOG_EXP _TERRAIN_NORMAL_MAP pd= ok=1
Cmd: compileSnippet
  api=4 type=1 insize=46584 outsize=10894 kw=POINT SHADOWS_CUBE SHADOWS_SOFT FOG_EXP _TERRAIN_NORMAL_MAP pd= ok=1
Cmd: compileSnippet
  api=1 type=0 insize=7364 outsize=655 kw=DIRECTIONAL SHADOWS_OFF LIGHTMAP_OFF DIRLIGHTMAP_OFF DYNAMICLIGHTMAP_OFF FOG_EXP pd= ok=1
Cmd: compileSnippet
  api=1 type=0 insize=7364 outsize=789 kw=DIRECTIONAL SHADOWS_SCREEN LIGHTMAP_OFF DIRLIGHTMAP_OFF DYNAMICLIGHTMAP_OFF FOG_EXP pd= ok=1
Cmd: compileSnippet
  api=1 type=0 insize=7364 outsize=691 kw=DIRECTIONAL SHADOWS_SCREEN LIGHTMAP_OFF DIRLIGHTMAP_COMBINED DYNAMICLIGHTMAP_ON FOG_EXP pd= ok=1
Cmd: compileSnippet
  api=4 type=0 insize=7364 outsize=5117 kw=DIRECTIONAL SHADOWS_OFF LIGHTMAP_OFF DIRLIGHTMAP_OFF DYNAMICLIGHTMAP_OFF FOG_EXP VERTEXLIGHT_ON pd= ok=1
Cmd: compileSnippet
  api=1 type=0 insize=7364 outsize=691 kw=DIRECTIONAL SHADOWS_SCREEN LIGHTMAP_OFF DIRLIGHTMAP_COMBINED DYNAMICLIGHTMAP_ON FOG_EXP VERTEXLIGHT_ON pd= ok=1
Cmd: compileSnippet
  api=4 type=0 insize=7364 outsize=3598 kw=DIRECTIONAL SHADOWS_SCREEN LIGHTMAP_OFF DIRLIGHTMAP_COMBINED DYNAMICLIGHTMAP_ON FOG_EXP VERTEXLIGHT_ON pd= ok=1
Cmd: compileSnippet
  api=1 type=1 insize=7364 outsize=3910 kw=DIRECTIONAL SHADOWS_OFF LIGHTMAP_OFF DIRLIGHTMAP_COMBINED DYNAMICLIGHTMAP_ON FOG_EXP pd= ok=1
Cmd: compileSnippet
  api=1 type=1 insize=7364 outsize=3755 kw=DIRECTIONAL SHADOWS_SCREEN LIGHTMAP_OFF DIRLIGHTMAP_OFF DYNAMICLIGHTMAP_OFF FOG_EXP pd= ok=1
Cmd: compileSnippet
  api=1 type=0 insize=4107 outsize=452 kw=DIRECTIONAL SHADOWS_OFF FOG_EXP pd= ok=1
Cmd: compileSnippet
  api=4 type=0 insize=4107 outsize=2907 kw=DIRECTIONAL SHADOWS_OFF FOG_EXP pd= ok=1
Cmd: compileSnippet
  api=4 type=0 insize=4107 outsize=2907 kw=POINT_COOKIE SHADOWS_OFF FOG_EXP pd= ok=1
Cmd: compileSnippet
  api=4 type=0 insize=4107 outsize=3630 kw=SPOT SHADOWS_DEPTH SHADOWS_NATIVE FOG_EXP pd= ok=1
Cmd: compileSnippet
  api=4 type=0 insize=4107 outsize=3313 kw=DIRECTIONAL_COOKIE SHADOWS_SCREEN FOG_EXP pd= ok=1
Cmd: compileSnippet
  api=1 type=0 insize=4107 outsize=509 kw=POINT_COOKIE SHADOWS_CUBE FOG_EXP pd= ok=1
Cmd: compileSnippet
  api=1 type=0 insize=4107 outsize=574 kw=SPOT SHADOWS_DEPTH SHADOWS_SOFT SHADOWS_NATIVE FOG_EXP pd= ok=1
Cmd: compileSnippet
  api=4 type=0 insize=4107 outsize=3126 kw=POINT SHADOWS_CUBE SHADOWS_SOFT FOG_EXP pd= ok=1
Cmd: compileSnippet
  api=1 type=1 insize=4107 outsize=2210 kw=POINT SHADOWS_OFF FOG_EXP pd= ok=1
Cmd: compileSnippet
  api=4 type=1 insize=4107 outsize=7026 kw=SPOT SHADOWS_OFF FOG_EXP pd= ok=1
Cmd: compileSnippet
  api=4 type=1 insize=4107 outsize=6685 kw=POINT_COOKIE SHADOWS_OFF FOG_EXP pd= ok=1
Cmd: compileSnippet
  api=1 type=1 insize=4107 outsize=2486 kw=SPOT SHADOWS_DEPTH SHADOWS_NATIVE FOG_EXP pd= ok=1
Cmd: compileSnippet
  api=4 type=1 insize=4107 outsize=6076 kw=DIRECTIONAL SHADOWS_SCREEN FOG_EXP pd= ok=1
Cmd: compileSnippet
  api=1 type=1 insize=4107 outsize=2508 kw=POINT SHADOWS_CUBE FOG_EXP pd= ok=1
Cmd: compileSnippet
  api=4 type=1 insize=4107 outsize=7368 kw=POINT_COOKIE SHADOWS_CUBE FOG_EXP pd= ok=1
Cmd: compileSnippet
  api=1 type=1 insize=4107 outsize=2796 kw=POINT SHADOWS_CUBE SHADOWS_SOFT FOG_EXP pd= ok=1
Cmd: compileSnippet
  api=4 type=1 insize=4107 outsize=8139 kw=POINT_COOKIE SHADOWS_CUBE SHADOWS_SOFT FOG_EXP pd= ok=1
Cmd: compileSnippet
  api=8 type=0 insize=4597 outsize=6541 kw=FOG_EXP pd=UNITY_NO_SCREENSPACE_SHADOWS UNITY_NO_LINEAR_COLORSPACE ok=1
Cmd: compileSnippet
  api=1 type=0 insize=4597 outsize=1564 kw=SPOT FOG_EXP pd= ok=1
Cmd: compileSnippet
  api=8 type=1 insize=4597 outsize=1739 kw=FOG_EXP pd=UNITY_NO_SCREENSPACE_SHADOWS UNITY_NO_LINEAR_COLORSPACE ok=1
Cmd: compileSnippet
  api=4 type=1 insize=4597 outsize=1241 kw=SPOT FOG_EXP pd= ok=1
Cmd: compileSnippet
  api=4 type=0 insize=1807 outsize=2151 kw=FOG_EXP pd= ok=1
Cmd: compileSnippet
  api=4 type=1 insize=1807 outsize=1388 kw=FOG_EXP pd= ok=1
Cmd: compileSnippet
  api=8 type=0 insize=2082 outsize=3339 kw=FOG_EXP pd=UNITY_NO_SCREENSPACE_SHADOWS UNITY_NO_LINEAR_COLORSPACE ok=1
Cmd: compileSnippet
  api=8 type=1 insize=2082 outsize=2234 kw=FOG_EXP pd=UNITY_NO_SCREENSPACE_SHADOWS UNITY_NO_LINEAR_COLORSPACE ok=1
Cmd: compileSnippet
  api=1 type=0 insize=6924 outsize=634 kw=DIRECTIONAL SHADOWS_OFF LIGHTMAP_OFF DIRLIGHTMAP_OFF DYNAMICLIGHTMAP_OFF FOG_EXP pd= ok=1
Cmd: compileSnippet
  api=4 type=0 insize=6924 outsize=3191 kw=DIRECTIONAL SHADOWS_OFF LIGHTMAP_OFF DIRLIGHTMAP_COMBINED DYNAMICLIGHTMAP_ON FOG_EXP pd= ok=1
Cmd: compileSnippet
  api=1 type=0 insize=6924 outsize=691 kw=DIRECTIONAL SHADOWS_SCREEN LIGHTMAP_OFF DIRLIGHTMAP_COMBINED DYNAMICLIGHTMAP_ON FOG_EXP pd= ok=1
Cmd: compileSnippet
  api=4 type=0 insize=6924 outsize=5377 kw=DIRECTIONAL SHADOWS_OFF LIGHTMAP_OFF DIRLIGHTMAP_OFF DYNAMICLIGHTMAP_OFF FOG_EXP VERTEXLIGHT_ON pd= ok=1
Cmd: compileSnippet
  api=1 type=0 insize=6924 outsize=1254 kw=DIRECTIONAL SHADOWS_SCREEN LIGHTMAP_OFF DIRLIGHTMAP_OFF DYNAMICLIGHTMAP_OFF FOG_EXP VERTEXLIGHT_ON pd= ok=1
Cmd: compileSnippet
  api=4 type=0 insize=6924 outsize=3598 kw=DIRECTIONAL SHADOWS_SCREEN LIGHTMAP_OFF DIRLIGHTMAP_COMBINED DYNAMICLIGHTMAP_ON FOG_EXP VERTEXLIGHT_ON pd= ok=1
Cmd: compileSnippet
  api=8 type=0 insize=6924 outsize=9003 kw=DIRECTIONAL SHADOWS_SCREEN SHADOWS_NATIVE LIGHTMAP_OFF DIRLIGHTMAP_OFF DYNAMICLIGHTMAP_OFF FOG_EXP VERTEXLIGHT_ON pd=UNITY_NO_SCREENSPACE_SHADOWS UNITY_NO_LINEAR_COLORSPACE ok=1
Cmd: compileSnippet
  api=4 type=1 insize=6924 outsize=1615 kw=DIRECTIONAL SHADOWS_OFF LIGHTMAP_OFF DIRLIGHTMAP_OFF DYNAMICLIGHTMAP_OFF FOG_EXP pd= ok=1
Cmd: compileSnippet
  api=4 type=1 insize=6924 outsize=2558 kw=DIRECTIONAL SHADOWS_OFF LIGHTMAP_OFF DIRLIGHTMAP_COMBINED DYNAMICLIGHTMAP_ON FOG_EXP pd= ok=1
Cmd: compileSnippet
  api=8 type=1 insize=6924 outsize=3055 kw=DIRECTIONAL SHADOWS_SCREEN SHADOWS_NATIVE LIGHTMAP_OFF DIRLIGHTMAP_OFF DYNAMICLIGHTMAP_OFF FOG_EXP pd=UNITY_NO_SCREENSPACE_SHADOWS UNITY_NO_LINEAR_COLORSPACE ok=1
Cmd: compileSnippet
  api=1 type=0 insize=3695 outsize=393 kw=POINT FOG_EXP pd= ok=1
Cmd: compileSnippet
  api=1 type=0 insize=3695 outsize=393 kw=DIRECTIONAL FOG_EXP pd= ok=1
Cmd: compileSnippet
  api=1 type=0 insize=3695 outsize=393 kw=SPOT FOG_EXP pd= ok=1
Cmd: compileSnippet
  api=8 type=0 insize=3695 outsize=4233 kw=SPOT FOG_EXP pd=UNITY_NO_SCREENSPACE_SHADOWS UNITY_NO_LINEAR_COLORSPACE ok=1
Cmd: compileSnippet
  api=1 type=0 insize=3695 outsize=393 kw=DIRECTIONAL_COOKIE FOG_EXP pd= ok=1
Cmd: compileSnippet
  api=8 type=0 insize=3695 outsize=4233 kw=DIRECTIONAL_COOKIE FOG_EXP pd=UNITY_NO_SCREENSPACE_SHADOWS UNITY_NO_LINEAR_COLORSPACE ok=1
Cmd: compileSnippet
  api=4 type=1 insize=3695 outsize=2119 kw=POINT FOG_EXP pd= ok=1
Cmd: compileSnippet
  api=4 type=1 insize=3695 outsize=1339 kw=DIRECTIONAL FOG_EXP pd= ok=1
Cmd: compileSnippet
  api=4 type=1 insize=3695 outsize=2614 kw=SPOT FOG_EXP pd= ok=1
Cmd: compileSnippet
  api=8 type=1 insize=3695 outsize=3413 kw=POINT_COOKIE FOG_EXP pd=UNITY_NO_SCREENSPACE_SHADOWS UNITY_NO_LINEAR_COLORSPACE ok=1
Cmd: compileSnippet
  api=8 type=0 insize=5962 outsize=6126 kw=LIGHTMAP_OFF DIRLIGHTMAP_OFF DYNAMICLIGHTMAP_OFF FOG_EXP HDR_LIGHT_PREPASS_OFF pd=UNITY_NO_SCREENSPACE_SHADOWS UNITY_NO_LINEAR_COLORSPACE ok=1
Cmd: compileSnippet
  api=1 type=0 insize=5962 outsize=896 kw=LIGHTMAP_OFF DIRLIGHTMAP_COMBINED DYNAMICLIGHTMAP_ON FOG_EXP UNITY_HDR_ON pd= ok=1
Cmd: compileSnippet
  api=4 type=1 insize=5962 outsize=1623 kw=LIGHTMAP_OFF DIRLIGHTMAP_OFF DYNAMICLIGHTMAP_OFF FOG_EXP HDR_LIGHT_PREPASS_OFF pd= ok=1
Cmd: compileSnippet
  api=4 type=1 insize=5962 outsize=2233 kw=LIGHTMAP_OFF DIRLIGHTMAP_COMBINED DYNAMICLIGHTMAP_ON FOG_EXP HDR_LIGHT_PREPASS_OFF pd= ok=1
Cmd: compileSnippet
  api=1 type=1 insize=5962 outsize=575 kw=LIGHTMAP_OFF DIRLIGHTMAP_COMBINED DYNAMICLIGHTMAP_ON FOG_EXP UNITY_HDR_ON pd= ok=1
Unhandled exception: Readfile from pipe failed. GLE=Denna pipe har avslutats.


Quitting shader compiler process
