Base path: D:/Unity/Editor/Data
Pipe name: \\.\pipe\UnityShaderCompiler-64bit-3-27372
Cmd: getPlatforms
Cmd: compileSnippet
  api=1 type=0 insize=7139 outsize=1254 kw=DIRECTIONAL SHADOWS_SCREEN LIGHTMAP_OFF DIRLIGHTMAP_OFF DYNAMICLIGHTMAP_OFF FOG_EXP VERTEXLIGHT_ON pd= ok=1
Cmd: compileSnippet
  api=4 type=0 insize=7139 outsize=3598 kw=DIRECTIONAL SHADOWS_SCREEN LIGHTMAP_OFF DIRLIGHTMAP_COMBINED DYNAMICLIGHTMAP_ON FOG_EXP VERTEXLIGHT_ON pd= ok=1
Cmd: compileSnippet
  api=1 type=1 insize=7139 outsize=608 kw=DIRECTIONAL SHADOWS_OFF LIGHTMAP_OFF DIRLIGHTMAP_OFF DYNAMICLIGHTMAP_OFF FOG_EXP pd= ok=1
Cmd: compileSnippet
  api=1 type=1 insize=7139 outsize=1095 kw=DIRECTIONAL SHADOWS_OFF LIGHTMAP_OFF DIRLIGHTMAP_COMBINED DYNAMICLIGHTMAP_ON FOG_EXP pd= ok=1
Cmd: compileSnippet
  api=4 type=1 insize=7139 outsize=2907 kw=DIRECTIONAL SHADOWS_SCREEN LIGHTMAP_OFF DIRLIGHTMAP_OFF DYNAMICLIGHTMAP_OFF FOG_EXP pd= ok=1
Cmd: compileSnippet
  api=8 type=1 insize=7139 outsize=4469 kw=DIRECTIONAL SHADOWS_SCREEN SHADOWS_NATIVE LIGHTMAP_OFF DIRLIGHTMAP_OFF DYNAMICLIGHTMAP_OFF FOG_EXP pd=UNITY_NO_SCREENSPACE_SHADOWS UNITY_NO_LINEAR_COLORSPACE ok=1
Cmd: compileSnippet
  api=1 type=0 insize=3868 outsize=393 kw=POINT FOG_EXP pd= ok=1
Cmd: compileSnippet
  api=1 type=0 insize=3868 outsize=393 kw=DIRECTIONAL FOG_EXP pd= ok=1
Cmd: compileSnippet
  api=8 type=0 insize=3868 outsize=4233 kw=DIRECTIONAL FOG_EXP pd=UNITY_NO_SCREENSPACE_SHADOWS UNITY_NO_LINEAR_COLORSPACE ok=1
Cmd: compileSnippet
  api=8 type=0 insize=3868 outsize=4233 kw=SPOT FOG_EXP pd=UNITY_NO_SCREENSPACE_SHADOWS UNITY_NO_LINEAR_COLORSPACE ok=1
Cmd: compileSnippet
  api=1 type=0 insize=3868 outsize=393 kw=DIRECTIONAL_COOKIE FOG_EXP pd= ok=1
Cmd: compileSnippet
  api=8 type=0 insize=3868 outsize=4233 kw=DIRECTIONAL_COOKIE FOG_EXP pd=UNITY_NO_SCREENSPACE_SHADOWS UNITY_NO_LINEAR_COLORSPACE ok=1
Cmd: compileSnippet
  api=4 type=1 insize=3868 outsize=3029 kw=POINT FOG_EXP pd= ok=1
Cmd: compileSnippet
  api=4 type=1 insize=3868 outsize=2322 kw=DIRECTIONAL FOG_EXP pd= ok=1
Cmd: compileSnippet
  api=1 type=1 insize=3868 outsize=905 kw=SPOT FOG_EXP pd= ok=1
Cmd: compileSnippet
  api=1 type=1 insize=3868 outsize=796 kw=POINT_COOKIE FOG_EXP pd= ok=1
Cmd: compileSnippet
  api=8 type=1 insize=3868 outsize=4761 kw=POINT_COOKIE FOG_EXP pd=UNITY_NO_SCREENSPACE_SHADOWS UNITY_NO_LINEAR_COLORSPACE ok=1
Cmd: compileSnippet
  api=1 type=0 insize=6052 outsize=746 kw=LIGHTMAP_OFF DIRLIGHTMAP_OFF DYNAMICLIGHTMAP_OFF FOG_EXP HDR_LIGHT_PREPASS_OFF pd= ok=1
Cmd: compileSnippet
  api=1 type=0 insize=6052 outsize=896 kw=LIGHTMAP_OFF DIRLIGHTMAP_COMBINED DYNAMICLIGHTMAP_ON FOG_EXP HDR_LIGHT_PREPASS_OFF pd= ok=1
Cmd: compileSnippet
  api=4 type=0 insize=6052 outsize=4296 kw=LIGHTMAP_OFF DIRLIGHTMAP_OFF DYNAMICLIGHTMAP_OFF FOG_EXP UNITY_HDR_ON pd= ok=1
Cmd: compileSnippet
  api=4 type=0 insize=6052 outsize=4394 kw=LIGHTMAP_OFF DIRLIGHTMAP_COMBINED DYNAMICLIGHTMAP_ON FOG_EXP UNITY_HDR_ON pd= ok=1
Cmd: compileSnippet
  api=4 type=1 insize=6052 outsize=1867 kw=LIGHTMAP_OFF DIRLIGHTMAP_OFF DYNAMICLIGHTMAP_OFF FOG_EXP HDR_LIGHT_PREPASS_OFF pd= ok=1
Cmd: compileSnippet
  api=1 type=1 insize=6052 outsize=769 kw=LIGHTMAP_OFF DIRLIGHTMAP_COMBINED DYNAMICLIGHTMAP_ON FOG_EXP HDR_LIGHT_PREPASS_OFF pd= ok=1
Cmd: compileSnippet
  api=1 type=1 insize=6052 outsize=345 kw=LIGHTMAP_OFF DIRLIGHTMAP_OFF DYNAMICLIGHTMAP_OFF FOG_EXP UNITY_HDR_ON pd= ok=1
Cmd: compileSnippet
  api=4 type=1 insize=6052 outsize=2419 kw=LIGHTMAP_OFF DIRLIGHTMAP_COMBINED DYNAMICLIGHTMAP_ON FOG_EXP UNITY_HDR_ON pd= ok=1
Cmd: compileSnippet
  api=1 type=0 insize=982 outsize=995 kw=DIRECTIONAL SHADOWS_OFF LIGHTMAP_OFF DIRLIGHTMAP_COMBINED DYNAMICLIGHTMAP_ON FOG_EXP pd= ok=1
Cmd: compileSnippet
  api=4 type=0 insize=982 outsize=5548 kw=DIRECTIONAL SHADOWS_OFF LIGHTMAP_OFF DIRLIGHTMAP_OFF DYNAMICLIGHTMAP_OFF FOG_EXP VERTEXLIGHT_ON pd= ok=1
Cmd: compileSnippet
  api=4 type=0 insize=982 outsize=5864 kw=DIRECTIONAL SHADOWS_SCREEN LIGHTMAP_OFF DIRLIGHTMAP_OFF DYNAMICLIGHTMAP_OFF FOG_EXP VERTEXLIGHT_ON pd= ok=1
Cmd: compileSnippet
  api=4 type=0 insize=982 outsize=4889 kw=DIRECTIONAL SHADOWS_SCREEN LIGHTMAP_OFF DIRLIGHTMAP_COMBINED DYNAMICLIGHTMAP_ON FOG_EXP VERTEXLIGHT_ON pd= ok=1
Cmd: compileSnippet
  api=1 type=1 insize=982 outsize=3962 kw=DIRECTIONAL SHADOWS_SCREEN LIGHTMAP_OFF DIRLIGHTMAP_OFF DYNAMICLIGHTMAP_OFF FOG_EXP pd= ok=1
Cmd: compileSnippet
  api=1 type=0 insize=938 outsize=879 kw=DIRECTIONAL SHADOWS_OFF FOG_EXP pd= ok=1
Cmd: compileSnippet
  api=1 type=0 insize=938 outsize=972 kw=POINT_COOKIE SHADOWS_OFF FOG_EXP pd= ok=1
Cmd: compileSnippet
  api=4 type=0 insize=938 outsize=4946 kw=DIRECTIONAL_COOKIE SHADOWS_OFF FOG_EXP pd= ok=1
Cmd: compileSnippet
  api=1 type=0 insize=938 outsize=1033 kw=DIRECTIONAL SHADOWS_SCREEN FOG_EXP pd= ok=1
Cmd: compileSnippet
  api=4 type=0 insize=938 outsize=5320 kw=DIRECTIONAL_COOKIE SHADOWS_SCREEN FOG_EXP pd= ok=1
Cmd: compileSnippet
  api=4 type=0 insize=938 outsize=5093 kw=POINT_COOKIE SHADOWS_CUBE FOG_EXP pd= ok=1
Cmd: compileSnippet
  api=4 type=0 insize=938 outsize=5093 kw=POINT SHADOWS_CUBE SHADOWS_SOFT FOG_EXP pd= ok=1
Cmd: compileSnippet
  api=1 type=1 insize=938 outsize=2154 kw=DIRECTIONAL SHADOWS_OFF FOG_EXP pd= ok=1
Cmd: compileSnippet
  api=4 type=1 insize=938 outsize=6482 kw=POINT_COOKIE SHADOWS_OFF FOG_EXP pd= ok=1
Cmd: compileSnippet
  api=1 type=1 insize=938 outsize=2223 kw=DIRECTIONAL_COOKIE SHADOWS_OFF FOG_EXP pd= ok=1
Cmd: compileSnippet
  api=1 type=1 insize=938 outsize=2221 kw=DIRECTIONAL SHADOWS_SCREEN FOG_EXP pd= ok=1
Cmd: compileSnippet
  api=4 type=1 insize=938 outsize=6417 kw=DIRECTIONAL_COOKIE SHADOWS_SCREEN FOG_EXP pd= ok=1
Cmd: compileSnippet
  api=4 type=1 insize=938 outsize=6978 kw=POINT SHADOWS_CUBE FOG_EXP pd= ok=1
Cmd: compileSnippet
  api=1 type=1 insize=938 outsize=2732 kw=SPOT SHADOWS_DEPTH SHADOWS_SOFT SHADOWS_NATIVE FOG_EXP pd= ok=1
Cmd: compileSnippet
  api=8 type=0 insize=886 outsize=6687 kw=DIRECTIONAL SHADOWS_OFF LIGHTMAP_OFF DIRLIGHTMAP_OFF DYNAMICLIGHTMAP_OFF FOG_EXP pd=UNITY_NO_SCREENSPACE_SHADOWS UNITY_NO_LINEAR_COLORSPACE ok=1
Cmd: compileSnippet
  api=1 type=0 insize=886 outsize=1399 kw=DIRECTIONAL SHADOWS_OFF LIGHTMAP_OFF DIRLIGHTMAP_OFF DYNAMICLIGHTMAP_OFF FOG_EXP VERTEXLIGHT_ON pd= ok=1
Cmd: compileSnippet
  api=1 type=0 insize=886 outsize=1512 kw=DIRECTIONAL SHADOWS_SCREEN LIGHTMAP_OFF DIRLIGHTMAP_OFF DYNAMICLIGHTMAP_OFF FOG_EXP VERTEXLIGHT_ON pd= ok=1
Cmd: compileSnippet
  api=8 type=0 insize=886 outsize=7743 kw=DIRECTIONAL SHADOWS_SCREEN SHADOWS_NATIVE LIGHTMAP_OFF DIRLIGHTMAP_OFF DYNAMICLIGHTMAP_OFF FOG_EXP pd=UNITY_NO_SCREENSPACE_SHADOWS UNITY_NO_LINEAR_COLORSPACE ok=1
Cmd: compileSnippet
  api=8 type=1 insize=886 outsize=6224 kw=DIRECTIONAL SHADOWS_OFF LIGHTMAP_OFF DIRLIGHTMAP_OFF DYNAMICLIGHTMAP_OFF FOG_EXP pd=UNITY_NO_SCREENSPACE_SHADOWS UNITY_NO_LINEAR_COLORSPACE ok=1
Cmd: compileSnippet
  api=4 type=0 insize=816 outsize=5361 kw=POINT SHADOWS_OFF FOG_EXP pd= ok=1
Cmd: compileSnippet
  api=4 type=0 insize=816 outsize=4516 kw=DIRECTIONAL SHADOWS_OFF FOG_EXP pd= ok=1
Cmd: compileSnippet
  api=4 type=0 insize=816 outsize=5361 kw=SPOT SHADOWS_OFF FOG_EXP pd= ok=1
Cmd: compileSnippet
  api=8 type=0 insize=816 outsize=7751 kw=POINT_COOKIE SHADOWS_OFF FOG_EXP pd=UNITY_NO_SCREENSPACE_SHADOWS UNITY_NO_LINEAR_COLORSPACE ok=1
Cmd: compileSnippet
  api=1 type=0 insize=816 outsize=1043 kw=SPOT SHADOWS_DEPTH SHADOWS_NATIVE FOG_EXP pd= ok=1
Cmd: compileSnippet
  api=8 type=0 insize=816 outsize=8344 kw=SPOT SHADOWS_DEPTH SHADOWS_NATIVE FOG_EXP pd=UNITY_NO_SCREENSPACE_SHADOWS UNITY_NO_LINEAR_COLORSPACE ok=1
Cmd: compileSnippet
  api=4 type=0 insize=816 outsize=5523 kw=DIRECTIONAL_COOKIE SHADOWS_SCREEN FOG_EXP pd= ok=1
Cmd: compileSnippet
  api=8 type=0 insize=816 outsize=7930 kw=POINT SHADOWS_CUBE FOG_EXP pd=UNITY_NO_SCREENSPACE_SHADOWS UNITY_NO_LINEAR_COLORSPACE ok=1
Cmd: compileSnippet
  api=4 type=1 insize=816 outsize=3069 kw=POINT SHADOWS_OFF FOG_EXP pd= ok=1
Cmd: compileSnippet
  api=4 type=1 insize=816 outsize=2753 kw=DIRECTIONAL SHADOWS_OFF FOG_EXP pd= ok=1
Cmd: compileSnippet
  api=4 type=1 insize=816 outsize=3565 kw=SPOT SHADOWS_OFF FOG_EXP pd= ok=1
Cmd: compileSnippet
  api=1 type=1 insize=816 outsize=909 kw=POINT_COOKIE SHADOWS_OFF FOG_EXP pd= ok=1
Cmd: compileSnippet
  api=4 type=1 insize=816 outsize=3256 kw=POINT_COOKIE SHADOWS_OFF FOG_EXP pd= ok=1
Cmd: compileSnippet
  api=8 type=1 insize=816 outsize=4501 kw=DIRECTIONAL_COOKIE SHADOWS_OFF FOG_EXP pd=UNITY_NO_SCREENSPACE_SHADOWS UNITY_NO_LINEAR_COLORSPACE ok=1
Cmd: compileSnippet
  api=1 type=1 insize=816 outsize=1051 kw=POINT SHADOWS_CUBE FOG_EXP pd= ok=1
Cmd: compileSnippet
  api=8 type=1 insize=816 outsize=5663 kw=POINT SHADOWS_CUBE FOG_EXP pd=UNITY_NO_SCREENSPACE_SHADOWS UNITY_NO_LINEAR_COLORSPACE ok=1
Cmd: compileSnippet
  api=8 type=1 insize=816 outsize=4834 kw=DIRECTIONAL SHADOWS_SCREEN SHADOWS_NATIVE FOG_EXP pd=UNITY_NO_SCREENSPACE_SHADOWS UNITY_NO_LINEAR_COLORSPACE ok=1
Cmd: compileSnippet
  api=8 type=0 insize=7058 outsize=5769 kw=DIRECTIONAL SHADOWS_OFF LIGHTMAP_OFF DIRLIGHTMAP_OFF DYNAMICLIGHTMAP_OFF FOG_EXP pd=UNITY_NO_SCREENSPACE_SHADOWS UNITY_NO_LINEAR_COLORSPACE ok=1
Cmd: compileSnippet
  api=4 type=0 insize=7058 outsize=4418 kw=DIRECTIONAL SHADOWS_SCREEN LIGHTMAP_OFF DIRLIGHTMAP_OFF DYNAMICLIGHTMAP_OFF FOG_EXP pd= ok=1
Cmd: compileSnippet
  api=4 type=0 insize=7058 outsize=5523 kw=DIRECTIONAL SHADOWS_OFF LIGHTMAP_OFF DIRLIGHTMAP_OFF DYNAMICLIGHTMAP_OFF FOG_EXP VERTEXLIGHT_ON pd= ok=1
Cmd: compileSnippet
  api=1 type=0 insize=7058 outsize=1279 kw=DIRECTIONAL SHADOWS_SCREEN LIGHTMAP_OFF DIRLIGHTMAP_OFF DYNAMICLIGHTMAP_OFF FOG_EXP VERTEXLIGHT_ON pd= ok=1
Cmd: compileSnippet
  api=1 type=0 insize=7058 outsize=728 kw=DIRECTIONAL SHADOWS_SCREEN LIGHTMAP_OFF DIRLIGHTMAP_COMBINED DYNAMICLIGHTMAP_ON FOG_EXP VERTEXLIGHT_ON pd= ok=1
Cmd: compileSnippet
  api=8 type=0 insize=7058 outsize=9198 kw=DIRECTIONAL SHADOWS_SCREEN SHADOWS_NATIVE LIGHTMAP_OFF DIRLIGHTMAP_OFF DYNAMICLIGHTMAP_OFF FOG_EXP VERTEXLIGHT_ON pd=UNITY_NO_SCREENSPACE_SHADOWS UNITY_NO_LINEAR_COLORSPACE ok=1
Cmd: compileSnippet
  api=8 type=1 insize=7058 outsize=2413 kw=DIRECTIONAL SHADOWS_OFF LIGHTMAP_OFF DIRLIGHTMAP_OFF DYNAMICLIGHTMAP_OFF FOG_EXP pd=UNITY_NO_SCREENSPACE_SHADOWS UNITY_NO_LINEAR_COLORSPACE ok=1
Cmd: compileSnippet
  api=4 type=1 insize=7058 outsize=2948 kw=DIRECTIONAL SHADOWS_SCREEN LIGHTMAP_OFF DIRLIGHTMAP_COMBINED DYNAMICLIGHTMAP_ON FOG_EXP pd= ok=1
Cmd: compileSnippet
  api=8 type=0 insize=3804 outsize=4428 kw=POINT FOG_EXP pd=UNITY_NO_SCREENSPACE_SHADOWS UNITY_NO_LINEAR_COLORSPACE ok=1
Cmd: compileSnippet
  api=4 type=0 insize=3804 outsize=3159 kw=DIRECTIONAL FOG_EXP pd= ok=1
Cmd: compileSnippet
  api=4 type=0 insize=3804 outsize=3159 kw=SPOT FOG_EXP pd= ok=1
Cmd: compileSnippet
  api=4 type=0 insize=3804 outsize=3159 kw=POINT_COOKIE FOG_EXP pd= ok=1
Cmd: compileSnippet
  api=1 type=0 insize=3804 outsize=418 kw=DIRECTIONAL_COOKIE FOG_EXP pd= ok=1
Cmd: compileSnippet
  api=8 type=0 insize=3804 outsize=4428 kw=DIRECTIONAL_COOKIE FOG_EXP pd=UNITY_NO_SCREENSPACE_SHADOWS UNITY_NO_LINEAR_COLORSPACE ok=1
Cmd: compileSnippet
  api=4 type=1 insize=3804 outsize=2192 kw=POINT FOG_EXP pd= ok=1
Cmd: compileSnippet
  api=1 type=1 insize=3804 outsize=286 kw=DIRECTIONAL FOG_EXP pd= ok=1
Cmd: compileSnippet
  api=8 type=1 insize=3804 outsize=2039 kw=DIRECTIONAL FOG_EXP pd=UNITY_NO_SCREENSPACE_SHADOWS UNITY_NO_LINEAR_COLORSPACE ok=1
Cmd: compileSnippet
  api=8 type=1 insize=3804 outsize=3900 kw=SPOT FOG_EXP pd=UNITY_NO_SCREENSPACE_SHADOWS UNITY_NO_LINEAR_COLORSPACE ok=1
Cmd: compileSnippet
  api=8 type=1 insize=3804 outsize=2836 kw=DIRECTIONAL_COOKIE FOG_EXP pd=UNITY_NO_SCREENSPACE_SHADOWS UNITY_NO_LINEAR_COLORSPACE ok=1
Cmd: compileSnippet
  api=1 type=0 insize=6071 outsize=771 kw=LIGHTMAP_OFF DIRLIGHTMAP_OFF DYNAMICLIGHTMAP_OFF FOG_EXP HDR_LIGHT_PREPASS_OFF pd= ok=1
Cmd: compileSnippet
  api=1 type=0 insize=6071 outsize=933 kw=LIGHTMAP_OFF DIRLIGHTMAP_COMBINED DYNAMICLIGHTMAP_ON FOG_EXP HDR_LIGHT_PREPASS_OFF pd= ok=1
Cmd: compileSnippet
  api=1 type=0 insize=6071 outsize=771 kw=LIGHTMAP_OFF DIRLIGHTMAP_OFF DYNAMICLIGHTMAP_OFF FOG_EXP UNITY_HDR_ON pd= ok=1
Cmd: compileSnippet
  api=8 type=0 insize=6071 outsize=6321 kw=LIGHTMAP_OFF DIRLIGHTMAP_OFF DYNAMICLIGHTMAP_OFF FOG_EXP UNITY_HDR_ON pd=UNITY_NO_SCREENSPACE_SHADOWS UNITY_NO_LINEAR_COLORSPACE ok=1
Cmd: compileSnippet
  api=8 type=1 insize=6071 outsize=2438 kw=LIGHTMAP_OFF DIRLIGHTMAP_OFF DYNAMICLIGHTMAP_OFF FOG_EXP HDR_LIGHT_PREPASS_OFF pd=UNITY_NO_SCREENSPACE_SHADOWS UNITY_NO_LINEAR_COLORSPACE ok=1
Cmd: compileSnippet
  api=1 type=1 insize=6071 outsize=281 kw=LIGHTMAP_OFF DIRLIGHTMAP_OFF DYNAMICLIGHTMAP_OFF FOG_EXP UNITY_HDR_ON pd= ok=1
Cmd: compileSnippet
  api=4 type=1 insize=6071 outsize=2257 kw=LIGHTMAP_OFF DIRLIGHTMAP_COMBINED DYNAMICLIGHTMAP_ON FOG_EXP UNITY_HDR_ON pd= ok=1
Cmd: compileSnippet
  api=4 type=0 insize=4027 outsize=3321 kw=FOG_EXP pd= ok=1
Cmd: compileSnippet
  api=1 type=0 insize=4027 outsize=1017 kw=POINT FOG_EXP pd= ok=1
Cmd: compileSnippet
  api=1 type=0 insize=4027 outsize=1179 kw=SPOT FOG_EXP pd= ok=1
Cmd: compileSnippet
  api=4 type=1 insize=4027 outsize=1111 kw=FOG_EXP pd= ok=1
Cmd: compileSnippet
  api=4 type=1 insize=4027 outsize=1111 kw=POINT FOG_EXP pd= ok=1
Cmd: compileSnippet
  api=4 type=1 insize=4027 outsize=1111 kw=SPOT FOG_EXP pd= ok=1
Cmd: compileSnippet
  api=4 type=0 insize=1798 outsize=2208 kw=FOG_EXP pd= ok=1
Cmd: compileSnippet
  api=8 type=1 insize=1798 outsize=2056 kw=FOG_EXP pd=UNITY_NO_SCREENSPACE_SHADOWS UNITY_NO_LINEAR_COLORSPACE ok=1
Cmd: compileSnippet
  api=8 type=0 insize=7271 outsize=9604 kw=DIRECTIONAL SHADOWS_OFF LIGHTMAP_OFF DIRLIGHTMAP_OFF DYNAMICLIGHTMAP_OFF FOG_EXP pd=UNITY_NO_SCREENSPACE_SHADOWS UNITY_NO_LINEAR_COLORSPACE ok=1
Cmd: compileSnippet
  api=4 type=0 insize=7271 outsize=6791 kw=DIRECTIONAL SHADOWS_SCREEN LIGHTMAP_OFF DIRLIGHTMAP_OFF DYNAMICLIGHTMAP_OFF FOG_EXP pd= ok=1
Cmd: compileSnippet
  api=4 type=0 insize=7271 outsize=7839 kw=DIRECTIONAL SHADOWS_OFF LIGHTMAP_OFF DIRLIGHTMAP_OFF DYNAMICLIGHTMAP_OFF FOG_EXP VERTEXLIGHT_ON pd= ok=1
Cmd: compileSnippet
  api=4 type=0 insize=7271 outsize=5653 kw=DIRECTIONAL SHADOWS_OFF LIGHTMAP_OFF DIRLIGHTMAP_COMBINED DYNAMICLIGHTMAP_ON FOG_EXP VERTEXLIGHT_ON pd= ok=1
Cmd: compileSnippet
  api=4 type=0 insize=7271 outsize=8188 kw=DIRECTIONAL SHADOWS_SCREEN LIGHTMAP_OFF DIRLIGHTMAP_OFF DYNAMICLIGHTMAP_OFF FOG_EXP VERTEXLIGHT_ON pd= ok=1
Cmd: compileSnippet
  api=1 type=1 insize=7271 outsize=366 kw=DIRECTIONAL SHADOWS_OFF LIGHTMAP_OFF DIRLIGHTMAP_OFF DYNAMICLIGHTMAP_OFF FOG_EXP pd= ok=1
Cmd: compileSnippet
  api=1 type=1 insize=7271 outsize=828 kw=DIRECTIONAL SHADOWS_OFF LIGHTMAP_OFF DIRLIGHTMAP_COMBINED DYNAMICLIGHTMAP_ON FOG_EXP pd= ok=1
Cmd: compileSnippet
  api=1 type=1 insize=7271 outsize=900 kw=DIRECTIONAL SHADOWS_SCREEN LIGHTMAP_OFF DIRLIGHTMAP_COMBINED DYNAMICLIGHTMAP_ON FOG_EXP pd= ok=1
Cmd: compileSnippet
  api=4 type=0 insize=4017 outsize=5474 kw=POINT FOG_EXP pd= ok=1
Cmd: compileSnippet
  api=8 type=0 insize=4017 outsize=8336 kw=DIRECTIONAL FOG_EXP pd=UNITY_NO_SCREENSPACE_SHADOWS UNITY_NO_LINEAR_COLORSPACE ok=1
Cmd: compileSnippet
  api=1 type=0 insize=4017 outsize=1636 kw=POINT_COOKIE FOG_EXP pd= ok=1
Cmd: compileSnippet
  api=8 type=0 insize=4017 outsize=8336 kw=POINT_COOKIE FOG_EXP pd=UNITY_NO_SCREENSPACE_SHADOWS UNITY_NO_LINEAR_COLORSPACE ok=1
Cmd: compileSnippet
  api=4 type=1 insize=4017 outsize=2363 kw=POINT FOG_EXP pd= ok=1
Cmd: compileSnippet
  api=8 type=1 insize=4017 outsize=2291 kw=DIRECTIONAL FOG_EXP pd=UNITY_NO_SCREENSPACE_SHADOWS UNITY_NO_LINEAR_COLORSPACE ok=1
Cmd: compileSnippet
  api=8 type=1 insize=4017 outsize=4152 kw=SPOT FOG_EXP pd=UNITY_NO_SCREENSPACE_SHADOWS UNITY_NO_LINEAR_COLORSPACE ok=1
Cmd: compileSnippet
  api=8 type=0 insize=6285 outsize=10213 kw=LIGHTMAP_OFF DIRLIGHTMAP_OFF DYNAMICLIGHTMAP_OFF FOG_EXP HDR_LIGHT_PREPASS_OFF pd=UNITY_NO_SCREENSPACE_SHADOWS UNITY_NO_LINEAR_COLORSPACE ok=1
Cmd: compileSnippet
  api=4 type=0 insize=6285 outsize=6815 kw=LIGHTMAP_OFF DIRLIGHTMAP_OFF DYNAMICLIGHTMAP_OFF FOG_EXP UNITY_HDR_ON pd= ok=1
Cmd: compileSnippet
  api=4 type=0 insize=6285 outsize=6856 kw=LIGHTMAP_OFF DIRLIGHTMAP_COMBINED DYNAMICLIGHTMAP_ON FOG_EXP UNITY_HDR_ON pd= ok=1
Cmd: compileSnippet
  api=1 type=1 insize=6285 outsize=372 kw=LIGHTMAP_OFF DIRLIGHTMAP_OFF DYNAMICLIGHTMAP_OFF FOG_EXP HDR_LIGHT_PREPASS_OFF pd= ok=1
Cmd: compileSnippet
  api=1 type=1 insize=6285 outsize=686 kw=LIGHTMAP_OFF DIRLIGHTMAP_COMBINED DYNAMICLIGHTMAP_ON FOG_EXP HDR_LIGHT_PREPASS_OFF pd= ok=1
Cmd: compileSnippet
  api=1 type=1 insize=6285 outsize=317 kw=LIGHTMAP_OFF DIRLIGHTMAP_OFF DYNAMICLIGHTMAP_OFF FOG_EXP UNITY_HDR_ON pd= ok=1
Cmd: compileSnippet
  api=1 type=1 insize=6285 outsize=631 kw=LIGHTMAP_OFF DIRLIGHTMAP_COMBINED DYNAMICLIGHTMAP_ON FOG_EXP UNITY_HDR_ON pd= ok=1
Cmd: compileSnippet
  api=4 type=0 insize=4069 outsize=3321 kw=FOG_EXP pd= ok=1
Cmd: compileSnippet
  api=1 type=0 insize=4069 outsize=1017 kw=POINT FOG_EXP pd= ok=1
Cmd: compileSnippet
  api=1 type=0 insize=4069 outsize=1179 kw=SPOT FOG_EXP pd= ok=1
Cmd: compileSnippet
  api=8 type=1 insize=4069 outsize=1820 kw=FOG_EXP pd=UNITY_NO_SCREENSPACE_SHADOWS UNITY_NO_LINEAR_COLORSPACE ok=1
Cmd: compileSnippet
  api=1 type=1 insize=4069 outsize=259 kw=SPOT FOG_EXP pd= ok=1
Cmd: compileSnippet
  api=8 type=1 insize=4069 outsize=1820 kw=SPOT FOG_EXP pd=UNITY_NO_SCREENSPACE_SHADOWS UNITY_NO_LINEAR_COLORSPACE ok=1
Cmd: compileSnippet
  api=8 type=0 insize=1836 outsize=3136 kw=FOG_EXP pd=UNITY_NO_SCREENSPACE_SHADOWS UNITY_NO_LINEAR_COLORSPACE ok=1
Cmd: compileSnippet
  api=4 type=1 insize=1836 outsize=1526 kw=FOG_EXP pd= ok=1
Cmd: compileSnippet
  api=1 type=0 insize=7662 outsize=2008 kw=DIRECTIONAL SHADOWS_OFF LIGHTMAP_OFF DIRLIGHTMAP_OFF DYNAMICLIGHTMAP_OFF FOG_EXP pd= ok=1
Cmd: compileSnippet
  api=1 type=0 insize=7662 outsize=1897 kw=DIRECTIONAL SHADOWS_OFF LIGHTMAP_OFF DIRLIGHTMAP_COMBINED DYNAMICLIGHTMAP_ON FOG_EXP pd= ok=1
Cmd: compileSnippet
  api=1 type=0 insize=7662 outsize=2067 kw=DIRECTIONAL SHADOWS_SCREEN LIGHTMAP_OFF DIRLIGHTMAP_OFF DYNAMICLIGHTMAP_OFF FOG_EXP pd= ok=1
Cmd: compileSnippet
  api=4 type=0 insize=7662 outsize=6376 kw=DIRECTIONAL SHADOWS_SCREEN LIGHTMAP_OFF DIRLIGHTMAP_COMBINED DYNAMICLIGHTMAP_ON FOG_EXP pd= ok=1
Cmd: compileSnippet
  api=8 type=0 insize=7662 outsize=12537 kw=DIRECTIONAL SHADOWS_OFF LIGHTMAP_OFF DIRLIGHTMAP_OFF DYNAMICLIGHTMAP_OFF FOG_EXP VERTEXLIGHT_ON pd=UNITY_NO_SCREENSPACE_SHADOWS UNITY_NO_LINEAR_COLORSPACE ok=1
Cmd: compileSnippet
  api=4 type=0 insize=7662 outsize=6376 kw=DIRECTIONAL SHADOWS_SCREEN LIGHTMAP_OFF DIRLIGHTMAP_COMBINED DYNAMICLIGHTMAP_ON FOG_EXP VERTEXLIGHT_ON pd= ok=1
Cmd: compileSnippet
  api=8 type=0 insize=7662 outsize=13593 kw=DIRECTIONAL SHADOWS_SCREEN SHADOWS_NATIVE LIGHTMAP_OFF DIRLIGHTMAP_OFF DYNAMICLIGHTMAP_OFF FOG_EXP VERTEXLIGHT_ON pd=UNITY_NO_SCREENSPACE_SHADOWS UNITY_NO_LINEAR_COLORSPACE ok=1
Cmd: compileSnippet
  api=4 type=1 insize=7662 outsize=1859 kw=DIRECTIONAL SHADOWS_OFF LIGHTMAP_OFF DIRLIGHTMAP_OFF DYNAMICLIGHTMAP_OFF FOG_EXP pd= ok=1
Cmd: compileSnippet
  api=4 type=1 insize=7662 outsize=2801 kw=DIRECTIONAL SHADOWS_OFF LIGHTMAP_OFF DIRLIGHTMAP_COMBINED DYNAMICLIGHTMAP_ON FOG_EXP pd= ok=1
Cmd: compileSnippet
  api=4 type=1 insize=7662 outsize=3118 kw=DIRECTIONAL SHADOWS_SCREEN LIGHTMAP_OFF DIRLIGHTMAP_COMBINED DYNAMICLIGHTMAP_ON FOG_EXP pd= ok=1
Cmd: compileSnippet
  api=8 type=0 insize=4408 outsize=8897 kw=POINT FOG_EXP pd=UNITY_NO_SCREENSPACE_SHADOWS UNITY_NO_LINEAR_COLORSPACE ok=1
Cmd: compileSnippet
  api=1 type=0 insize=4408 outsize=1782 kw=SPOT FOG_EXP pd= ok=1
Cmd: compileSnippet
  api=8 type=0 insize=4408 outsize=8897 kw=SPOT FOG_EXP pd=UNITY_NO_SCREENSPACE_SHADOWS UNITY_NO_LINEAR_COLORSPACE ok=1
Cmd: compileSnippet
  api=4 type=0 insize=4408 outsize=5848 kw=DIRECTIONAL_COOKIE FOG_EXP pd= ok=1
Cmd: compileSnippet
  api=1 type=1 insize=4408 outsize=527 kw=POINT FOG_EXP pd= ok=1
Cmd: compileSnippet
  api=1 type=1 insize=4408 outsize=322 kw=DIRECTIONAL FOG_EXP pd= ok=1
Cmd: compileSnippet
  api=1 type=1 insize=4408 outsize=678 kw=SPOT FOG_EXP pd= ok=1
Cmd: compileSnippet
  api=1 type=1 insize=4408 outsize=577 kw=POINT_COOKIE FOG_EXP pd= ok=1
Cmd: compileSnippet
  api=8 type=1 insize=4408 outsize=3762 kw=POINT_COOKIE FOG_EXP pd=UNITY_NO_SCREENSPACE_SHADOWS UNITY_NO_LINEAR_COLORSPACE ok=1
Cmd: compileSnippet
  api=1 type=0 insize=6676 outsize=2083 kw=LIGHTMAP_OFF DIRLIGHTMAP_OFF DYNAMICLIGHTMAP_OFF FOG_EXP HDR_LIGHT_PREPASS_OFF pd= ok=1
Cmd: compileSnippet
  api=1 type=0 insize=6676 outsize=2204 kw=LIGHTMAP_OFF DIRLIGHTMAP_COMBINED DYNAMICLIGHTMAP_ON FOG_EXP HDR_LIGHT_PREPASS_OFF pd= ok=1
Cmd: compileSnippet
  api=1 type=0 insize=6676 outsize=2083 kw=LIGHTMAP_OFF DIRLIGHTMAP_OFF DYNAMICLIGHTMAP_OFF FOG_EXP UNITY_HDR_ON pd= ok=1
Cmd: compileSnippet
  api=1 type=0 insize=6676 outsize=2204 kw=LIGHTMAP_OFF DIRLIGHTMAP_COMBINED DYNAMICLIGHTMAP_ON FOG_EXP UNITY_HDR_ON pd= ok=1
Cmd: compileSnippet
  api=4 type=1 insize=6676 outsize=1867 kw=LIGHTMAP_OFF DIRLIGHTMAP_OFF DYNAMICLIGHTMAP_OFF FOG_EXP HDR_LIGHT_PREPASS_OFF pd= ok=1
Cmd: compileSnippet
  api=4 type=1 insize=6676 outsize=2476 kw=LIGHTMAP_OFF DIRLIGHTMAP_COMBINED DYNAMICLIGHTMAP_ON FOG_EXP HDR_LIGHT_PREPASS_OFF pd= ok=1
Cmd: compileSnippet
  api=8 type=1 insize=6676 outsize=2600 kw=LIGHTMAP_OFF DIRLIGHTMAP_OFF DYNAMICLIGHTMAP_OFF FOG_EXP UNITY_HDR_ON pd=UNITY_NO_SCREENSPACE_SHADOWS UNITY_NO_LINEAR_COLORSPACE ok=1
Cmd: compileSnippet
  api=1 type=0 insize=65047 outsize=797 kw=DIRECTIONAL SHADOWS_OFF LIGHTMAP_OFF DIRLIGHTMAP_OFF DYNAMICLIGHTMAP_OFF FOG_EXP pd= ok=1
Cmd: compileSnippet
  api=1 type=0 insize=65047 outsize=931 kw=DIRECTIONAL SHADOWS_SCREEN LIGHTMAP_OFF DIRLIGHTMAP_OFF DYNAMICLIGHTMAP_OFF FOG_EXP pd= ok=1
Cmd: compileSnippet
  api=1 type=0 insize=65047 outsize=833 kw=DIRECTIONAL SHADOWS_SCREEN LIGHTMAP_OFF DIRLIGHTMAP_COMBINED DYNAMICLIGHTMAP_ON FOG_EXP pd= ok=1
Cmd: compileSnippet
  api=1 type=0 insize=65047 outsize=1306 kw=DIRECTIONAL SHADOWS_OFF LIGHTMAP_OFF DIRLIGHTMAP_OFF DYNAMICLIGHTMAP_OFF FOG_EXP VERTEXLIGHT_ON pd= ok=1
Cmd: compileSnippet
  api=1 type=0 insize=65047 outsize=1440 kw=DIRECTIONAL SHADOWS_SCREEN LIGHTMAP_OFF DIRLIGHTMAP_OFF DYNAMICLIGHTMAP_OFF FOG_EXP VERTEXLIGHT_ON pd= ok=1
Cmd: compileSnippet
  api=4 type=0 insize=65047 outsize=5539 kw=DIRECTIONAL SHADOWS_OFF LIGHTMAP_OFF DIRLIGHTMAP_OFF DYNAMICLIGHTMAP_OFF FOG_EXP _TERRAIN_NORMAL_MAP pd= ok=1
Cmd: compileSnippet
  api=4 type=0 insize=65047 outsize=5929 kw=DIRECTIONAL SHADOWS_SCREEN LIGHTMAP_OFF DIRLIGHTMAP_OFF DYNAMICLIGHTMAP_OFF FOG_EXP _TERRAIN_NORMAL_MAP pd= ok=1
Cmd: compileSnippet
  api=4 type=0 insize=65047 outsize=5499 kw=DIRECTIONAL SHADOWS_SCREEN LIGHTMAP_OFF DIRLIGHTMAP_COMBINED DYNAMICLIGHTMAP_ON FOG_EXP _TERRAIN_NORMAL_MAP pd= ok=1
Cmd: compileSnippet
  api=4 type=0 insize=65047 outsize=5109 kw=DIRECTIONAL SHADOWS_OFF LIGHTMAP_OFF DIRLIGHTMAP_COMBINED DYNAMICLIGHTMAP_ON FOG_EXP VERTEXLIGHT_ON _TERRAIN_NORMAL_MAP pd= ok=1
Cmd: compileSnippet
  api=1 type=0 insize=65047 outsize=1237 kw=DIRECTIONAL SHADOWS_SCREEN LIGHTMAP_OFF DIRLIGHTMAP_COMBINED DYNAMICLIGHTMAP_ON FOG_EXP VERTEXLIGHT_ON _TERRAIN_NORMAL_MAP pd= ok=1
Cmd: compileSnippet
  api=4 type=1 insize=65047 outsize=3191 kw=DIRECTIONAL SHADOWS_OFF LIGHTMAP_OFF DIRLIGHTMAP_OFF DYNAMICLIGHTMAP_OFF FOG_EXP pd= ok=1
Cmd: compileSnippet
  api=1 type=1 insize=65047 outsize=957 kw=DIRECTIONAL SHADOWS_SCREEN LIGHTMAP_OFF DIRLIGHTMAP_OFF DYNAMICLIGHTMAP_OFF FOG_EXP pd= ok=1
Cmd: compileSnippet
  api=4 type=1 insize=65047 outsize=3508 kw=DIRECTIONAL SHADOWS_SCREEN LIGHTMAP_OFF DIRLIGHTMAP_OFF DYNAMICLIGHTMAP_OFF FOG_EXP pd= ok=1
Cmd: compileSnippet
  api=1 type=1 insize=65047 outsize=1344 kw=DIRECTIONAL SHADOWS_OFF LIGHTMAP_OFF DIRLIGHTMAP_OFF DYNAMICLIGHTMAP_OFF FOG_EXP _TERRAIN_NORMAL_MAP pd= ok=1
Cmd: compileSnippet
  api=1 type=1 insize=65047 outsize=1651 kw=DIRECTIONAL SHADOWS_OFF LIGHTMAP_OFF DIRLIGHTMAP_COMBINED DYNAMICLIGHTMAP_ON FOG_EXP _TERRAIN_NORMAL_MAP pd= ok=1
Cmd: compileSnippet
  api=4 type=1 insize=65047 outsize=4873 kw=DIRECTIONAL SHADOWS_SCREEN LIGHTMAP_OFF DIRLIGHTMAP_OFF DYNAMICLIGHTMAP_OFF FOG_EXP _TERRAIN_NORMAL_MAP pd= ok=1
Cmd: compileSnippet
  api=1 type=0 insize=41221 outsize=594 kw=POINT FOG_EXP pd= ok=1
Cmd: compileSnippet
  api=4 type=0 insize=41221 outsize=3565 kw=SPOT FOG_EXP pd= ok=1
Cmd: compileSnippet
  api=4 type=0 insize=41221 outsize=4776 kw=POINT FOG_EXP _TERRAIN_NORMAL_MAP pd= ok=1
Cmd: compileSnippet
  api=1 type=0 insize=41221 outsize=1051 kw=SPOT FOG_EXP _TERRAIN_NORMAL_MAP pd= ok=1
Cmd: compileSnippet
  api=1 type=0 insize=41221 outsize=1051 kw=POINT_COOKIE FOG_EXP _TERRAIN_NORMAL_MAP pd= ok=1
Cmd: compileSnippet
  api=4 type=0 insize=41221 outsize=4776 kw=DIRECTIONAL_COOKIE FOG_EXP _TERRAIN_NORMAL_MAP pd= ok=1
Cmd: compileSnippet
  api=1 type=1 insize=41221 outsize=701 kw=DIRECTIONAL FOG_EXP pd= ok=1
Cmd: compileSnippet
  api=4 type=1 insize=41221 outsize=2663 kw=DIRECTIONAL FOG_EXP pd= ok=1
Cmd: compileSnippet
  api=1 type=1 insize=41221 outsize=854 kw=DIRECTIONAL_COOKIE FOG_EXP pd= ok=1
Cmd: compileSnippet
  api=4 type=1 insize=41221 outsize=4898 kw=POINT FOG_EXP _TERRAIN_NORMAL_MAP pd= ok=1
Cmd: compileSnippet
  api=4 type=1 insize=41221 outsize=5393 kw=SPOT FOG_EXP _TERRAIN_NORMAL_MAP pd= ok=1
Cmd: compileSnippet
  api=1 type=1 insize=41221 outsize=1351 kw=DIRECTIONAL_COOKIE FOG_EXP _TERRAIN_NORMAL_MAP pd= ok=1
Cmd: compileSnippet
  api=1 type=0 insize=57091 outsize=984 kw=LIGHTMAP_OFF DIRLIGHTMAP_OFF DYNAMICLIGHTMAP_OFF FOG_EXP HDR_LIGHT_PREPASS_OFF pd= ok=1
Cmd: compileSnippet
  api=4 type=0 insize=57091 outsize=5036 kw=LIGHTMAP_OFF DIRLIGHTMAP_COMBINED DYNAMICLIGHTMAP_ON FOG_EXP HDR_LIGHT_PREPASS_OFF pd= ok=1
Cmd: compileSnippet
  api=1 type=0 insize=57091 outsize=1038 kw=LIGHTMAP_OFF DIRLIGHTMAP_COMBINED DYNAMICLIGHTMAP_ON FOG_EXP _TERRAIN_NORMAL_MAP HDR_LIGHT_PREPASS_OFF pd= ok=1
Cmd: compileSnippet
  api=1 type=0 insize=57091 outsize=984 kw=LIGHTMAP_OFF DIRLIGHTMAP_OFF DYNAMICLIGHTMAP_OFF FOG_EXP UNITY_HDR_ON _TERRAIN_NORMAL_MAP pd= ok=1
Cmd: compileSnippet
  api=1 type=0 insize=57091 outsize=1038 kw=LIGHTMAP_OFF DIRLIGHTMAP_COMBINED DYNAMICLIGHTMAP_ON FOG_EXP UNITY_HDR_ON _TERRAIN_NORMAL_MAP pd= ok=1
Cmd: compileSnippet
  api=1 type=1 insize=57091 outsize=1032 kw=LIGHTMAP_OFF DIRLIGHTMAP_COMBINED DYNAMICLIGHTMAP_ON FOG_EXP HDR_LIGHT_PREPASS_OFF pd= ok=1
Cmd: compileSnippet
  api=4 type=1 insize=57091 outsize=2777 kw=LIGHTMAP_OFF DIRLIGHTMAP_OFF DYNAMICLIGHTMAP_OFF FOG_EXP UNITY_HDR_ON pd= ok=1
Cmd: compileSnippet
  api=4 type=1 insize=57091 outsize=3289 kw=LIGHTMAP_OFF DIRLIGHTMAP_COMBINED DYNAMICLIGHTMAP_ON FOG_EXP UNITY_HDR_ON pd= ok=1
Cmd: compileSnippet
  api=1 type=1 insize=57091 outsize=1032 kw=LIGHTMAP_OFF DIRLIGHTMAP_COMBINED DYNAMICLIGHTMAP_ON FOG_EXP _TERRAIN_NORMAL_MAP HDR_LIGHT_PREPASS_OFF pd= ok=1
Cmd: compileSnippet
  api=4 type=1 insize=57091 outsize=2777 kw=LIGHTMAP_OFF DIRLIGHTMAP_OFF DYNAMICLIGHTMAP_OFF FOG_EXP UNITY_HDR_ON _TERRAIN_NORMAL_MAP pd= ok=1
Cmd: compileSnippet
  api=1 type=0 insize=31775 outsize=764 kw=DIRECTIONAL SHADOWS_OFF LIGHTMAP_OFF DIRLIGHTMAP_OFF DYNAMICLIGHTMAP_OFF FOG_EXP pd= ok=1
Cmd: compileSnippet
  api=1 type=0 insize=31775 outsize=699 kw=DIRECTIONAL SHADOWS_OFF LIGHTMAP_OFF DIRLIGHTMAP_COMBINED DYNAMICLIGHTMAP_ON FOG_EXP pd= ok=1
Cmd: compileSnippet
  api=4 type=0 insize=31775 outsize=5011 kw=DIRECTIONAL SHADOWS_SCREEN LIGHTMAP_OFF DIRLIGHTMAP_OFF DYNAMICLIGHTMAP_OFF FOG_EXP pd= ok=1
Cmd: compileSnippet
  api=1 type=0 insize=31775 outsize=1271 kw=DIRECTIONAL SHADOWS_OFF LIGHTMAP_OFF DIRLIGHTMAP_OFF DYNAMICLIGHTMAP_OFF FOG_EXP VERTEXLIGHT_ON pd= ok=1
Cmd: compileSnippet
  api=1 type=0 insize=31775 outsize=699 kw=DIRECTIONAL SHADOWS_OFF LIGHTMAP_OFF DIRLIGHTMAP_COMBINED DYNAMICLIGHTMAP_ON FOG_EXP VERTEXLIGHT_ON pd= ok=1
Cmd: compileSnippet
  api=1 type=0 insize=31775 outsize=1384 kw=DIRECTIONAL SHADOWS_SCREEN LIGHTMAP_OFF DIRLIGHTMAP_OFF DYNAMICLIGHTMAP_OFF FOG_EXP VERTEXLIGHT_ON pd= ok=1
Cmd: compileSnippet
  api=4 type=0 insize=31775 outsize=4239 kw=DIRECTIONAL SHADOWS_SCREEN LIGHTMAP_OFF DIRLIGHTMAP_COMBINED DYNAMICLIGHTMAP_ON FOG_EXP VERTEXLIGHT_ON pd= ok=1
Cmd: compileSnippet
  api=8 type=1 insize=31775 outsize=4046 kw=DIRECTIONAL SHADOWS_OFF LIGHTMAP_OFF DIRLIGHTMAP_OFF DYNAMICLIGHTMAP_OFF FOG_EXP pd=UNITY_NO_SCREENSPACE_SHADOWS UNITY_NO_LINEAR_COLORSPACE ok=1
Cmd: compileSnippet
  api=1 type=1 insize=31775 outsize=800 kw=DIRECTIONAL SHADOWS_SCREEN LIGHTMAP_OFF DIRLIGHTMAP_OFF DYNAMICLIGHTMAP_OFF FOG_EXP pd= ok=1
Cmd: compileSnippet
  api=4 type=1 insize=31775 outsize=3939 kw=DIRECTIONAL SHADOWS_SCREEN LIGHTMAP_OFF DIRLIGHTMAP_COMBINED DYNAMICLIGHTMAP_ON FOG_EXP pd= ok=1
Cmd: compileSnippet
  api=8 type=0 insize=18512 outsize=5249 kw=POINT FOG_EXP pd=UNITY_NO_SCREENSPACE_SHADOWS UNITY_NO_LINEAR_COLORSPACE ok=1
Cmd: compileSnippet
  api=4 type=0 insize=18512 outsize=3711 kw=DIRECTIONAL FOG_EXP pd= ok=1
Cmd: compileSnippet
  api=8 type=0 insize=18512 outsize=5249 kw=SPOT FOG_EXP pd=UNITY_NO_SCREENSPACE_SHADOWS UNITY_NO_LINEAR_COLORSPACE ok=1
Cmd: compileSnippet
  api=8 type=0 insize=18512 outsize=5249 kw=POINT_COOKIE FOG_EXP pd=UNITY_NO_SCREENSPACE_SHADOWS UNITY_NO_LINEAR_COLORSPACE ok=1
Cmd: compileSnippet
  api=4 type=1 insize=18512 outsize=3281 kw=POINT FOG_EXP pd= ok=1
Cmd: compileSnippet
  api=4 type=1 insize=18512 outsize=2501 kw=DIRECTIONAL FOG_EXP pd= ok=1
Cmd: compileSnippet
  api=4 type=1 insize=18512 outsize=3776 kw=SPOT FOG_EXP pd= ok=1
Cmd: compileSnippet
  api=4 type=1 insize=18512 outsize=3468 kw=POINT_COOKIE FOG_EXP pd= ok=1
Cmd: compileSnippet
  api=1 type=1 insize=18512 outsize=827 kw=DIRECTIONAL_COOKIE FOG_EXP pd= ok=1
Cmd: compileSnippet
  api=4 type=1 insize=18512 outsize=3004 kw=DIRECTIONAL_COOKIE FOG_EXP pd= ok=1
Cmd: compileSnippet
  api=8 type=0 insize=27566 outsize=7183 kw=LIGHTMAP_OFF DIRLIGHTMAP_OFF DYNAMICLIGHTMAP_OFF FOG_EXP HDR_LIGHT_PREPASS_OFF pd=UNITY_NO_SCREENSPACE_SHADOWS UNITY_NO_LINEAR_COLORSPACE ok=1
Cmd: compileSnippet
  api=4 type=0 insize=27566 outsize=5036 kw=LIGHTMAP_OFF DIRLIGHTMAP_OFF DYNAMICLIGHTMAP_OFF FOG_EXP UNITY_HDR_ON pd= ok=1
Cmd: compileSnippet
  api=4 type=1 insize=27566 outsize=2663 kw=LIGHTMAP_OFF DIRLIGHTMAP_OFF DYNAMICLIGHTMAP_OFF FOG_EXP HDR_LIGHT_PREPASS_OFF pd= ok=1
Cmd: compileSnippet
  api=4 type=1 insize=27566 outsize=3338 kw=LIGHTMAP_OFF DIRLIGHTMAP_COMBINED DYNAMICLIGHTMAP_ON FOG_EXP HDR_LIGHT_PREPASS_OFF pd= ok=1
Cmd: compileSnippet
  api=4 type=1 insize=27566 outsize=2614 kw=LIGHTMAP_OFF DIRLIGHTMAP_OFF DYNAMICLIGHTMAP_OFF FOG_EXP UNITY_HDR_ON pd= ok=1
Cmd: compileSnippet
  api=4 type=1 insize=27566 outsize=3289 kw=LIGHTMAP_OFF DIRLIGHTMAP_COMBINED DYNAMICLIGHTMAP_ON FOG_EXP UNITY_HDR_ON pd= ok=1
Cmd: compileSnippet
  api=1 type=0 insize=64711 outsize=797 kw=DIRECTIONAL SHADOWS_OFF LIGHTMAP_OFF DIRLIGHTMAP_OFF DYNAMICLIGHTMAP_OFF FOG_EXP pd= ok=1
Cmd: compileSnippet
  api=1 type=0 insize=64711 outsize=931 kw=DIRECTIONAL SHADOWS_SCREEN LIGHTMAP_OFF DIRLIGHTMAP_OFF DYNAMICLIGHTMAP_OFF FOG_EXP pd= ok=1
Cmd: compileSnippet
  api=1 type=0 insize=64711 outsize=833 kw=DIRECTIONAL SHADOWS_SCREEN LIGHTMAP_OFF DIRLIGHTMAP_COMBINED DYNAMICLIGHTMAP_ON FOG_EXP pd= ok=1
Cmd: compileSnippet
  api=4 type=0 insize=64711 outsize=5775 kw=DIRECTIONAL SHADOWS_OFF LIGHTMAP_OFF DIRLIGHTMAP_OFF DYNAMICLIGHTMAP_OFF FOG_EXP VERTEXLIGHT_ON pd= ok=1
Cmd: compileSnippet
  api=4 type=0 insize=64711 outsize=6165 kw=DIRECTIONAL SHADOWS_SCREEN LIGHTMAP_OFF DIRLIGHTMAP_OFF DYNAMICLIGHTMAP_OFF FOG_EXP VERTEXLIGHT_ON pd= ok=1
Cmd: compileSnippet
  api=1 type=0 insize=64711 outsize=1218 kw=DIRECTIONAL SHADOWS_OFF LIGHTMAP_OFF DIRLIGHTMAP_OFF DYNAMICLIGHTMAP_OFF FOG_EXP _TERRAIN_NORMAL_MAP pd= ok=1
Cmd: compileSnippet
  api=1 type=0 insize=64711 outsize=1352 kw=DIRECTIONAL SHADOWS_SCREEN LIGHTMAP_OFF DIRLIGHTMAP_OFF DYNAMICLIGHTMAP_OFF FOG_EXP _TERRAIN_NORMAL_MAP pd= ok=1
Cmd: compileSnippet
  api=1 type=0 insize=64711 outsize=1237 kw=DIRECTIONAL SHADOWS_SCREEN LIGHTMAP_OFF DIRLIGHTMAP_COMBINED DYNAMICLIGHTMAP_ON FOG_EXP _TERRAIN_NORMAL_MAP pd= ok=1
Cmd: compileSnippet
  api=4 type=0 insize=64711 outsize=6953 kw=DIRECTIONAL SHADOWS_OFF LIGHTMAP_OFF DIRLIGHTMAP_OFF DYNAMICLIGHTMAP_OFF FOG_EXP VERTEXLIGHT_ON _TERRAIN_NORMAL_MAP pd= ok=1
Cmd: compileSnippet
  api=4 type=0 insize=64711 outsize=7343 kw=DIRECTIONAL SHADOWS_SCREEN LIGHTMAP_OFF DIRLIGHTMAP_OFF DYNAMICLIGHTMAP_OFF FOG_EXP VERTEXLIGHT_ON _TERRAIN_NORMAL_MAP pd= ok=1
Cmd: compileSnippet
  api=4 type=1 insize=64711 outsize=3143 kw=DIRECTIONAL SHADOWS_OFF LIGHTMAP_OFF DIRLIGHTMAP_OFF DYNAMICLIGHTMAP_OFF FOG_EXP pd= ok=1
Cmd: compileSnippet
  api=4 type=1 insize=64711 outsize=3573 kw=DIRECTIONAL SHADOWS_OFF LIGHTMAP_OFF DIRLIGHTMAP_COMBINED DYNAMICLIGHTMAP_ON FOG_EXP pd= ok=1
Cmd: compileSnippet
  api=4 type=1 insize=64711 outsize=3890 kw=DIRECTIONAL SHADOWS_SCREEN LIGHTMAP_OFF DIRLIGHTMAP_COMBINED DYNAMICLIGHTMAP_ON FOG_EXP pd= ok=1
Cmd: compileSnippet
  api=1 type=1 insize=64711 outsize=1626 kw=DIRECTIONAL SHADOWS_OFF LIGHTMAP_OFF DIRLIGHTMAP_COMBINED DYNAMICLIGHTMAP_ON FOG_EXP _TERRAIN_NORMAL_MAP pd= ok=1
Cmd: compileSnippet
  api=4 type=1 insize=64711 outsize=4824 kw=DIRECTIONAL SHADOWS_SCREEN LIGHTMAP_OFF DIRLIGHTMAP_OFF DYNAMICLIGHTMAP_OFF FOG_EXP _TERRAIN_NORMAL_MAP pd= ok=1
Cmd: compileSnippet
  api=1 type=0 insize=40885 outsize=594 kw=POINT FOG_EXP pd= ok=1
Cmd: compileSnippet
  api=1 type=0 insize=40885 outsize=594 kw=SPOT FOG_EXP pd= ok=1
Cmd: compileSnippet
  api=1 type=0 insize=40885 outsize=594 kw=POINT_COOKIE FOG_EXP pd= ok=1
Cmd: compileSnippet
  api=4 type=0 insize=40885 outsize=3565 kw=DIRECTIONAL_COOKIE FOG_EXP pd= ok=1
Cmd: compileSnippet
  api=1 type=0 insize=40885 outsize=1051 kw=DIRECTIONAL FOG_EXP _TERRAIN_NORMAL_MAP pd= ok=1
Cmd: compileSnippet
  api=1 type=0 insize=40885 outsize=1051 kw=SPOT FOG_EXP _TERRAIN_NORMAL_MAP pd= ok=1
Cmd: compileSnippet
  api=4 type=0 insize=40885 outsize=4776 kw=POINT_COOKIE FOG_EXP _TERRAIN_NORMAL_MAP pd= ok=1
Cmd: compileSnippet
  api=4 type=1 insize=40885 outsize=3338 kw=POINT FOG_EXP pd= ok=1
Cmd: compileSnippet
  api=4 type=1 insize=40885 outsize=2558 kw=DIRECTIONAL FOG_EXP pd= ok=1
Cmd: compileSnippet
  api=1 type=1 insize=40885 outsize=914 kw=POINT_COOKIE FOG_EXP pd= ok=1
Cmd: compileSnippet
  api=4 type=1 insize=40885 outsize=3061 kw=DIRECTIONAL_COOKIE FOG_EXP pd= ok=1
Cmd: compileSnippet
  api=4 type=1 insize=40885 outsize=4792 kw=POINT FOG_EXP _TERRAIN_NORMAL_MAP pd= ok=1
Cmd: compileSnippet
  api=1 type=1 insize=40885 outsize=1503 kw=SPOT FOG_EXP _TERRAIN_NORMAL_MAP pd= ok=1
Cmd: compileSnippet
  api=4 type=1 insize=40885 outsize=4979 kw=POINT_COOKIE FOG_EXP _TERRAIN_NORMAL_MAP pd= ok=1
Cmd: compileSnippet
  api=1 type=0 insize=56755 outsize=984 kw=LIGHTMAP_OFF DIRLIGHTMAP_OFF DYNAMICLIGHTMAP_OFF FOG_EXP HDR_LIGHT_PREPASS_OFF pd= ok=1
Cmd: compileSnippet
  api=1 type=0 insize=56755 outsize=984 kw=LIGHTMAP_OFF DIRLIGHTMAP_OFF DYNAMICLIGHTMAP_OFF FOG_EXP UNITY_HDR_ON pd= ok=1
Cmd: compileSnippet
  api=1 type=0 insize=56755 outsize=1038 kw=LIGHTMAP_OFF DIRLIGHTMAP_COMBINED DYNAMICLIGHTMAP_ON FOG_EXP UNITY_HDR_ON pd= ok=1
Cmd: compileSnippet
  api=4 type=0 insize=56755 outsize=4889 kw=LIGHTMAP_OFF DIRLIGHTMAP_OFF DYNAMICLIGHTMAP_OFF FOG_EXP _TERRAIN_NORMAL_MAP HDR_LIGHT_PREPASS_OFF pd= ok=1
Cmd: compileSnippet
  api=1 type=0 insize=56755 outsize=1038 kw=LIGHTMAP_OFF DIRLIGHTMAP_COMBINED DYNAMICLIGHTMAP_ON FOG_EXP UNITY_HDR_ON _TERRAIN_NORMAL_MAP pd= ok=1
Cmd: compileSnippet
  api=4 type=1 insize=56755 outsize=2777 kw=LIGHTMAP_OFF DIRLIGHTMAP_OFF DYNAMICLIGHTMAP_OFF FOG_EXP HDR_LIGHT_PREPASS_OFF pd= ok=1
Cmd: compileSnippet
  api=1 type=1 insize=56755 outsize=652 kw=LIGHTMAP_OFF DIRLIGHTMAP_OFF DYNAMICLIGHTMAP_OFF FOG_EXP UNITY_HDR_ON pd= ok=1
Cmd: compileSnippet
  api=1 type=1 insize=56755 outsize=909 kw=LIGHTMAP_OFF DIRLIGHTMAP_COMBINED DYNAMICLIGHTMAP_ON FOG_EXP UNITY_HDR_ON pd= ok=1
Cmd: compileSnippet
  api=4 type=1 insize=56755 outsize=2777 kw=LIGHTMAP_OFF DIRLIGHTMAP_OFF DYNAMICLIGHTMAP_OFF FOG_EXP _TERRAIN_NORMAL_MAP HDR_LIGHT_PREPASS_OFF pd= ok=1
Cmd: compileSnippet
  api=4 type=1 insize=56755 outsize=2728 kw=LIGHTMAP_OFF DIRLIGHTMAP_OFF DYNAMICLIGHTMAP_OFF FOG_EXP UNITY_HDR_ON _TERRAIN_NORMAL_MAP pd= ok=1
Cmd: compileSnippet
  api=4 type=0 insize=31607 outsize=4621 kw=DIRECTIONAL SHADOWS_OFF LIGHTMAP_OFF DIRLIGHTMAP_OFF DYNAMICLIGHTMAP_OFF FOG_EXP pd= ok=1
Cmd: compileSnippet
  api=4 type=0 insize=31607 outsize=3849 kw=DIRECTIONAL SHADOWS_OFF LIGHTMAP_OFF DIRLIGHTMAP_COMBINED DYNAMICLIGHTMAP_ON FOG_EXP pd= ok=1
Cmd: compileSnippet
  api=4 type=0 insize=31607 outsize=4239 kw=DIRECTIONAL SHADOWS_SCREEN LIGHTMAP_OFF DIRLIGHTMAP_COMBINED DYNAMICLIGHTMAP_ON FOG_EXP pd= ok=1
Cmd: compileSnippet
  api=8 type=0 insize=31607 outsize=8962 kw=DIRECTIONAL SHADOWS_OFF LIGHTMAP_OFF DIRLIGHTMAP_OFF DYNAMICLIGHTMAP_OFF FOG_EXP VERTEXLIGHT_ON pd=UNITY_NO_SCREENSPACE_SHADOWS UNITY_NO_LINEAR_COLORSPACE ok=1
Cmd: compileSnippet
  api=4 type=0 insize=31607 outsize=4239 kw=DIRECTIONAL SHADOWS_SCREEN LIGHTMAP_OFF DIRLIGHTMAP_COMBINED DYNAMICLIGHTMAP_ON FOG_EXP VERTEXLIGHT_ON pd= ok=1
Cmd: compileSnippet
  api=1 type=1 insize=31607 outsize=695 kw=DIRECTIONAL SHADOWS_OFF LIGHTMAP_OFF DIRLIGHTMAP_OFF DYNAMICLIGHTMAP_OFF FOG_EXP pd= ok=1
Cmd: compileSnippet
  api=4 type=1 insize=31607 outsize=3573 kw=DIRECTIONAL SHADOWS_OFF LIGHTMAP_OFF DIRLIGHTMAP_COMBINED DYNAMICLIGHTMAP_ON FOG_EXP pd= ok=1
Cmd: compileSnippet
  api=1 type=1 insize=31607 outsize=1179 kw=DIRECTIONAL SHADOWS_SCREEN LIGHTMAP_OFF DIRLIGHTMAP_COMBINED DYNAMICLIGHTMAP_ON FOG_EXP pd= ok=1
Cmd: compileSnippet
  api=4 type=0 insize=18344 outsize=3711 kw=POINT FOG_EXP pd= ok=1
Cmd: compileSnippet
  api=4 type=0 insize=18344 outsize=3711 kw=DIRECTIONAL FOG_EXP pd= ok=1
Cmd: compileSnippet
  api=4 type=0 insize=18344 outsize=3711 kw=SPOT FOG_EXP pd= ok=1
Cmd: compileSnippet
  api=4 type=0 insize=18344 outsize=3711 kw=POINT_COOKIE FOG_EXP pd= ok=1
Cmd: compileSnippet
  api=4 type=0 insize=18344 outsize=3711 kw=DIRECTIONAL_COOKIE FOG_EXP pd= ok=1
Cmd: compileSnippet
  api=4 type=1 insize=18344 outsize=3175 kw=POINT FOG_EXP pd= ok=1
Cmd: compileSnippet
  api=4 type=1 insize=18344 outsize=2395 kw=DIRECTIONAL FOG_EXP pd= ok=1
Cmd: compileSnippet
  api=4 type=1 insize=18344 outsize=3671 kw=SPOT FOG_EXP pd= ok=1
Cmd: compileSnippet
  api=1 type=1 insize=18344 outsize=904 kw=POINT_COOKIE FOG_EXP pd= ok=1
Cmd: compileSnippet
  api=8 type=1 insize=18344 outsize=5151 kw=POINT_COOKIE FOG_EXP pd=UNITY_NO_SCREENSPACE_SHADOWS UNITY_NO_LINEAR_COLORSPACE ok=1
Cmd: compileSnippet
  api=1 type=0 insize=27398 outsize=876 kw=LIGHTMAP_OFF DIRLIGHTMAP_OFF DYNAMICLIGHTMAP_OFF FOG_EXP HDR_LIGHT_PREPASS_OFF pd= ok=1
Cmd: compileSnippet
  api=1 type=0 insize=27398 outsize=1038 kw=LIGHTMAP_OFF DIRLIGHTMAP_COMBINED DYNAMICLIGHTMAP_ON FOG_EXP HDR_LIGHT_PREPASS_OFF pd= ok=1
Cmd: compileSnippet
  api=1 type=0 insize=27398 outsize=876 kw=LIGHTMAP_OFF DIRLIGHTMAP_OFF DYNAMICLIGHTMAP_OFF FOG_EXP UNITY_HDR_ON pd= ok=1
Cmd: compileSnippet
  api=1 type=0 insize=27398 outsize=1038 kw=LIGHTMAP_OFF DIRLIGHTMAP_COMBINED DYNAMICLIGHTMAP_ON FOG_EXP UNITY_HDR_ON pd= ok=1
Cmd: compileSnippet
  api=8 type=1 insize=27398 outsize=4079 kw=LIGHTMAP_OFF DIRLIGHTMAP_OFF DYNAMICLIGHTMAP_OFF FOG_EXP HDR_LIGHT_PREPASS_OFF pd=UNITY_NO_SCREENSPACE_SHADOWS UNITY_NO_LINEAR_COLORSPACE ok=1
Cmd: compileSnippet
  api=1 type=1 insize=27398 outsize=644 kw=LIGHTMAP_OFF DIRLIGHTMAP_OFF DYNAMICLIGHTMAP_OFF FOG_EXP UNITY_HDR_ON pd= ok=1
Cmd: compileSnippet
  api=1 type=1 insize=27398 outsize=909 kw=LIGHTMAP_OFF DIRLIGHTMAP_COMBINED DYNAMICLIGHTMAP_ON FOG_EXP UNITY_HDR_ON pd= ok=1
Cmd: compileSnippet
  api=4 type=0 insize=1041 outsize=2525 kw=FOG_EXP pd= ok=1
Cmd: compileSnippet
  api=4 type=1 insize=1041 outsize=1152 kw=FOG_EXP pd= ok=1
Cmd: compileSnippet
  api=1 type=0 insize=66838 outsize=797 kw=DIRECTIONAL SHADOWS_OFF LIGHTMAP_OFF DIRLIGHTMAP_OFF DYNAMICLIGHTMAP_OFF FOG_EXP pd= ok=1
Cmd: compileSnippet
  api=4 type=0 insize=66838 outsize=3849 kw=DIRECTIONAL SHADOWS_OFF LIGHTMAP_OFF DIRLIGHTMAP_COMBINED DYNAMICLIGHTMAP_ON FOG_EXP pd= ok=1
Cmd: compileSnippet
  api=1 type=0 insize=66838 outsize=833 kw=DIRECTIONAL SHADOWS_SCREEN LIGHTMAP_OFF DIRLIGHTMAP_COMBINED DYNAMICLIGHTMAP_ON FOG_EXP pd= ok=1
Cmd: compileSnippet
  api=1 type=0 insize=66838 outsize=1306 kw=DIRECTIONAL SHADOWS_OFF LIGHTMAP_OFF DIRLIGHTMAP_OFF DYNAMICLIGHTMAP_OFF FOG_EXP VERTEXLIGHT_ON pd= ok=1
Cmd: compileSnippet
  api=4 type=0 insize=66838 outsize=3849 kw=DIRECTIONAL SHADOWS_OFF LIGHTMAP_OFF DIRLIGHTMAP_COMBINED DYNAMICLIGHTMAP_ON FOG_EXP VERTEXLIGHT_ON pd= ok=1
Cmd: compileSnippet
  api=4 type=0 insize=66838 outsize=6165 kw=DIRECTIONAL SHADOWS_SCREEN LIGHTMAP_OFF DIRLIGHTMAP_OFF DYNAMICLIGHTMAP_OFF FOG_EXP VERTEXLIGHT_ON pd= ok=1
Cmd: compileSnippet
  api=4 type=0 insize=66838 outsize=5539 kw=DIRECTIONAL SHADOWS_OFF LIGHTMAP_OFF DIRLIGHTMAP_OFF DYNAMICLIGHTMAP_OFF FOG_EXP _TERRAIN_NORMAL_MAP pd= ok=1
Cmd: compileSnippet
  api=1 type=0 insize=66838 outsize=1352 kw=DIRECTIONAL SHADOWS_SCREEN LIGHTMAP_OFF DIRLIGHTMAP_OFF DYNAMICLIGHTMAP_OFF FOG_EXP _TERRAIN_NORMAL_MAP pd= ok=1
Cmd: compileSnippet
  api=4 type=0 insize=66838 outsize=5499 kw=DIRECTIONAL SHADOWS_SCREEN LIGHTMAP_OFF DIRLIGHTMAP_COMBINED DYNAMICLIGHTMAP_ON FOG_EXP _TERRAIN_NORMAL_MAP pd= ok=1
Cmd: compileSnippet
  api=1 type=0 insize=66838 outsize=1103 kw=DIRECTIONAL SHADOWS_OFF LIGHTMAP_OFF DIRLIGHTMAP_COMBINED DYNAMICLIGHTMAP_ON FOG_EXP VERTEXLIGHT_ON _TERRAIN_NORMAL_MAP pd= ok=1
Cmd: compileSnippet
  api=1 type=0 insize=66838 outsize=1892 kw=DIRECTIONAL SHADOWS_SCREEN LIGHTMAP_OFF DIRLIGHTMAP_OFF DYNAMICLIGHTMAP_OFF FOG_EXP VERTEXLIGHT_ON _TERRAIN_NORMAL_MAP pd= ok=1
Cmd: compileSnippet
  api=4 type=0 insize=66838 outsize=5499 kw=DIRECTIONAL SHADOWS_SCREEN LIGHTMAP_OFF DIRLIGHTMAP_COMBINED DYNAMICLIGHTMAP_ON FOG_EXP VERTEXLIGHT_ON _TERRAIN_NORMAL_MAP pd= ok=1
Cmd: compileSnippet
  api=1 type=1 insize=66838 outsize=1390 kw=DIRECTIONAL SHADOWS_OFF LIGHTMAP_OFF DIRLIGHTMAP_COMBINED DYNAMICLIGHTMAP_ON FOG_EXP pd= ok=1
Cmd: compileSnippet
  api=1 type=1 insize=66838 outsize=1201 kw=DIRECTIONAL SHADOWS_SCREEN LIGHTMAP_OFF DIRLIGHTMAP_OFF DYNAMICLIGHTMAP_OFF FOG_EXP pd= ok=1
Cmd: compileSnippet
  api=4 type=1 insize=66838 outsize=4865 kw=DIRECTIONAL SHADOWS_SCREEN LIGHTMAP_OFF DIRLIGHTMAP_COMBINED DYNAMICLIGHTMAP_ON FOG_EXP pd= ok=1
Cmd: compileSnippet
  api=1 type=1 insize=66838 outsize=1921 kw=DIRECTIONAL SHADOWS_OFF LIGHTMAP_OFF DIRLIGHTMAP_COMBINED DYNAMICLIGHTMAP_ON FOG_EXP _TERRAIN_NORMAL_MAP pd= ok=1
Cmd: compileSnippet
  api=4 type=1 insize=66838 outsize=5897 kw=DIRECTIONAL SHADOWS_SCREEN LIGHTMAP_OFF DIRLIGHTMAP_OFF DYNAMICLIGHTMAP_OFF FOG_EXP _TERRAIN_NORMAL_MAP pd= ok=1
Cmd: compileSnippet
  api=4 type=0 insize=42676 outsize=3565 kw=POINT FOG_EXP pd= ok=1
Cmd: compileSnippet
  api=4 type=0 insize=42676 outsize=3565 kw=SPOT FOG_EXP pd= ok=1
Cmd: compileSnippet
  api=4 type=0 insize=42676 outsize=3565 kw=DIRECTIONAL_COOKIE FOG_EXP pd= ok=1
Cmd: compileSnippet
  api=1 type=0 insize=42676 outsize=1051 kw=DIRECTIONAL FOG_EXP _TERRAIN_NORMAL_MAP pd= ok=1
Cmd: compileSnippet
  api=4 type=0 insize=42676 outsize=4776 kw=SPOT FOG_EXP _TERRAIN_NORMAL_MAP pd= ok=1
Cmd: compileSnippet
  api=1 type=0 insize=42676 outsize=1051 kw=DIRECTIONAL_COOKIE FOG_EXP _TERRAIN_NORMAL_MAP pd= ok=1
Cmd: compileSnippet
  api=1 type=1 insize=42676 outsize=930 kw=DIRECTIONAL FOG_EXP pd= ok=1
Cmd: compileSnippet
  api=1 type=1 insize=42676 outsize=1284 kw=SPOT FOG_EXP pd= ok=1
Cmd: compileSnippet
  api=4 type=1 insize=42676 outsize=4434 kw=POINT_COOKIE FOG_EXP pd= ok=1
Cmd: compileSnippet
  api=1 type=1 insize=42676 outsize=1648 kw=POINT FOG_EXP _TERRAIN_NORMAL_MAP pd= ok=1
Cmd: compileSnippet
  api=1 type=1 insize=42676 outsize=1766 kw=SPOT FOG_EXP _TERRAIN_NORMAL_MAP pd= ok=1
Cmd: compileSnippet
  api=4 type=1 insize=42676 outsize=5921 kw=POINT_COOKIE FOG_EXP _TERRAIN_NORMAL_MAP pd= ok=1
Cmd: compileSnippet
  api=1 type=0 insize=57882 outsize=1038 kw=LIGHTMAP_OFF DIRLIGHTMAP_COMBINED DYNAMICLIGHTMAP_ON FOG_EXP HDR_LIGHT_PREPASS_OFF pd= ok=1
Cmd: compileSnippet
  api=4 type=0 insize=57882 outsize=4889 kw=LIGHTMAP_OFF DIRLIGHTMAP_OFF DYNAMICLIGHTMAP_OFF FOG_EXP UNITY_HDR_ON pd= ok=1
Cmd: compileSnippet
  api=1 type=0 insize=57882 outsize=984 kw=LIGHTMAP_OFF DIRLIGHTMAP_OFF DYNAMICLIGHTMAP_OFF FOG_EXP _TERRAIN_NORMAL_MAP HDR_LIGHT_PREPASS_OFF pd= ok=1
Cmd: compileSnippet
  api=4 type=0 insize=57882 outsize=5036 kw=LIGHTMAP_OFF DIRLIGHTMAP_COMBINED DYNAMICLIGHTMAP_ON FOG_EXP _TERRAIN_NORMAL_MAP HDR_LIGHT_PREPASS_OFF pd= ok=1
Cmd: compileSnippet
  api=1 type=0 insize=57882 outsize=1038 kw=LIGHTMAP_OFF DIRLIGHTMAP_COMBINED DYNAMICLIGHTMAP_ON FOG_EXP UNITY_HDR_ON _TERRAIN_NORMAL_MAP pd= ok=1
Cmd: compileSnippet
  api=1 type=1 insize=57882 outsize=1066 kw=LIGHTMAP_OFF DIRLIGHTMAP_COMBINED DYNAMICLIGHTMAP_ON FOG_EXP HDR_LIGHT_PREPASS_OFF pd= ok=1
Cmd: compileSnippet
  api=1 type=1 insize=57882 outsize=710 kw=LIGHTMAP_OFF DIRLIGHTMAP_OFF DYNAMICLIGHTMAP_OFF FOG_EXP UNITY_HDR_ON pd= ok=1
Cmd: compileSnippet
  api=1 type=1 insize=57882 outsize=784 kw=LIGHTMAP_OFF DIRLIGHTMAP_OFF DYNAMICLIGHTMAP_OFF FOG_EXP _TERRAIN_NORMAL_MAP HDR_LIGHT_PREPASS_OFF pd= ok=1
Cmd: compileSnippet
  api=4 type=1 insize=57882 outsize=3492 kw=LIGHTMAP_OFF DIRLIGHTMAP_COMBINED DYNAMICLIGHTMAP_ON FOG_EXP _TERRAIN_NORMAL_MAP HDR_LIGHT_PREPASS_OFF pd= ok=1
Cmd: compileSnippet
  api=4 type=1 insize=57882 outsize=2956 kw=LIGHTMAP_OFF DIRLIGHTMAP_OFF DYNAMICLIGHTMAP_OFF FOG_EXP UNITY_HDR_ON _TERRAIN_NORMAL_MAP pd= ok=1
Cmd: compileSnippet
  api=1 type=0 insize=67174 outsize=797 kw=DIRECTIONAL SHADOWS_OFF LIGHTMAP_OFF DIRLIGHTMAP_OFF DYNAMICLIGHTMAP_OFF FOG_EXP pd= ok=1
Cmd: compileSnippet
  api=1 type=0 insize=67174 outsize=931 kw=DIRECTIONAL SHADOWS_SCREEN LIGHTMAP_OFF DIRLIGHTMAP_OFF DYNAMICLIGHTMAP_OFF FOG_EXP pd= ok=1
Cmd: compileSnippet
  api=4 type=0 insize=67174 outsize=4239 kw=DIRECTIONAL SHADOWS_SCREEN LIGHTMAP_OFF DIRLIGHTMAP_COMBINED DYNAMICLIGHTMAP_ON FOG_EXP pd= ok=1
Cmd: compileSnippet
  api=1 type=0 insize=67174 outsize=699 kw=DIRECTIONAL SHADOWS_OFF LIGHTMAP_OFF DIRLIGHTMAP_COMBINED DYNAMICLIGHTMAP_ON FOG_EXP VERTEXLIGHT_ON pd= ok=1
Cmd: compileSnippet
  api=1 type=0 insize=67174 outsize=1440 kw=DIRECTIONAL SHADOWS_SCREEN LIGHTMAP_OFF DIRLIGHTMAP_OFF DYNAMICLIGHTMAP_OFF FOG_EXP VERTEXLIGHT_ON pd= ok=1
Cmd: compileSnippet
  api=1 type=0 insize=67174 outsize=1218 kw=DIRECTIONAL SHADOWS_OFF LIGHTMAP_OFF DIRLIGHTMAP_OFF DYNAMICLIGHTMAP_OFF FOG_EXP _TERRAIN_NORMAL_MAP pd= ok=1
Cmd: compileSnippet
  api=4 type=0 insize=67174 outsize=5109 kw=DIRECTIONAL SHADOWS_OFF LIGHTMAP_OFF DIRLIGHTMAP_COMBINED DYNAMICLIGHTMAP_ON FOG_EXP _TERRAIN_NORMAL_MAP pd= ok=1
Cmd: compileSnippet
  api=4 type=0 insize=67174 outsize=5499 kw=DIRECTIONAL SHADOWS_SCREEN LIGHTMAP_OFF DIRLIGHTMAP_COMBINED DYNAMICLIGHTMAP_ON FOG_EXP _TERRAIN_NORMAL_MAP pd= ok=1
Cmd: compileSnippet
  api=4 type=0 insize=67174 outsize=6953 kw=DIRECTIONAL SHADOWS_OFF LIGHTMAP_OFF DIRLIGHTMAP_OFF DYNAMICLIGHTMAP_OFF FOG_EXP VERTEXLIGHT_ON _TERRAIN_NORMAL_MAP pd= ok=1
Cmd: compileSnippet
  api=4 type=0 insize=67174 outsize=7343 kw=DIRECTIONAL SHADOWS_SCREEN LIGHTMAP_OFF DIRLIGHTMAP_OFF DYNAMICLIGHTMAP_OFF FOG_EXP VERTEXLIGHT_ON _TERRAIN_NORMAL_MAP pd= ok=1
Cmd: compileSnippet
  api=1 type=1 insize=67174 outsize=1179 kw=DIRECTIONAL SHADOWS_OFF LIGHTMAP_OFF DIRLIGHTMAP_OFF DYNAMICLIGHTMAP_OFF FOG_EXP pd= ok=1
Cmd: compileSnippet
  api=4 type=1 insize=67174 outsize=4483 kw=DIRECTIONAL SHADOWS_SCREEN LIGHTMAP_OFF DIRLIGHTMAP_OFF DYNAMICLIGHTMAP_OFF FOG_EXP pd= ok=1
Cmd: compileSnippet
  api=1 type=1 insize=67174 outsize=1699 kw=DIRECTIONAL SHADOWS_OFF LIGHTMAP_OFF DIRLIGHTMAP_OFF DYNAMICLIGHTMAP_OFF FOG_EXP _TERRAIN_NORMAL_MAP pd= ok=1
Cmd: compileSnippet
  api=4 type=1 insize=67174 outsize=6108 kw=DIRECTIONAL SHADOWS_OFF LIGHTMAP_OFF DIRLIGHTMAP_COMBINED DYNAMICLIGHTMAP_ON FOG_EXP _TERRAIN_NORMAL_MAP pd= ok=1
Cmd: compileSnippet
  api=1 type=1 insize=67174 outsize=2030 kw=DIRECTIONAL SHADOWS_SCREEN LIGHTMAP_OFF DIRLIGHTMAP_COMBINED DYNAMICLIGHTMAP_ON FOG_EXP _TERRAIN_NORMAL_MAP pd= ok=1
Cmd: compileSnippet
  api=1 type=0 insize=43012 outsize=594 kw=POINT FOG_EXP pd= ok=1
Cmd: compileSnippet
  api=1 type=0 insize=43012 outsize=594 kw=SPOT FOG_EXP pd= ok=1
Cmd: compileSnippet
  api=4 type=0 insize=43012 outsize=3565 kw=POINT_COOKIE FOG_EXP pd= ok=1
Cmd: compileSnippet
  api=1 type=0 insize=43012 outsize=1051 kw=POINT FOG_EXP _TERRAIN_NORMAL_MAP pd= ok=1
Cmd: compileSnippet
  api=1 type=0 insize=43012 outsize=1051 kw=SPOT FOG_EXP _TERRAIN_NORMAL_MAP pd= ok=1
Cmd: compileSnippet
  api=1 type=0 insize=43012 outsize=1051 kw=POINT_COOKIE FOG_EXP _TERRAIN_NORMAL_MAP pd= ok=1
Cmd: compileSnippet
  api=1 type=0 insize=43012 outsize=1051 kw=DIRECTIONAL_COOKIE FOG_EXP _TERRAIN_NORMAL_MAP pd= ok=1
Cmd: compileSnippet
  api=4 type=1 insize=43012 outsize=4353 kw=POINT FOG_EXP pd= ok=1
Cmd: compileSnippet
  api=4 type=1 insize=43012 outsize=4849 kw=SPOT FOG_EXP pd= ok=1
Cmd: compileSnippet
  api=1 type=1 insize=43012 outsize=1115 kw=DIRECTIONAL_COOKIE FOG_EXP pd= ok=1
Cmd: compileSnippet
  api=4 type=1 insize=43012 outsize=5840 kw=POINT FOG_EXP _TERRAIN_NORMAL_MAP pd= ok=1
Cmd: compileSnippet
  api=1 type=1 insize=43012 outsize=1882 kw=SPOT FOG_EXP _TERRAIN_NORMAL_MAP pd= ok=1
Cmd: compileSnippet
  api=4 type=1 insize=43012 outsize=6027 kw=POINT_COOKIE FOG_EXP _TERRAIN_NORMAL_MAP pd= ok=1
Cmd: compileSnippet
  api=1 type=0 insize=58218 outsize=984 kw=LIGHTMAP_OFF DIRLIGHTMAP_OFF DYNAMICLIGHTMAP_OFF FOG_EXP HDR_LIGHT_PREPASS_OFF pd= ok=1
Cmd: compileSnippet
  api=4 type=0 insize=58218 outsize=4889 kw=LIGHTMAP_OFF DIRLIGHTMAP_OFF DYNAMICLIGHTMAP_OFF FOG_EXP UNITY_HDR_ON pd= ok=1
Cmd: compileSnippet
  api=4 type=0 insize=58218 outsize=4889 kw=LIGHTMAP_OFF DIRLIGHTMAP_OFF DYNAMICLIGHTMAP_OFF FOG_EXP _TERRAIN_NORMAL_MAP HDR_LIGHT_PREPASS_OFF pd= ok=1
Cmd: compileSnippet
  api=4 type=0 insize=58218 outsize=4889 kw=LIGHTMAP_OFF DIRLIGHTMAP_OFF DYNAMICLIGHTMAP_OFF FOG_EXP UNITY_HDR_ON _TERRAIN_NORMAL_MAP pd= ok=1
Cmd: compileSnippet
  api=1 type=1 insize=58218 outsize=1099 kw=LIGHTMAP_OFF DIRLIGHTMAP_COMBINED DYNAMICLIGHTMAP_ON FOG_EXP HDR_LIGHT_PREPASS_OFF pd= ok=1
Cmd: compileSnippet
  api=1 type=1 insize=58218 outsize=763 kw=LIGHTMAP_OFF DIRLIGHTMAP_OFF DYNAMICLIGHTMAP_OFF FOG_EXP UNITY_HDR_ON pd= ok=1
Cmd: compileSnippet
  api=1 type=1 insize=58218 outsize=1025 kw=LIGHTMAP_OFF DIRLIGHTMAP_COMBINED DYNAMICLIGHTMAP_ON FOG_EXP UNITY_HDR_ON pd= ok=1
Cmd: compileSnippet
  api=4 type=1 insize=58218 outsize=3061 kw=LIGHTMAP_OFF DIRLIGHTMAP_OFF DYNAMICLIGHTMAP_OFF FOG_EXP _TERRAIN_NORMAL_MAP HDR_LIGHT_PREPASS_OFF pd= ok=1
Cmd: compileSnippet
  api=4 type=1 insize=58218 outsize=3004 kw=LIGHTMAP_OFF DIRLIGHTMAP_OFF DYNAMICLIGHTMAP_OFF FOG_EXP UNITY_HDR_ON _TERRAIN_NORMAL_MAP pd= ok=1
Cmd: compileSnippet
  api=8 type=0 insize=7129 outsize=5574 kw=DIRECTIONAL SHADOWS_OFF LIGHTMAP_OFF DIRLIGHTMAP_OFF DYNAMICLIGHTMAP_OFF FOG_EXP pd=UNITY_NO_SCREENSPACE_SHADOWS UNITY_NO_LINEAR_COLORSPACE ok=1
Cmd: compileSnippet
  api=4 type=0 insize=7129 outsize=3598 kw=DIRECTIONAL SHADOWS_SCREEN LIGHTMAP_OFF DIRLIGHTMAP_COMBINED DYNAMICLIGHTMAP_ON FOG_EXP pd= ok=1
Cmd: compileSnippet
  api=8 type=0 insize=7129 outsize=7946 kw=DIRECTIONAL SHADOWS_OFF LIGHTMAP_OFF DIRLIGHTMAP_OFF DYNAMICLIGHTMAP_OFF FOG_EXP VERTEXLIGHT_ON pd=UNITY_NO_SCREENSPACE_SHADOWS UNITY_NO_LINEAR_COLORSPACE ok=1
Cmd: compileSnippet
  api=1 type=0 insize=7129 outsize=691 kw=DIRECTIONAL SHADOWS_SCREEN LIGHTMAP_OFF DIRLIGHTMAP_COMBINED DYNAMICLIGHTMAP_ON FOG_EXP VERTEXLIGHT_ON pd= ok=1
Cmd: compileSnippet
  api=4 type=0 insize=7129 outsize=3598 kw=DIRECTIONAL SHADOWS_SCREEN LIGHTMAP_OFF DIRLIGHTMAP_COMBINED DYNAMICLIGHTMAP_ON FOG_EXP VERTEXLIGHT_ON pd= ok=1
Cmd: compileSnippet
  api=8 type=0 insize=7129 outsize=6630 kw=DIRECTIONAL SHADOWS_SCREEN SHADOWS_NATIVE LIGHTMAP_OFF DIRLIGHTMAP_OFF DYNAMICLIGHTMAP_OFF FOG_EXP pd=UNITY_NO_SCREENSPACE_SHADOWS UNITY_NO_LINEAR_COLORSPACE ok=1
Cmd: compileSnippet
  api=1 type=1 insize=7129 outsize=586 kw=DIRECTIONAL SHADOWS_OFF LIGHTMAP_OFF DIRLIGHTMAP_OFF DYNAMICLIGHTMAP_OFF FOG_EXP pd= ok=1
Cmd: compileSnippet
  api=1 type=1 insize=7129 outsize=1071 kw=DIRECTIONAL SHADOWS_OFF LIGHTMAP_OFF DIRLIGHTMAP_COMBINED DYNAMICLIGHTMAP_ON FOG_EXP pd= ok=1
Cmd: compileSnippet
  api=4 type=1 insize=7129 outsize=2842 kw=DIRECTIONAL SHADOWS_SCREEN LIGHTMAP_OFF DIRLIGHTMAP_OFF DYNAMICLIGHTMAP_OFF FOG_EXP pd= ok=1
Cmd: compileSnippet
  api=8 type=1 insize=7129 outsize=4371 kw=DIRECTIONAL SHADOWS_SCREEN SHADOWS_NATIVE LIGHTMAP_OFF DIRLIGHTMAP_OFF DYNAMICLIGHTMAP_OFF FOG_EXP pd=UNITY_NO_SCREENSPACE_SHADOWS UNITY_NO_LINEAR_COLORSPACE ok=1
Cmd: compileSnippet
  api=8 type=0 insize=3858 outsize=4233 kw=POINT FOG_EXP pd=UNITY_NO_SCREENSPACE_SHADOWS UNITY_NO_LINEAR_COLORSPACE ok=1
Cmd: compileSnippet
  api=8 type=0 insize=3858 outsize=4233 kw=DIRECTIONAL FOG_EXP pd=UNITY_NO_SCREENSPACE_SHADOWS UNITY_NO_LINEAR_COLORSPACE ok=1
Cmd: compileSnippet
  api=1 type=0 insize=3858 outsize=393 kw=POINT_COOKIE FOG_EXP pd= ok=1
Cmd: compileSnippet
  api=8 type=0 insize=3858 outsize=4233 kw=POINT_COOKIE FOG_EXP pd=UNITY_NO_SCREENSPACE_SHADOWS UNITY_NO_LINEAR_COLORSPACE ok=1
Cmd: compileSnippet
  api=8 type=1 insize=3858 outsize=4355 kw=POINT FOG_EXP pd=UNITY_NO_SCREENSPACE_SHADOWS UNITY_NO_LINEAR_COLORSPACE ok=1
Cmd: compileSnippet
  api=8 type=1 insize=3858 outsize=3339 kw=DIRECTIONAL FOG_EXP pd=UNITY_NO_SCREENSPACE_SHADOWS UNITY_NO_LINEAR_COLORSPACE ok=1
Cmd: compileSnippet
  api=1 type=1 insize=3858 outsize=774 kw=POINT_COOKIE FOG_EXP pd= ok=1
Cmd: compileSnippet
  api=8 type=1 insize=3858 outsize=4664 kw=POINT_COOKIE FOG_EXP pd=UNITY_NO_SCREENSPACE_SHADOWS UNITY_NO_LINEAR_COLORSPACE ok=1
Cmd: compileSnippet
  api=4 type=0 insize=6043 outsize=4296 kw=LIGHTMAP_OFF DIRLIGHTMAP_OFF DYNAMICLIGHTMAP_OFF FOG_EXP HDR_LIGHT_PREPASS_OFF pd= ok=1
Cmd: compileSnippet
  api=4 type=0 insize=6043 outsize=4394 kw=LIGHTMAP_OFF DIRLIGHTMAP_COMBINED DYNAMICLIGHTMAP_ON FOG_EXP HDR_LIGHT_PREPASS_OFF pd= ok=1
Cmd: compileSnippet
  api=8 type=0 insize=6043 outsize=6126 kw=LIGHTMAP_OFF DIRLIGHTMAP_OFF DYNAMICLIGHTMAP_OFF FOG_EXP UNITY_HDR_ON pd=UNITY_NO_SCREENSPACE_SHADOWS UNITY_NO_LINEAR_COLORSPACE ok=1
Cmd: compileSnippet
  api=1 type=1 insize=6043 outsize=397 kw=LIGHTMAP_OFF DIRLIGHTMAP_OFF DYNAMICLIGHTMAP_OFF FOG_EXP HDR_LIGHT_PREPASS_OFF pd= ok=1
Cmd: compileSnippet
  api=8 type=1 insize=6043 outsize=2511 kw=LIGHTMAP_OFF DIRLIGHTMAP_OFF DYNAMICLIGHTMAP_OFF FOG_EXP UNITY_HDR_ON pd=UNITY_NO_SCREENSPACE_SHADOWS UNITY_NO_LINEAR_COLORSPACE ok=1
Cmd: compileSnippet
  api=1 type=0 insize=70382 outsize=699 kw=DIRECTIONAL SHADOWS_OFF LIGHTMAP_OFF DIRLIGHTMAP_COMBINED DYNAMICLIGHTMAP_ON FOG_EXP pd= ok=1
Cmd: compileSnippet
  api=1 type=0 insize=70382 outsize=1306 kw=DIRECTIONAL SHADOWS_OFF LIGHTMAP_OFF DIRLIGHTMAP_OFF DYNAMICLIGHTMAP_OFF FOG_EXP VERTEXLIGHT_ON pd= ok=1
Cmd: compileSnippet
  api=4 type=0 insize=70382 outsize=3849 kw=DIRECTIONAL SHADOWS_OFF LIGHTMAP_OFF DIRLIGHTMAP_COMBINED DYNAMICLIGHTMAP_ON FOG_EXP VERTEXLIGHT_ON pd= ok=1
Cmd: compileSnippet
  api=1 type=0 insize=70382 outsize=833 kw=DIRECTIONAL SHADOWS_SCREEN LIGHTMAP_OFF DIRLIGHTMAP_COMBINED DYNAMICLIGHTMAP_ON FOG_EXP VERTEXLIGHT_ON pd= ok=1
Cmd: compileSnippet
  api=1 type=0 insize=70382 outsize=1218 kw=DIRECTIONAL SHADOWS_OFF LIGHTMAP_OFF DIRLIGHTMAP_OFF DYNAMICLIGHTMAP_OFF FOG_EXP _TERRAIN_NORMAL_MAP pd= ok=1
Cmd: compileSnippet
  api=1 type=0 insize=70382 outsize=1103 kw=DIRECTIONAL SHADOWS_OFF LIGHTMAP_OFF DIRLIGHTMAP_COMBINED DYNAMICLIGHTMAP_ON FOG_EXP _TERRAIN_NORMAL_MAP pd= ok=1
Cmd: compileSnippet
  api=1 type=0 insize=70382 outsize=1352 kw=DIRECTIONAL SHADOWS_SCREEN LIGHTMAP_OFF DIRLIGHTMAP_OFF DYNAMICLIGHTMAP_OFF FOG_EXP _TERRAIN_NORMAL_MAP pd= ok=1
Cmd: compileSnippet
  api=4 type=0 insize=70382 outsize=5499 kw=DIRECTIONAL SHADOWS_SCREEN LIGHTMAP_OFF DIRLIGHTMAP_COMBINED DYNAMICLIGHTMAP_ON FOG_EXP _TERRAIN_NORMAL_MAP pd= ok=1
Cmd: compileSnippet
  api=1 type=0 insize=70382 outsize=1103 kw=DIRECTIONAL SHADOWS_OFF LIGHTMAP_OFF DIRLIGHTMAP_COMBINED DYNAMICLIGHTMAP_ON FOG_EXP VERTEXLIGHT_ON _TERRAIN_NORMAL_MAP pd= ok=1
Cmd: compileSnippet
  api=1 type=0 insize=70382 outsize=1892 kw=DIRECTIONAL SHADOWS_SCREEN LIGHTMAP_OFF DIRLIGHTMAP_OFF DYNAMICLIGHTMAP_OFF FOG_EXP VERTEXLIGHT_ON _TERRAIN_NORMAL_MAP pd= ok=1
Cmd: compileSnippet
  api=1 type=1 insize=70382 outsize=4412 kw=DIRECTIONAL SHADOWS_OFF LIGHTMAP_OFF DIRLIGHTMAP_COMBINED DYNAMICLIGHTMAP_ON FOG_EXP pd= ok=1
Cmd: compileSnippet
  api=1 type=1 insize=70382 outsize=4492 kw=DIRECTIONAL SHADOWS_SCREEN LIGHTMAP_OFF DIRLIGHTMAP_COMBINED DYNAMICLIGHTMAP_ON FOG_EXP pd= ok=1
Cmd: compileSnippet
  api=1 type=1 insize=70382 outsize=4917 kw=DIRECTIONAL SHADOWS_OFF LIGHTMAP_OFF DIRLIGHTMAP_COMBINED DYNAMICLIGHTMAP_ON FOG_EXP _TERRAIN_NORMAL_MAP pd= ok=1
Cmd: compileSnippet
  api=4 type=1 insize=70382 outsize=13794 kw=DIRECTIONAL SHADOWS_SCREEN LIGHTMAP_OFF DIRLIGHTMAP_OFF DYNAMICLIGHTMAP_OFF FOG_EXP _TERRAIN_NORMAL_MAP pd= ok=1
Cmd: compileSnippet
  api=1 type=0 insize=46248 outsize=594 kw=POINT SHADOWS_OFF FOG_EXP pd= ok=1
Cmd: compileSnippet
  api=4 type=0 insize=46248 outsize=3565 kw=SPOT SHADOWS_OFF FOG_EXP pd= ok=1
Cmd: compileSnippet
  api=4 type=0 insize=46248 outsize=3565 kw=DIRECTIONAL_COOKIE SHADOWS_OFF FOG_EXP pd= ok=1
Cmd: compileSnippet
  api=4 type=0 insize=46248 outsize=3955 kw=DIRECTIONAL SHADOWS_SCREEN FOG_EXP pd= ok=1
Cmd: compileSnippet
  api=1 type=0 insize=46248 outsize=651 kw=POINT SHADOWS_CUBE FOG_EXP pd= ok=1
Cmd: compileSnippet
  api=1 type=0 insize=46248 outsize=651 kw=POINT_COOKIE SHADOWS_CUBE FOG_EXP pd= ok=1
Cmd: compileSnippet
  api=1 type=0 insize=46248 outsize=651 kw=POINT SHADOWS_CUBE SHADOWS_SOFT FOG_EXP pd= ok=1
Cmd: compileSnippet
  api=4 type=0 insize=46248 outsize=3784 kw=POINT_COOKIE SHADOWS_CUBE SHADOWS_SOFT FOG_EXP pd= ok=1
Cmd: compileSnippet
  api=1 type=0 insize=46248 outsize=1051 kw=DIRECTIONAL SHADOWS_OFF FOG_EXP _TERRAIN_NORMAL_MAP pd= ok=1
Cmd: compileSnippet
  api=4 type=0 insize=46248 outsize=4776 kw=SPOT SHADOWS_OFF FOG_EXP _TERRAIN_NORMAL_MAP pd= ok=1
Cmd: compileSnippet
  api=4 type=0 insize=46248 outsize=4776 kw=DIRECTIONAL_COOKIE SHADOWS_OFF FOG_EXP _TERRAIN_NORMAL_MAP pd= ok=1
Cmd: compileSnippet
  api=1 type=0 insize=46248 outsize=1185 kw=DIRECTIONAL SHADOWS_SCREEN FOG_EXP _TERRAIN_NORMAL_MAP pd= ok=1
Cmd: compileSnippet
  api=4 type=0 insize=46248 outsize=5166 kw=DIRECTIONAL_COOKIE SHADOWS_SCREEN FOG_EXP _TERRAIN_NORMAL_MAP pd= ok=1
Cmd: compileSnippet
  api=4 type=0 insize=46248 outsize=4995 kw=POINT SHADOWS_CUBE FOG_EXP _TERRAIN_NORMAL_MAP pd= ok=1
Cmd: compileSnippet
  api=1 type=0 insize=46248 outsize=1108 kw=POINT SHADOWS_CUBE SHADOWS_SOFT FOG_EXP _TERRAIN_NORMAL_MAP pd= ok=1
Cmd: compileSnippet
  api=1 type=0 insize=46248 outsize=1108 kw=POINT_COOKIE SHADOWS_CUBE SHADOWS_SOFT FOG_EXP _TERRAIN_NORMAL_MAP pd= ok=1
Cmd: compileSnippet
  api=1 type=1 insize=46248 outsize=2742 kw=POINT SHADOWS_OFF FOG_EXP pd= ok=1
Cmd: compileSnippet
  api=1 type=1 insize=46248 outsize=2792 kw=POINT_COOKIE SHADOWS_OFF FOG_EXP pd= ok=1
Cmd: compileSnippet
  api=1 type=1 insize=46248 outsize=2672 kw=DIRECTIONAL_COOKIE SHADOWS_OFF FOG_EXP pd= ok=1
Cmd: compileSnippet
  api=4 type=1 insize=46248 outsize=8944 kw=SPOT SHADOWS_DEPTH SHADOWS_NATIVE FOG_EXP pd= ok=1
Cmd: compileSnippet
  api=1 type=1 insize=46248 outsize=2741 kw=DIRECTIONAL_COOKIE SHADOWS_SCREEN FOG_EXP pd= ok=1
Cmd: compileSnippet
  api=4 type=1 insize=46248 outsize=8578 kw=POINT SHADOWS_CUBE FOG_EXP pd= ok=1
Cmd: compileSnippet
  api=1 type=1 insize=46248 outsize=3257 kw=SPOT SHADOWS_DEPTH SHADOWS_SOFT SHADOWS_NATIVE FOG_EXP pd= ok=1
Cmd: compileSnippet
  api=1 type=1 insize=46248 outsize=3316 kw=POINT_COOKIE SHADOWS_CUBE SHADOWS_SOFT FOG_EXP pd= ok=1
Cmd: compileSnippet
  api=4 type=1 insize=46248 outsize=9383 kw=POINT SHADOWS_OFF FOG_EXP _TERRAIN_NORMAL_MAP pd= ok=1
Cmd: compileSnippet
  api=1 type=1 insize=46248 outsize=3382 kw=SPOT SHADOWS_OFF FOG_EXP _TERRAIN_NORMAL_MAP pd= ok=1
Cmd: compileSnippet
  api=1 type=1 insize=46248 outsize=3167 kw=DIRECTIONAL_COOKIE SHADOWS_OFF FOG_EXP _TERRAIN_NORMAL_MAP pd= ok=1
Cmd: compileSnippet
  api=4 type=1 insize=46248 outsize=10366 kw=SPOT SHADOWS_DEPTH SHADOWS_NATIVE FOG_EXP _TERRAIN_NORMAL_MAP pd= ok=1
Cmd: compileSnippet
  api=1 type=1 insize=46248 outsize=3238 kw=DIRECTIONAL_COOKIE SHADOWS_SCREEN FOG_EXP _TERRAIN_NORMAL_MAP pd= ok=1
Cmd: compileSnippet
  api=1 type=1 insize=46248 outsize=3524 kw=POINT_COOKIE SHADOWS_CUBE FOG_EXP _TERRAIN_NORMAL_MAP pd= ok=1
Cmd: compileSnippet
  api=4 type=1 insize=46248 outsize=10975 kw=SPOT SHADOWS_DEPTH SHADOWS_SOFT SHADOWS_NATIVE FOG_EXP _TERRAIN_NORMAL_MAP pd= ok=1
Cmd: compileSnippet
  api=1 type=1 insize=46248 outsize=3792 kw=POINT_COOKIE SHADOWS_CUBE SHADOWS_SOFT FOG_EXP _TERRAIN_NORMAL_MAP pd= ok=1
Cmd: compileSnippet
  api=1 type=0 insize=70718 outsize=797 kw=DIRECTIONAL SHADOWS_OFF LIGHTMAP_OFF DIRLIGHTMAP_OFF DYNAMICLIGHTMAP_OFF FOG_EXP pd= ok=1
Cmd: compileSnippet
  api=1 type=0 insize=70718 outsize=931 kw=DIRECTIONAL SHADOWS_SCREEN LIGHTMAP_OFF DIRLIGHTMAP_OFF DYNAMICLIGHTMAP_OFF FOG_EXP pd= ok=1
Cmd: compileSnippet
  api=1 type=0 insize=70718 outsize=833 kw=DIRECTIONAL SHADOWS_SCREEN LIGHTMAP_OFF DIRLIGHTMAP_COMBINED DYNAMICLIGHTMAP_ON FOG_EXP pd= ok=1
Cmd: compileSnippet
  api=4 type=0 insize=70718 outsize=5775 kw=DIRECTIONAL SHADOWS_OFF LIGHTMAP_OFF DIRLIGHTMAP_OFF DYNAMICLIGHTMAP_OFF FOG_EXP VERTEXLIGHT_ON pd= ok=1
Cmd: compileSnippet
  api=4 type=0 insize=70718 outsize=6165 kw=DIRECTIONAL SHADOWS_SCREEN LIGHTMAP_OFF DIRLIGHTMAP_OFF DYNAMICLIGHTMAP_OFF FOG_EXP VERTEXLIGHT_ON pd= ok=1
Cmd: compileSnippet
  api=1 type=0 insize=70718 outsize=1103 kw=DIRECTIONAL SHADOWS_OFF LIGHTMAP_OFF DIRLIGHTMAP_COMBINED DYNAMICLIGHTMAP_ON FOG_EXP _TERRAIN_NORMAL_MAP pd= ok=1
Cmd: compileSnippet
  api=1 type=0 insize=70718 outsize=1352 kw=DIRECTIONAL SHADOWS_SCREEN LIGHTMAP_OFF DIRLIGHTMAP_OFF DYNAMICLIGHTMAP_OFF FOG_EXP _TERRAIN_NORMAL_MAP pd= ok=1
Cmd: compileSnippet
  api=4 type=0 insize=70718 outsize=5499 kw=DIRECTIONAL SHADOWS_SCREEN LIGHTMAP_OFF DIRLIGHTMAP_COMBINED DYNAMICLIGHTMAP_ON FOG_EXP _TERRAIN_NORMAL_MAP pd= ok=1
Cmd: compileSnippet
  api=1 type=0 insize=70718 outsize=1103 kw=DIRECTIONAL SHADOWS_OFF LIGHTMAP_OFF DIRLIGHTMAP_COMBINED DYNAMICLIGHTMAP_ON FOG_EXP VERTEXLIGHT_ON _TERRAIN_NORMAL_MAP pd= ok=1
Cmd: compileSnippet
  api=1 type=0 insize=70718 outsize=1892 kw=DIRECTIONAL SHADOWS_SCREEN LIGHTMAP_OFF DIRLIGHTMAP_OFF DYNAMICLIGHTMAP_OFF FOG_EXP VERTEXLIGHT_ON _TERRAIN_NORMAL_MAP pd= ok=1
Cmd: compileSnippet
  api=4 type=0 insize=70718 outsize=5499 kw=DIRECTIONAL SHADOWS_SCREEN LIGHTMAP_OFF DIRLIGHTMAP_COMBINED DYNAMICLIGHTMAP_ON FOG_EXP VERTEXLIGHT_ON _TERRAIN_NORMAL_MAP pd= ok=1
Cmd: compileSnippet
  api=1 type=1 insize=70718 outsize=4248 kw=DIRECTIONAL SHADOWS_OFF LIGHTMAP_OFF DIRLIGHTMAP_OFF DYNAMICLIGHTMAP_OFF FOG_EXP pd= ok=1
Cmd: compileSnippet
  api=4 type=1 insize=70718 outsize=12381 kw=DIRECTIONAL SHADOWS_SCREEN LIGHTMAP_OFF DIRLIGHTMAP_OFF DYNAMICLIGHTMAP_OFF FOG_EXP pd= ok=1
Cmd: compileSnippet
  api=4 type=1 insize=70718 outsize=12811 kw=DIRECTIONAL SHADOWS_SCREEN LIGHTMAP_OFF DIRLIGHTMAP_COMBINED DYNAMICLIGHTMAP_ON FOG_EXP pd= ok=1
Cmd: compileSnippet
  api=4 type=1 insize=70718 outsize=13534 kw=DIRECTIONAL SHADOWS_OFF LIGHTMAP_OFF DIRLIGHTMAP_OFF DYNAMICLIGHTMAP_OFF FOG_EXP _TERRAIN_NORMAL_MAP pd= ok=1
Cmd: compileSnippet
  api=1 type=1 insize=70718 outsize=4809 kw=DIRECTIONAL SHADOWS_SCREEN LIGHTMAP_OFF DIRLIGHTMAP_OFF DYNAMICLIGHTMAP_OFF FOG_EXP _TERRAIN_NORMAL_MAP pd= ok=1
Cmd: compileSnippet
  api=4 type=1 insize=70718 outsize=14314 kw=DIRECTIONAL SHADOWS_SCREEN LIGHTMAP_OFF DIRLIGHTMAP_COMBINED DYNAMICLIGHTMAP_ON FOG_EXP _TERRAIN_NORMAL_MAP pd= ok=1
Cmd: compileSnippet
  api=1 type=0 insize=46584 outsize=594 kw=DIRECTIONAL SHADOWS_OFF FOG_EXP pd= ok=1
Cmd: compileSnippet
  api=1 type=0 insize=46584 outsize=594 kw=SPOT SHADOWS_OFF FOG_EXP pd= ok=1
Cmd: compileSnippet
  api=4 type=0 insize=46584 outsize=3565 kw=POINT_COOKIE SHADOWS_OFF FOG_EXP pd= ok=1
Cmd: compileSnippet
  api=1 type=0 insize=46584 outsize=716 kw=SPOT SHADOWS_DEPTH SHADOWS_NATIVE FOG_EXP pd= ok=1
Cmd: compileSnippet
  api=4 type=0 insize=46584 outsize=3955 kw=DIRECTIONAL SHADOWS_SCREEN FOG_EXP pd= ok=1
Cmd: compileSnippet
  api=1 type=0 insize=46584 outsize=651 kw=POINT SHADOWS_CUBE FOG_EXP pd= ok=1
Cmd: compileSnippet
  api=4 type=0 insize=46584 outsize=3784 kw=POINT SHADOWS_CUBE FOG_EXP pd= ok=1
Cmd: compileSnippet
  api=4 type=0 insize=46584 outsize=4288 kw=SPOT SHADOWS_DEPTH SHADOWS_SOFT SHADOWS_NATIVE FOG_EXP pd= ok=1
Cmd: compileSnippet
  api=4 type=0 insize=46584 outsize=3784 kw=POINT_COOKIE SHADOWS_CUBE SHADOWS_SOFT FOG_EXP pd= ok=1
Cmd: compileSnippet
  api=1 type=0 insize=46584 outsize=1051 kw=POINT SHADOWS_OFF FOG_EXP _TERRAIN_NORMAL_MAP pd= ok=1
Cmd: compileSnippet
  api=4 type=0 insize=46584 outsize=4776 kw=DIRECTIONAL SHADOWS_OFF FOG_EXP _TERRAIN_NORMAL_MAP pd= ok=1
Cmd: compileSnippet
  api=1 type=0 insize=46584 outsize=1174 kw=SPOT SHADOWS_DEPTH SHADOWS_NATIVE FOG_EXP _TERRAIN_NORMAL_MAP pd= ok=1
Cmd: compileSnippet
  api=4 type=0 insize=46584 outsize=5166 kw=DIRECTIONAL SHADOWS_SCREEN FOG_EXP _TERRAIN_NORMAL_MAP pd= ok=1
Cmd: compileSnippet
  api=4 type=0 insize=46584 outsize=4995 kw=POINT SHADOWS_CUBE FOG_EXP _TERRAIN_NORMAL_MAP pd= ok=1
Cmd: compileSnippet
  api=4 type=0 insize=46584 outsize=4995 kw=POINT_COOKIE SHADOWS_CUBE FOG_EXP _TERRAIN_NORMAL_MAP pd= ok=1
Cmd: compileSnippet
  api=1 type=0 insize=46584 outsize=1108 kw=POINT_COOKIE SHADOWS_CUBE SHADOWS_SOFT FOG_EXP _TERRAIN_NORMAL_MAP pd= ok=1
Cmd: compileSnippet
  api=1 type=1 insize=46584 outsize=2601 kw=DIRECTIONAL SHADOWS_OFF FOG_EXP pd= ok=1
Cmd: compileSnippet
  api=1 type=1 insize=46584 outsize=2954 kw=SPOT SHADOWS_OFF FOG_EXP pd= ok=1
Cmd: compileSnippet
  api=4 type=1 insize=46584 outsize=8204 kw=POINT_COOKIE SHADOWS_OFF FOG_EXP pd= ok=1
Cmd: compileSnippet
  api=1 type=1 insize=46584 outsize=3057 kw=SPOT SHADOWS_DEPTH SHADOWS_NATIVE FOG_EXP pd= ok=1
Cmd: compileSnippet
  api=4 type=1 insize=46584 outsize=7684 kw=DIRECTIONAL SHADOWS_SCREEN FOG_EXP pd= ok=1
Cmd: compileSnippet
  api=1 type=1 insize=46584 outsize=3014 kw=POINT SHADOWS_CUBE FOG_EXP pd= ok=1
Cmd: compileSnippet
  api=4 type=1 insize=46584 outsize=8944 kw=POINT_COOKIE SHADOWS_CUBE FOG_EXP pd= ok=1
Cmd: compileSnippet
  api=1 type=1 insize=46584 outsize=3297 kw=POINT SHADOWS_CUBE SHADOWS_SOFT FOG_EXP pd= ok=1
Cmd: compileSnippet
  api=4 type=1 insize=46584 outsize=9716 kw=POINT_COOKIE SHADOWS_CUBE SHADOWS_SOFT FOG_EXP pd= ok=1
Cmd: compileSnippet
  api=4 type=1 insize=46584 outsize=9472 kw=POINT SHADOWS_OFF FOG_EXP _TERRAIN_NORMAL_MAP pd= ok=1
Cmd: compileSnippet
  api=4 type=1 insize=46584 outsize=8708 kw=DIRECTIONAL SHADOWS_OFF FOG_EXP _TERRAIN_NORMAL_MAP pd= ok=1
Cmd: compileSnippet
  api=1 type=1 insize=46584 outsize=3335 kw=POINT_COOKIE SHADOWS_OFF FOG_EXP _TERRAIN_NORMAL_MAP pd= ok=1
Cmd: compileSnippet
  api=4 type=1 insize=46584 outsize=9179 kw=DIRECTIONAL_COOKIE SHADOWS_OFF FOG_EXP _TERRAIN_NORMAL_MAP pd= ok=1
Cmd: compileSnippet
  api=1 type=1 insize=46584 outsize=3154 kw=DIRECTIONAL SHADOWS_SCREEN FOG_EXP _TERRAIN_NORMAL_MAP pd= ok=1
Cmd: compileSnippet
  api=4 type=1 insize=46584 outsize=9496 kw=DIRECTIONAL_COOKIE SHADOWS_SCREEN FOG_EXP _TERRAIN_NORMAL_MAP pd= ok=1
Cmd: compileSnippet
  api=1 type=1 insize=46584 outsize=3570 kw=POINT_COOKIE SHADOWS_CUBE FOG_EXP _TERRAIN_NORMAL_MAP pd= ok=1
Cmd: compileSnippet
  api=4 type=1 insize=46584 outsize=11097 kw=SPOT SHADOWS_DEPTH SHADOWS_SOFT SHADOWS_NATIVE FOG_EXP _TERRAIN_NORMAL_MAP pd= ok=1
Cmd: compileSnippet
  api=1 type=1 insize=46584 outsize=3798 kw=POINT_COOKIE SHADOWS_CUBE SHADOWS_SOFT FOG_EXP _TERRAIN_NORMAL_MAP pd= ok=1
Cmd: compileSnippet
  api=4 type=0 insize=7364 outsize=3663 kw=DIRECTIONAL SHADOWS_OFF LIGHTMAP_OFF DIRLIGHTMAP_OFF DYNAMICLIGHTMAP_OFF FOG_EXP pd= ok=1
Cmd: compileSnippet
  api=4 type=0 insize=7364 outsize=4069 kw=DIRECTIONAL SHADOWS_SCREEN LIGHTMAP_OFF DIRLIGHTMAP_OFF DYNAMICLIGHTMAP_OFF FOG_EXP pd= ok=1
Cmd: compileSnippet
  api=1 type=0 insize=7364 outsize=1164 kw=DIRECTIONAL SHADOWS_OFF LIGHTMAP_OFF DIRLIGHTMAP_OFF DYNAMICLIGHTMAP_OFF FOG_EXP VERTEXLIGHT_ON pd= ok=1
Cmd: compileSnippet
  api=1 type=0 insize=7364 outsize=1298 kw=DIRECTIONAL SHADOWS_SCREEN LIGHTMAP_OFF DIRLIGHTMAP_OFF DYNAMICLIGHTMAP_OFF FOG_EXP VERTEXLIGHT_ON pd= ok=1
Cmd: compileSnippet
  api=1 type=1 insize=7364 outsize=3631 kw=DIRECTIONAL SHADOWS_OFF LIGHTMAP_OFF DIRLIGHTMAP_OFF DYNAMICLIGHTMAP_OFF FOG_EXP pd= ok=1
Cmd: compileSnippet
  api=4 type=1 insize=7364 outsize=10902 kw=DIRECTIONAL SHADOWS_SCREEN LIGHTMAP_OFF DIRLIGHTMAP_OFF DYNAMICLIGHTMAP_OFF FOG_EXP pd= ok=1
Cmd: compileSnippet
  api=4 type=1 insize=7364 outsize=11333 kw=DIRECTIONAL SHADOWS_SCREEN LIGHTMAP_OFF DIRLIGHTMAP_COMBINED DYNAMICLIGHTMAP_ON FOG_EXP pd= ok=1
Cmd: compileSnippet
  api=1 type=0 insize=4107 outsize=452 kw=POINT SHADOWS_OFF FOG_EXP pd= ok=1
Cmd: compileSnippet
  api=1 type=0 insize=4107 outsize=452 kw=SPOT SHADOWS_OFF FOG_EXP pd= ok=1
Cmd: compileSnippet
  api=1 type=0 insize=4107 outsize=452 kw=POINT_COOKIE SHADOWS_OFF FOG_EXP pd= ok=1
Cmd: compileSnippet
  api=4 type=0 insize=4107 outsize=2907 kw=DIRECTIONAL_COOKIE SHADOWS_OFF FOG_EXP pd= ok=1
Cmd: compileSnippet
  api=4 type=0 insize=4107 outsize=3313 kw=DIRECTIONAL SHADOWS_SCREEN FOG_EXP pd= ok=1
Cmd: compileSnippet
  api=1 type=0 insize=4107 outsize=509 kw=POINT SHADOWS_CUBE FOG_EXP pd= ok=1
Cmd: compileSnippet
  api=4 type=0 insize=4107 outsize=3126 kw=POINT_COOKIE SHADOWS_CUBE FOG_EXP pd= ok=1
Cmd: compileSnippet
  api=1 type=0 insize=4107 outsize=509 kw=POINT SHADOWS_CUBE SHADOWS_SOFT FOG_EXP pd= ok=1
Cmd: compileSnippet
  api=4 type=0 insize=4107 outsize=3126 kw=POINT_COOKIE SHADOWS_CUBE SHADOWS_SOFT FOG_EXP pd= ok=1
Cmd: compileSnippet
  api=1 type=1 insize=4107 outsize=2013 kw=DIRECTIONAL SHADOWS_OFF FOG_EXP pd= ok=1
Cmd: compileSnippet
  api=1 type=1 insize=4107 outsize=2353 kw=SPOT SHADOWS_OFF FOG_EXP pd= ok=1
Cmd: compileSnippet
  api=1 type=1 insize=4107 outsize=2141 kw=DIRECTIONAL_COOKIE SHADOWS_OFF FOG_EXP pd= ok=1
Cmd: compileSnippet
  api=4 type=1 insize=4107 outsize=7546 kw=SPOT SHADOWS_DEPTH SHADOWS_NATIVE FOG_EXP pd= ok=1
Cmd: compileSnippet
  api=1 type=1 insize=4107 outsize=2210 kw=DIRECTIONAL_COOKIE SHADOWS_SCREEN FOG_EXP pd= ok=1
Cmd: compileSnippet
  api=1 type=1 insize=4107 outsize=2558 kw=POINT_COOKIE SHADOWS_CUBE FOG_EXP pd= ok=1
Cmd: compileSnippet
  api=1 type=1 insize=4107 outsize=2755 kw=SPOT SHADOWS_DEPTH SHADOWS_SOFT SHADOWS_NATIVE FOG_EXP pd= ok=1
Cmd: compileSnippet
  api=4 type=1 insize=4107 outsize=7953 kw=POINT SHADOWS_CUBE SHADOWS_SOFT FOG_EXP pd= ok=1
Cmd: compileSnippet
  api=4 type=0 insize=4597 outsize=4410 kw=FOG_EXP pd= ok=1
Cmd: compileSnippet
  api=1 type=0 insize=4597 outsize=1402 kw=POINT FOG_EXP pd= ok=1
Cmd: compileSnippet
  api=4 type=0 insize=4597 outsize=5515 kw=SPOT FOG_EXP pd= ok=1
Cmd: compileSnippet
  api=8 type=0 insize=4597 outsize=8353 kw=SPOT FOG_EXP pd=UNITY_NO_SCREENSPACE_SHADOWS UNITY_NO_LINEAR_COLORSPACE ok=1
Cmd: compileSnippet
  api=4 type=1 insize=4597 outsize=1241 kw=FOG_EXP pd= ok=1
Cmd: compileSnippet
  api=4 type=1 insize=4597 outsize=1241 kw=POINT FOG_EXP pd= ok=1
Cmd: compileSnippet
  api=1 type=1 insize=4597 outsize=212 kw=SPOT FOG_EXP pd= ok=1
Cmd: compileSnippet
  api=8 type=1 insize=4597 outsize=1739 kw=SPOT FOG_EXP pd=UNITY_NO_SCREENSPACE_SHADOWS UNITY_NO_LINEAR_COLORSPACE ok=1
Cmd: compileSnippet
  api=8 type=0 insize=1807 outsize=3136 kw=FOG_EXP pd=UNITY_NO_SCREENSPACE_SHADOWS UNITY_NO_LINEAR_COLORSPACE ok=1
Cmd: compileSnippet
  api=8 type=1 insize=1807 outsize=2031 kw=FOG_EXP pd=UNITY_NO_SCREENSPACE_SHADOWS UNITY_NO_LINEAR_COLORSPACE ok=1
Cmd: compileSnippet
  api=4 type=0 insize=2082 outsize=2314 kw=FOG_EXP pd= ok=1
Cmd: compileSnippet
  api=4 type=1 insize=2082 outsize=1550 kw=FOG_EXP pd= ok=1
Cmd: compileSnippet
  api=8 type=0 insize=6924 outsize=5574 kw=DIRECTIONAL SHADOWS_OFF LIGHTMAP_OFF DIRLIGHTMAP_OFF DYNAMICLIGHTMAP_OFF FOG_EXP pd=UNITY_NO_SCREENSPACE_SHADOWS UNITY_NO_LINEAR_COLORSPACE ok=1
Cmd: compileSnippet
  api=1 type=0 insize=6924 outsize=747 kw=DIRECTIONAL SHADOWS_SCREEN LIGHTMAP_OFF DIRLIGHTMAP_OFF DYNAMICLIGHTMAP_OFF FOG_EXP pd= ok=1
Cmd: compileSnippet
  api=4 type=0 insize=6924 outsize=3598 kw=DIRECTIONAL SHADOWS_SCREEN LIGHTMAP_OFF DIRLIGHTMAP_COMBINED DYNAMICLIGHTMAP_ON FOG_EXP pd= ok=1
Cmd: compileSnippet
  api=8 type=0 insize=6924 outsize=7946 kw=DIRECTIONAL SHADOWS_OFF LIGHTMAP_OFF DIRLIGHTMAP_OFF DYNAMICLIGHTMAP_OFF FOG_EXP VERTEXLIGHT_ON pd=UNITY_NO_SCREENSPACE_SHADOWS UNITY_NO_LINEAR_COLORSPACE ok=1
Cmd: compileSnippet
  api=1 type=0 insize=6924 outsize=691 kw=DIRECTIONAL SHADOWS_SCREEN LIGHTMAP_OFF DIRLIGHTMAP_COMBINED DYNAMICLIGHTMAP_ON FOG_EXP VERTEXLIGHT_ON pd= ok=1
Cmd: compileSnippet
  api=8 type=0 insize=6924 outsize=6630 kw=DIRECTIONAL SHADOWS_SCREEN SHADOWS_NATIVE LIGHTMAP_OFF DIRLIGHTMAP_OFF DYNAMICLIGHTMAP_OFF FOG_EXP pd=UNITY_NO_SCREENSPACE_SHADOWS UNITY_NO_LINEAR_COLORSPACE ok=1
Cmd: compileSnippet
  api=1 type=1 insize=6924 outsize=319 kw=DIRECTIONAL SHADOWS_OFF LIGHTMAP_OFF DIRLIGHTMAP_OFF DYNAMICLIGHTMAP_OFF FOG_EXP pd= ok=1
Cmd: compileSnippet
  api=1 type=1 insize=6924 outsize=772 kw=DIRECTIONAL SHADOWS_OFF LIGHTMAP_OFF DIRLIGHTMAP_COMBINED DYNAMICLIGHTMAP_ON FOG_EXP pd= ok=1
Cmd: compileSnippet
  api=4 type=1 insize=6924 outsize=1932 kw=DIRECTIONAL SHADOWS_SCREEN LIGHTMAP_OFF DIRLIGHTMAP_OFF DYNAMICLIGHTMAP_OFF FOG_EXP pd= ok=1
Cmd: compileSnippet
  api=4 type=1 insize=6924 outsize=2874 kw=DIRECTIONAL SHADOWS_SCREEN LIGHTMAP_OFF DIRLIGHTMAP_COMBINED DYNAMICLIGHTMAP_ON FOG_EXP pd= ok=1
Cmd: compileSnippet
  api=8 type=0 insize=3695 outsize=4233 kw=POINT FOG_EXP pd=UNITY_NO_SCREENSPACE_SHADOWS UNITY_NO_LINEAR_COLORSPACE ok=1
Cmd: compileSnippet
  api=8 type=0 insize=3695 outsize=4233 kw=DIRECTIONAL FOG_EXP pd=UNITY_NO_SCREENSPACE_SHADOWS UNITY_NO_LINEAR_COLORSPACE ok=1
Cmd: compileSnippet
  api=1 type=0 insize=3695 outsize=393 kw=POINT_COOKIE FOG_EXP pd= ok=1
Cmd: compileSnippet
  api=8 type=0 insize=3695 outsize=4233 kw=POINT_COOKIE FOG_EXP pd=UNITY_NO_SCREENSPACE_SHADOWS UNITY_NO_LINEAR_COLORSPACE ok=1
Cmd: compileSnippet
  api=8 type=1 insize=3695 outsize=3104 kw=POINT FOG_EXP pd=UNITY_NO_SCREENSPACE_SHADOWS UNITY_NO_LINEAR_COLORSPACE ok=1
Cmd: compileSnippet
  api=1 type=1 insize=3695 outsize=631 kw=SPOT FOG_EXP pd= ok=1
Cmd: compileSnippet
  api=1 type=1 insize=3695 outsize=530 kw=POINT_COOKIE FOG_EXP pd= ok=1
Cmd: compileSnippet
  api=4 type=1 insize=3695 outsize=2306 kw=POINT_COOKIE FOG_EXP pd= ok=1
Cmd: compileSnippet
  api=1 type=1 insize=3695 outsize=407 kw=DIRECTIONAL_COOKIE FOG_EXP pd= ok=1
Cmd: compileSnippet
  api=8 type=1 insize=3695 outsize=2738 kw=DIRECTIONAL_COOKIE FOG_EXP pd=UNITY_NO_SCREENSPACE_SHADOWS UNITY_NO_LINEAR_COLORSPACE ok=1
Cmd: compileSnippet
  api=4 type=0 insize=5962 outsize=4296 kw=LIGHTMAP_OFF DIRLIGHTMAP_OFF DYNAMICLIGHTMAP_OFF FOG_EXP HDR_LIGHT_PREPASS_OFF pd= ok=1
Cmd: compileSnippet
  api=4 type=0 insize=5962 outsize=4394 kw=LIGHTMAP_OFF DIRLIGHTMAP_COMBINED DYNAMICLIGHTMAP_ON FOG_EXP HDR_LIGHT_PREPASS_OFF pd= ok=1
Cmd: compileSnippet
  api=8 type=0 insize=5962 outsize=6126 kw=LIGHTMAP_OFF DIRLIGHTMAP_OFF DYNAMICLIGHTMAP_OFF FOG_EXP UNITY_HDR_ON pd=UNITY_NO_SCREENSPACE_SHADOWS UNITY_NO_LINEAR_COLORSPACE ok=1
Cmd: compileSnippet
  api=1 type=1 insize=5962 outsize=325 kw=LIGHTMAP_OFF DIRLIGHTMAP_OFF DYNAMICLIGHTMAP_OFF FOG_EXP HDR_LIGHT_PREPASS_OFF pd= ok=1
Cmd: compileSnippet
  api=1 type=1 insize=5962 outsize=630 kw=LIGHTMAP_OFF DIRLIGHTMAP_COMBINED DYNAMICLIGHTMAP_ON FOG_EXP HDR_LIGHT_PREPASS_OFF pd= ok=1
Cmd: compileSnippet
  api=4 type=1 insize=5962 outsize=1574 kw=LIGHTMAP_OFF DIRLIGHTMAP_OFF DYNAMICLIGHTMAP_OFF FOG_EXP UNITY_HDR_ON pd= ok=1
Cmd: compileSnippet
  api=4 type=1 insize=5962 outsize=2184 kw=LIGHTMAP_OFF DIRLIGHTMAP_COMBINED DYNAMICLIGHTMAP_ON FOG_EXP UNITY_HDR_ON pd= ok=1
Unhandled exception: Readfile from pipe failed. GLE=Denna pipe har avslutats.


Quitting shader compiler process
